-------------------------------------------------------------------------------
Test set: example.NetworkUtilsTest
-------------------------------------------------------------------------------
Tests run: 29, Failures: 13, Errors: 1, Skipped: 0, Time elapsed: 22.66 s <<< FAILURE! -- in example.NetworkUtilsTest
example.NetworkUtilsTest.testEmptyIp -- Time elapsed: 0.850 s <<< FAILURE!
java.lang.AssertionError: 

Expecting code to raise a throwable.
	at example.NetworkUtilsTest.testEmptyIp(NetworkUtilsTest.java:122)

example.NetworkUtilsTest.testEmptyNetwork -- Time elapsed: 0.286 s <<< FAILURE!
java.lang.AssertionError: 

Expecting code to raise a throwable.
	at example.NetworkUtilsTest.testEmptyNetwork(NetworkUtilsTest.java:135)
	Suppressed: org.neo4j.driver.exceptions.ClientException: Failed to invoke function `example.ipBelongsToNetwork`: Caused by: java.lang.RuntimeException: Invalid IP or network format: Range [0, -1) out of bounds for length 0
		at org.neo4j.driver.internal.util.Futures.blockingGet(Futures.java:63)
		at org.neo4j.driver.internal.InternalSession.lambda$close$3(InternalSession.java:90)
		at org.neo4j.driver.internal.observation.util.ObservationUtil.observe(ObservationUtil.java:40)
		at org.neo4j.driver.internal.InternalSession.close(InternalSession.java:88)
		at example.NetworkUtilsTest.testEmptyNetwork(NetworkUtilsTest.java:132)
		Suppressed: org.neo4j.driver.internal.util.ErrorUtil$InternalExceptionCause
			at org.neo4j.driver.internal.adaptedbolt.ErrorMapper.mapToNeo4jException(ErrorMapper.java:224)
			at org.neo4j.driver.internal.adaptedbolt.ErrorMapper.mapBoltFailureException(ErrorMapper.java:141)
			at org.neo4j.driver.internal.adaptedbolt.ErrorMapper.map(ErrorMapper.java:81)
			at org.neo4j.driver.internal.adaptedbolt.AdaptingDriverResponseHandler.onError(AdaptingDriverResponseHandler.java:68)
			at org.neo4j.bolt.connection.pooled.impl.PooledBoltConnection$PooledResponseHandler.onError(PooledBoltConnection.java:204)
			at org.neo4j.bolt.connection.netty.impl.BoltConnectionImpl$ResponseHandleImpl.lambda$onError$1(BoltConnectionImpl.java:676)
			at org.neo4j.bolt.connection.netty.impl.BoltConnectionImpl$ResponseHandleImpl.runIgnoringError(BoltConnectionImpl.java:808)
			at org.neo4j.bolt.connection.netty.impl.BoltConnectionImpl$ResponseHandleImpl.onError(BoltConnectionImpl.java:676)
			at org.neo4j.bolt.connection.netty.impl.BoltConnectionImpl$5.onError(BoltConnectionImpl.java:364)
			at org.neo4j.bolt.connection.netty.impl.messaging.v4.BoltProtocolV4$2.onError(BoltProtocolV4.java:205)
			at org.neo4j.bolt.connection.netty.impl.handlers.PullResponseHandlerImpl.onFailure(PullResponseHandlerImpl.java:46)
			at org.neo4j.bolt.connection.netty.impl.async.inbound.InboundMessageDispatcher.handleFailureMessage(InboundMessageDispatcher.java:108)
			at org.neo4j.bolt.connection.netty.impl.messaging.v57.MessageReaderV57.unpackFailureMessage(MessageReaderV57.java:46)
			at org.neo4j.bolt.connection.netty.impl.messaging.common.CommonMessageReader.read(CommonMessageReader.java:53)
			at org.neo4j.bolt.connection.netty.impl.async.inbound.InboundMessageHandler.channelRead0(InboundMessageHandler.java:81)
			at org.neo4j.bolt.connection.netty.impl.async.inbound.InboundMessageHandler.channelRead0(InboundMessageHandler.java:34)
			at io.netty.channel.SimpleChannelInboundHandler.channelRead(SimpleChannelInboundHandler.java:99)
			at io.netty.channel.AbstractChannelHandlerContext.fireChannelRead(AbstractChannelHandlerContext.java:356)
			at io.netty.handler.codec.ByteToMessageDecoder.fireChannelRead(ByteToMessageDecoder.java:346)
			at io.netty.handler.codec.ByteToMessageDecoder.channelRead(ByteToMessageDecoder.java:318)
			at org.neo4j.bolt.connection.netty.impl.async.inbound.MessageDecoder.channelRead(MessageDecoder.java:40)
			at io.netty.channel.AbstractChannelHandlerContext.fireChannelRead(AbstractChannelHandlerContext.java:356)
			at io.netty.handler.codec.ByteToMessageDecoder.fireChannelRead(ByteToMessageDecoder.java:346)
			at io.netty.handler.codec.ByteToMessageDecoder.channelRead(ByteToMessageDecoder.java:318)
			at io.netty.channel.AbstractChannelHandlerContext.fireChannelRead(AbstractChannelHandlerContext.java:356)
			at io.netty.handler.timeout.IdleStateHandler.channelRead(IdleStateHandler.java:293)
			at io.netty.channel.AbstractChannelHandlerContext.fireChannelRead(AbstractChannelHandlerContext.java:354)
			at io.netty.channel.DefaultChannelPipeline$HeadContext.channelRead(DefaultChannelPipeline.java:1429)
			at io.netty.channel.DefaultChannelPipeline.fireChannelRead(DefaultChannelPipeline.java:918)
			at io.netty.channel.nio.AbstractNioByteChannel$NioByteUnsafe.read(AbstractNioByteChannel.java:167)
			at io.netty.channel.nio.AbstractNioChannel$AbstractNioUnsafe.handle(AbstractNioChannel.java:445)
			at io.netty.channel.nio.NioIoHandler$DefaultNioRegistration.handle(NioIoHandler.java:381)
			at io.netty.channel.nio.NioIoHandler.processSelectedKey(NioIoHandler.java:587)
			at io.netty.channel.nio.NioIoHandler.processSelectedKeysOptimized(NioIoHandler.java:562)
			at io.netty.channel.nio.NioIoHandler.processSelectedKeys(NioIoHandler.java:503)
			at io.netty.channel.nio.NioIoHandler.run(NioIoHandler.java:475)
			at io.netty.channel.SingleThreadIoEventLoop.runIo(SingleThreadIoEventLoop.java:225)
			at io.netty.channel.SingleThreadIoEventLoop.run(SingleThreadIoEventLoop.java:196)
			at io.netty.util.concurrent.SingleThreadEventExecutor$5.run(SingleThreadEventExecutor.java:1193)
			at io.netty.util.internal.ThreadExecutorMap$2.run(ThreadExecutorMap.java:74)
			at io.netty.util.concurrent.FastThreadLocalRunnable.run(FastThreadLocalRunnable.java:30)
			at java.base/java.lang.Thread.run(Thread.java:1583)
	Caused by: org.neo4j.driver.exceptions.Neo4jException: 53U00: Execution of the function example.ipBelongsToNetwork() failed due to java.lang.RuntimeException: Invalid IP or network format: Range [0, -1) out of bounds for length 0.
		at org.neo4j.driver.internal.adaptedbolt.ErrorMapper.mapGqlCause(ErrorMapper.java:179)
		at java.base/java.util.Optional.map(Optional.java:260)
		at org.neo4j.driver.internal.adaptedbolt.ErrorMapper.mapBoltFailureException(ErrorMapper.java:122)
		at org.neo4j.driver.internal.adaptedbolt.ErrorMapper.map(ErrorMapper.java:81)
		at org.neo4j.driver.internal.adaptedbolt.AdaptingDriverResponseHandler.onError(AdaptingDriverResponseHandler.java:68)
		at org.neo4j.bolt.connection.pooled.impl.PooledBoltConnection$PooledResponseHandler.onError(PooledBoltConnection.java:204)
		at org.neo4j.bolt.connection.netty.impl.BoltConnectionImpl$ResponseHandleImpl.lambda$onError$1(BoltConnectionImpl.java:676)
		at org.neo4j.bolt.connection.netty.impl.BoltConnectionImpl$ResponseHandleImpl.runIgnoringError(BoltConnectionImpl.java:808)
		at org.neo4j.bolt.connection.netty.impl.BoltConnectionImpl$ResponseHandleImpl.onError(BoltConnectionImpl.java:676)
		at org.neo4j.bolt.connection.netty.impl.BoltConnectionImpl$5.onError(BoltConnectionImpl.java:364)
		at org.neo4j.bolt.connection.netty.impl.messaging.v4.BoltProtocolV4$2.onError(BoltProtocolV4.java:205)
		at org.neo4j.bolt.connection.netty.impl.handlers.PullResponseHandlerImpl.onFailure(PullResponseHandlerImpl.java:46)
		at org.neo4j.bolt.connection.netty.impl.async.inbound.InboundMessageDispatcher.handleFailureMessage(InboundMessageDispatcher.java:108)
		at org.neo4j.bolt.connection.netty.impl.messaging.v57.MessageReaderV57.unpackFailureMessage(MessageReaderV57.java:46)
		at org.neo4j.bolt.connection.netty.impl.messaging.common.CommonMessageReader.read(CommonMessageReader.java:53)
		at org.neo4j.bolt.connection.netty.impl.async.inbound.InboundMessageHandler.channelRead0(InboundMessageHandler.java:81)
		at org.neo4j.bolt.connection.netty.impl.async.inbound.InboundMessageHandler.channelRead0(InboundMessageHandler.java:34)
		at io.netty.channel.SimpleChannelInboundHandler.channelRead(SimpleChannelInboundHandler.java:99)
		at io.netty.channel.AbstractChannelHandlerContext.fireChannelRead(AbstractChannelHandlerContext.java:356)
		at io.netty.handler.codec.ByteToMessageDecoder.fireChannelRead(ByteToMessageDecoder.java:346)
		at io.netty.handler.codec.ByteToMessageDecoder.channelRead(ByteToMessageDecoder.java:318)
		at org.neo4j.bolt.connection.netty.impl.async.inbound.MessageDecoder.channelRead(MessageDecoder.java:40)
		at io.netty.channel.AbstractChannelHandlerContext.fireChannelRead(AbstractChannelHandlerContext.java:356)
		at io.netty.handler.codec.ByteToMessageDecoder.fireChannelRead(ByteToMessageDecoder.java:346)
		at io.netty.handler.codec.ByteToMessageDecoder.channelRead(ByteToMessageDecoder.java:318)
		at io.netty.channel.AbstractChannelHandlerContext.fireChannelRead(AbstractChannelHandlerContext.java:356)
		at io.netty.handler.timeout.IdleStateHandler.channelRead(IdleStateHandler.java:293)
		at io.netty.channel.AbstractChannelHandlerContext.fireChannelRead(AbstractChannelHandlerContext.java:354)
		at io.netty.channel.DefaultChannelPipeline$HeadContext.channelRead(DefaultChannelPipeline.java:1429)
		at io.netty.channel.DefaultChannelPipeline.fireChannelRead(DefaultChannelPipeline.java:918)
		at io.netty.channel.nio.AbstractNioByteChannel$NioByteUnsafe.read(AbstractNioByteChannel.java:167)
		at io.netty.channel.nio.AbstractNioChannel$AbstractNioUnsafe.handle(AbstractNioChannel.java:445)
		at io.netty.channel.nio.NioIoHandler$DefaultNioRegistration.handle(NioIoHandler.java:381)
		at io.netty.channel.nio.NioIoHandler.processSelectedKey(NioIoHandler.java:587)
		at io.netty.channel.nio.NioIoHandler.processSelectedKeysOptimized(NioIoHandler.java:562)
		at io.netty.channel.nio.NioIoHandler.processSelectedKeys(NioIoHandler.java:503)
		at io.netty.channel.nio.NioIoHandler.run(NioIoHandler.java:475)
		at io.netty.channel.SingleThreadIoEventLoop.runIo(SingleThreadIoEventLoop.java:225)
		at io.netty.channel.SingleThreadIoEventLoop.run(SingleThreadIoEventLoop.java:196)
		at io.netty.util.concurrent.SingleThreadEventExecutor$5.run(SingleThreadEventExecutor.java:1193)
		at io.netty.util.internal.ThreadExecutorMap$2.run(ThreadExecutorMap.java:74)
		at io.netty.util.concurrent.FastThreadLocalRunnable.run(FastThreadLocalRunnable.java:30)
		at java.base/java.lang.Thread.run(Thread.java:1583)

example.NetworkUtilsTest.testInvalidIp(String, String)[1] -- Time elapsed: 0.346 s <<< FAILURE!
java.lang.AssertionError: 

Expecting code to raise a throwable.
	at example.NetworkUtilsTest.testInvalidIp(NetworkUtilsTest.java:89)
	Suppressed: org.neo4j.driver.exceptions.ClientException: Failed to invoke function `example.ipBelongsToNetwork`: Caused by: java.lang.RuntimeException: Invalid IP or network format: invalid_ip: nodename nor servname provided, or not known
		at org.neo4j.driver.internal.util.Futures.blockingGet(Futures.java:63)
		at org.neo4j.driver.internal.InternalSession.lambda$close$3(InternalSession.java:90)
		at org.neo4j.driver.internal.observation.util.ObservationUtil.observe(ObservationUtil.java:40)
		at org.neo4j.driver.internal.InternalSession.close(InternalSession.java:88)
		at example.NetworkUtilsTest.testInvalidIp(NetworkUtilsTest.java:86)
		Suppressed: org.neo4j.driver.internal.util.ErrorUtil$InternalExceptionCause
			at org.neo4j.driver.internal.adaptedbolt.ErrorMapper.mapToNeo4jException(ErrorMapper.java:224)
			at org.neo4j.driver.internal.adaptedbolt.ErrorMapper.mapBoltFailureException(ErrorMapper.java:141)
			at org.neo4j.driver.internal.adaptedbolt.ErrorMapper.map(ErrorMapper.java:81)
			at org.neo4j.driver.internal.adaptedbolt.AdaptingDriverResponseHandler.onError(AdaptingDriverResponseHandler.java:68)
			at org.neo4j.bolt.connection.pooled.impl.PooledBoltConnection$PooledResponseHandler.onError(PooledBoltConnection.java:204)
			at org.neo4j.bolt.connection.netty.impl.BoltConnectionImpl$ResponseHandleImpl.lambda$onError$1(BoltConnectionImpl.java:676)
			at org.neo4j.bolt.connection.netty.impl.BoltConnectionImpl$ResponseHandleImpl.runIgnoringError(BoltConnectionImpl.java:808)
			at org.neo4j.bolt.connection.netty.impl.BoltConnectionImpl$ResponseHandleImpl.onError(BoltConnectionImpl.java:676)
			at org.neo4j.bolt.connection.netty.impl.BoltConnectionImpl$5.onError(BoltConnectionImpl.java:364)
			at org.neo4j.bolt.connection.netty.impl.messaging.v4.BoltProtocolV4$2.onError(BoltProtocolV4.java:205)
			at org.neo4j.bolt.connection.netty.impl.handlers.PullResponseHandlerImpl.onFailure(PullResponseHandlerImpl.java:46)
			at org.neo4j.bolt.connection.netty.impl.async.inbound.InboundMessageDispatcher.handleFailureMessage(InboundMessageDispatcher.java:108)
			at org.neo4j.bolt.connection.netty.impl.messaging.v57.MessageReaderV57.unpackFailureMessage(MessageReaderV57.java:46)
			at org.neo4j.bolt.connection.netty.impl.messaging.common.CommonMessageReader.read(CommonMessageReader.java:53)
			at org.neo4j.bolt.connection.netty.impl.async.inbound.InboundMessageHandler.channelRead0(InboundMessageHandler.java:81)
			at org.neo4j.bolt.connection.netty.impl.async.inbound.InboundMessageHandler.channelRead0(InboundMessageHandler.java:34)
			at io.netty.channel.SimpleChannelInboundHandler.channelRead(SimpleChannelInboundHandler.java:99)
			at io.netty.channel.AbstractChannelHandlerContext.fireChannelRead(AbstractChannelHandlerContext.java:356)
			at io.netty.handler.codec.ByteToMessageDecoder.fireChannelRead(ByteToMessageDecoder.java:346)
			at io.netty.handler.codec.ByteToMessageDecoder.channelRead(ByteToMessageDecoder.java:318)
			at org.neo4j.bolt.connection.netty.impl.async.inbound.MessageDecoder.channelRead(MessageDecoder.java:40)
			at io.netty.channel.AbstractChannelHandlerContext.fireChannelRead(AbstractChannelHandlerContext.java:356)
			at io.netty.handler.codec.ByteToMessageDecoder.fireChannelRead(ByteToMessageDecoder.java:346)
			at io.netty.handler.codec.ByteToMessageDecoder.channelRead(ByteToMessageDecoder.java:318)
			at io.netty.channel.AbstractChannelHandlerContext.fireChannelRead(AbstractChannelHandlerContext.java:356)
			at io.netty.handler.timeout.IdleStateHandler.channelRead(IdleStateHandler.java:293)
			at io.netty.channel.AbstractChannelHandlerContext.fireChannelRead(AbstractChannelHandlerContext.java:354)
			at io.netty.channel.DefaultChannelPipeline$HeadContext.channelRead(DefaultChannelPipeline.java:1429)
			at io.netty.channel.DefaultChannelPipeline.fireChannelRead(DefaultChannelPipeline.java:918)
			at io.netty.channel.nio.AbstractNioByteChannel$NioByteUnsafe.read(AbstractNioByteChannel.java:167)
			at io.netty.channel.nio.AbstractNioChannel$AbstractNioUnsafe.handle(AbstractNioChannel.java:445)
			at io.netty.channel.nio.NioIoHandler$DefaultNioRegistration.handle(NioIoHandler.java:381)
			at io.netty.channel.nio.NioIoHandler.processSelectedKey(NioIoHandler.java:587)
			at io.netty.channel.nio.NioIoHandler.processSelectedKeysOptimized(NioIoHandler.java:562)
			at io.netty.channel.nio.NioIoHandler.processSelectedKeys(NioIoHandler.java:503)
			at io.netty.channel.nio.NioIoHandler.run(NioIoHandler.java:475)
			at io.netty.channel.SingleThreadIoEventLoop.runIo(SingleThreadIoEventLoop.java:225)
			at io.netty.channel.SingleThreadIoEventLoop.run(SingleThreadIoEventLoop.java:196)
			at io.netty.util.concurrent.SingleThreadEventExecutor$5.run(SingleThreadEventExecutor.java:1193)
			at io.netty.util.internal.ThreadExecutorMap$2.run(ThreadExecutorMap.java:74)
			at io.netty.util.concurrent.FastThreadLocalRunnable.run(FastThreadLocalRunnable.java:30)
			at java.base/java.lang.Thread.run(Thread.java:1583)
	Caused by: org.neo4j.driver.exceptions.Neo4jException: 53U00: Execution of the function example.ipBelongsToNetwork() failed due to java.lang.RuntimeException: Invalid IP or network format: invalid_ip: nodename nor servname provided, or not known.
		at org.neo4j.driver.internal.adaptedbolt.ErrorMapper.mapGqlCause(ErrorMapper.java:179)
		at java.base/java.util.Optional.map(Optional.java:260)
		at org.neo4j.driver.internal.adaptedbolt.ErrorMapper.mapBoltFailureException(ErrorMapper.java:122)
		at org.neo4j.driver.internal.adaptedbolt.ErrorMapper.map(ErrorMapper.java:81)
		at org.neo4j.driver.internal.adaptedbolt.AdaptingDriverResponseHandler.onError(AdaptingDriverResponseHandler.java:68)
		at org.neo4j.bolt.connection.pooled.impl.PooledBoltConnection$PooledResponseHandler.onError(PooledBoltConnection.java:204)
		at org.neo4j.bolt.connection.netty.impl.BoltConnectionImpl$ResponseHandleImpl.lambda$onError$1(BoltConnectionImpl.java:676)
		at org.neo4j.bolt.connection.netty.impl.BoltConnectionImpl$ResponseHandleImpl.runIgnoringError(BoltConnectionImpl.java:808)
		at org.neo4j.bolt.connection.netty.impl.BoltConnectionImpl$ResponseHandleImpl.onError(BoltConnectionImpl.java:676)
		at org.neo4j.bolt.connection.netty.impl.BoltConnectionImpl$5.onError(BoltConnectionImpl.java:364)
		at org.neo4j.bolt.connection.netty.impl.messaging.v4.BoltProtocolV4$2.onError(BoltProtocolV4.java:205)
		at org.neo4j.bolt.connection.netty.impl.handlers.PullResponseHandlerImpl.onFailure(PullResponseHandlerImpl.java:46)
		at org.neo4j.bolt.connection.netty.impl.async.inbound.InboundMessageDispatcher.handleFailureMessage(InboundMessageDispatcher.java:108)
		at org.neo4j.bolt.connection.netty.impl.messaging.v57.MessageReaderV57.unpackFailureMessage(MessageReaderV57.java:46)
		at org.neo4j.bolt.connection.netty.impl.messaging.common.CommonMessageReader.read(CommonMessageReader.java:53)
		at org.neo4j.bolt.connection.netty.impl.async.inbound.InboundMessageHandler.channelRead0(InboundMessageHandler.java:81)
		at org.neo4j.bolt.connection.netty.impl.async.inbound.InboundMessageHandler.channelRead0(InboundMessageHandler.java:34)
		at io.netty.channel.SimpleChannelInboundHandler.channelRead(SimpleChannelInboundHandler.java:99)
		at io.netty.channel.AbstractChannelHandlerContext.fireChannelRead(AbstractChannelHandlerContext.java:356)
		at io.netty.handler.codec.ByteToMessageDecoder.fireChannelRead(ByteToMessageDecoder.java:346)
		at io.netty.handler.codec.ByteToMessageDecoder.channelRead(ByteToMessageDecoder.java:318)
		at org.neo4j.bolt.connection.netty.impl.async.inbound.MessageDecoder.channelRead(MessageDecoder.java:40)
		at io.netty.channel.AbstractChannelHandlerContext.fireChannelRead(AbstractChannelHandlerContext.java:356)
		at io.netty.handler.codec.ByteToMessageDecoder.fireChannelRead(ByteToMessageDecoder.java:346)
		at io.netty.handler.codec.ByteToMessageDecoder.channelRead(ByteToMessageDecoder.java:318)
		at io.netty.channel.AbstractChannelHandlerContext.fireChannelRead(AbstractChannelHandlerContext.java:356)
		at io.netty.handler.timeout.IdleStateHandler.channelRead(IdleStateHandler.java:293)
		at io.netty.channel.AbstractChannelHandlerContext.fireChannelRead(AbstractChannelHandlerContext.java:354)
		at io.netty.channel.DefaultChannelPipeline$HeadContext.channelRead(DefaultChannelPipeline.java:1429)
		at io.netty.channel.DefaultChannelPipeline.fireChannelRead(DefaultChannelPipeline.java:918)
		at io.netty.channel.nio.AbstractNioByteChannel$NioByteUnsafe.read(AbstractNioByteChannel.java:167)
		at io.netty.channel.nio.AbstractNioChannel$AbstractNioUnsafe.handle(AbstractNioChannel.java:445)
		at io.netty.channel.nio.NioIoHandler$DefaultNioRegistration.handle(NioIoHandler.java:381)
		at io.netty.channel.nio.NioIoHandler.processSelectedKey(NioIoHandler.java:587)
		at io.netty.channel.nio.NioIoHandler.processSelectedKeysOptimized(NioIoHandler.java:562)
		at io.netty.channel.nio.NioIoHandler.processSelectedKeys(NioIoHandler.java:503)
		at io.netty.channel.nio.NioIoHandler.run(NioIoHandler.java:475)
		at io.netty.channel.SingleThreadIoEventLoop.runIo(SingleThreadIoEventLoop.java:225)
		at io.netty.channel.SingleThreadIoEventLoop.run(SingleThreadIoEventLoop.java:196)
		at io.netty.util.concurrent.SingleThreadEventExecutor$5.run(SingleThreadEventExecutor.java:1193)
		at io.netty.util.internal.ThreadExecutorMap$2.run(ThreadExecutorMap.java:74)
		at io.netty.util.concurrent.FastThreadLocalRunnable.run(FastThreadLocalRunnable.java:30)
		at java.base/java.lang.Thread.run(Thread.java:1583)

example.NetworkUtilsTest.testInvalidIp(String, String)[2] -- Time elapsed: 0.351 s <<< FAILURE!
java.lang.AssertionError: 

Expecting code to raise a throwable.
	at example.NetworkUtilsTest.testInvalidIp(NetworkUtilsTest.java:89)
	Suppressed: org.neo4j.driver.exceptions.ClientException: Failed to invoke function `example.ipBelongsToNetwork`: Caused by: java.lang.RuntimeException: Invalid IP or network format: 999.999.999.999: nodename nor servname provided, or not known
		at org.neo4j.driver.internal.util.Futures.blockingGet(Futures.java:63)
		at org.neo4j.driver.internal.InternalSession.lambda$close$3(InternalSession.java:90)
		at org.neo4j.driver.internal.observation.util.ObservationUtil.observe(ObservationUtil.java:40)
		at org.neo4j.driver.internal.InternalSession.close(InternalSession.java:88)
		at example.NetworkUtilsTest.testInvalidIp(NetworkUtilsTest.java:86)
		Suppressed: org.neo4j.driver.internal.util.ErrorUtil$InternalExceptionCause
			at org.neo4j.driver.internal.adaptedbolt.ErrorMapper.mapToNeo4jException(ErrorMapper.java:224)
			at org.neo4j.driver.internal.adaptedbolt.ErrorMapper.mapBoltFailureException(ErrorMapper.java:141)
			at org.neo4j.driver.internal.adaptedbolt.ErrorMapper.map(ErrorMapper.java:81)
			at org.neo4j.driver.internal.adaptedbolt.AdaptingDriverResponseHandler.onError(AdaptingDriverResponseHandler.java:68)
			at org.neo4j.bolt.connection.pooled.impl.PooledBoltConnection$PooledResponseHandler.onError(PooledBoltConnection.java:204)
			at org.neo4j.bolt.connection.netty.impl.BoltConnectionImpl$ResponseHandleImpl.lambda$onError$1(BoltConnectionImpl.java:676)
			at org.neo4j.bolt.connection.netty.impl.BoltConnectionImpl$ResponseHandleImpl.runIgnoringError(BoltConnectionImpl.java:808)
			at org.neo4j.bolt.connection.netty.impl.BoltConnectionImpl$ResponseHandleImpl.onError(BoltConnectionImpl.java:676)
			at org.neo4j.bolt.connection.netty.impl.BoltConnectionImpl$5.onError(BoltConnectionImpl.java:364)
			at org.neo4j.bolt.connection.netty.impl.messaging.v4.BoltProtocolV4$2.onError(BoltProtocolV4.java:205)
			at org.neo4j.bolt.connection.netty.impl.handlers.PullResponseHandlerImpl.onFailure(PullResponseHandlerImpl.java:46)
			at org.neo4j.bolt.connection.netty.impl.async.inbound.InboundMessageDispatcher.handleFailureMessage(InboundMessageDispatcher.java:108)
			at org.neo4j.bolt.connection.netty.impl.messaging.v57.MessageReaderV57.unpackFailureMessage(MessageReaderV57.java:46)
			at org.neo4j.bolt.connection.netty.impl.messaging.common.CommonMessageReader.read(CommonMessageReader.java:53)
			at org.neo4j.bolt.connection.netty.impl.async.inbound.InboundMessageHandler.channelRead0(InboundMessageHandler.java:81)
			at org.neo4j.bolt.connection.netty.impl.async.inbound.InboundMessageHandler.channelRead0(InboundMessageHandler.java:34)
			at io.netty.channel.SimpleChannelInboundHandler.channelRead(SimpleChannelInboundHandler.java:99)
			at io.netty.channel.AbstractChannelHandlerContext.fireChannelRead(AbstractChannelHandlerContext.java:356)
			at io.netty.handler.codec.ByteToMessageDecoder.fireChannelRead(ByteToMessageDecoder.java:346)
			at io.netty.handler.codec.ByteToMessageDecoder.channelRead(ByteToMessageDecoder.java:318)
			at org.neo4j.bolt.connection.netty.impl.async.inbound.MessageDecoder.channelRead(MessageDecoder.java:40)
			at io.netty.channel.AbstractChannelHandlerContext.fireChannelRead(AbstractChannelHandlerContext.java:356)
			at io.netty.handler.codec.ByteToMessageDecoder.fireChannelRead(ByteToMessageDecoder.java:346)
			at io.netty.handler.codec.ByteToMessageDecoder.channelRead(ByteToMessageDecoder.java:318)
			at io.netty.channel.AbstractChannelHandlerContext.fireChannelRead(AbstractChannelHandlerContext.java:356)
			at io.netty.handler.timeout.IdleStateHandler.channelRead(IdleStateHandler.java:293)
			at io.netty.channel.AbstractChannelHandlerContext.fireChannelRead(AbstractChannelHandlerContext.java:354)
			at io.netty.channel.DefaultChannelPipeline$HeadContext.channelRead(DefaultChannelPipeline.java:1429)
			at io.netty.channel.DefaultChannelPipeline.fireChannelRead(DefaultChannelPipeline.java:918)
			at io.netty.channel.nio.AbstractNioByteChannel$NioByteUnsafe.read(AbstractNioByteChannel.java:167)
			at io.netty.channel.nio.AbstractNioChannel$AbstractNioUnsafe.handle(AbstractNioChannel.java:445)
			at io.netty.channel.nio.NioIoHandler$DefaultNioRegistration.handle(NioIoHandler.java:381)
			at io.netty.channel.nio.NioIoHandler.processSelectedKey(NioIoHandler.java:587)
			at io.netty.channel.nio.NioIoHandler.processSelectedKeysOptimized(NioIoHandler.java:562)
			at io.netty.channel.nio.NioIoHandler.processSelectedKeys(NioIoHandler.java:503)
			at io.netty.channel.nio.NioIoHandler.run(NioIoHandler.java:475)
			at io.netty.channel.SingleThreadIoEventLoop.runIo(SingleThreadIoEventLoop.java:225)
			at io.netty.channel.SingleThreadIoEventLoop.run(SingleThreadIoEventLoop.java:196)
			at io.netty.util.concurrent.SingleThreadEventExecutor$5.run(SingleThreadEventExecutor.java:1193)
			at io.netty.util.internal.ThreadExecutorMap$2.run(ThreadExecutorMap.java:74)
			at io.netty.util.concurrent.FastThreadLocalRunnable.run(FastThreadLocalRunnable.java:30)
			at java.base/java.lang.Thread.run(Thread.java:1583)
	Caused by: org.neo4j.driver.exceptions.Neo4jException: 53U00: Execution of the function example.ipBelongsToNetwork() failed due to java.lang.RuntimeException: Invalid IP or network format: 999.999.999.999: nodename nor servname provided, or not known.
		at org.neo4j.driver.internal.adaptedbolt.ErrorMapper.mapGqlCause(ErrorMapper.java:179)
		at java.base/java.util.Optional.map(Optional.java:260)
		at org.neo4j.driver.internal.adaptedbolt.ErrorMapper.mapBoltFailureException(ErrorMapper.java:122)
		at org.neo4j.driver.internal.adaptedbolt.ErrorMapper.map(ErrorMapper.java:81)
		at org.neo4j.driver.internal.adaptedbolt.AdaptingDriverResponseHandler.onError(AdaptingDriverResponseHandler.java:68)
		at org.neo4j.bolt.connection.pooled.impl.PooledBoltConnection$PooledResponseHandler.onError(PooledBoltConnection.java:204)
		at org.neo4j.bolt.connection.netty.impl.BoltConnectionImpl$ResponseHandleImpl.lambda$onError$1(BoltConnectionImpl.java:676)
		at org.neo4j.bolt.connection.netty.impl.BoltConnectionImpl$ResponseHandleImpl.runIgnoringError(BoltConnectionImpl.java:808)
		at org.neo4j.bolt.connection.netty.impl.BoltConnectionImpl$ResponseHandleImpl.onError(BoltConnectionImpl.java:676)
		at org.neo4j.bolt.connection.netty.impl.BoltConnectionImpl$5.onError(BoltConnectionImpl.java:364)
		at org.neo4j.bolt.connection.netty.impl.messaging.v4.BoltProtocolV4$2.onError(BoltProtocolV4.java:205)
		at org.neo4j.bolt.connection.netty.impl.handlers.PullResponseHandlerImpl.onFailure(PullResponseHandlerImpl.java:46)
		at org.neo4j.bolt.connection.netty.impl.async.inbound.InboundMessageDispatcher.handleFailureMessage(InboundMessageDispatcher.java:108)
		at org.neo4j.bolt.connection.netty.impl.messaging.v57.MessageReaderV57.unpackFailureMessage(MessageReaderV57.java:46)
		at org.neo4j.bolt.connection.netty.impl.messaging.common.CommonMessageReader.read(CommonMessageReader.java:53)
		at org.neo4j.bolt.connection.netty.impl.async.inbound.InboundMessageHandler.channelRead0(InboundMessageHandler.java:81)
		at org.neo4j.bolt.connection.netty.impl.async.inbound.InboundMessageHandler.channelRead0(InboundMessageHandler.java:34)
		at io.netty.channel.SimpleChannelInboundHandler.channelRead(SimpleChannelInboundHandler.java:99)
		at io.netty.channel.AbstractChannelHandlerContext.fireChannelRead(AbstractChannelHandlerContext.java:356)
		at io.netty.handler.codec.ByteToMessageDecoder.fireChannelRead(ByteToMessageDecoder.java:346)
		at io.netty.handler.codec.ByteToMessageDecoder.channelRead(ByteToMessageDecoder.java:318)
		at org.neo4j.bolt.connection.netty.impl.async.inbound.MessageDecoder.channelRead(MessageDecoder.java:40)
		at io.netty.channel.AbstractChannelHandlerContext.fireChannelRead(AbstractChannelHandlerContext.java:356)
		at io.netty.handler.codec.ByteToMessageDecoder.fireChannelRead(ByteToMessageDecoder.java:346)
		at io.netty.handler.codec.ByteToMessageDecoder.channelRead(ByteToMessageDecoder.java:318)
		at io.netty.channel.AbstractChannelHandlerContext.fireChannelRead(AbstractChannelHandlerContext.java:356)
		at io.netty.handler.timeout.IdleStateHandler.channelRead(IdleStateHandler.java:293)
		at io.netty.channel.AbstractChannelHandlerContext.fireChannelRead(AbstractChannelHandlerContext.java:354)
		at io.netty.channel.DefaultChannelPipeline$HeadContext.channelRead(DefaultChannelPipeline.java:1429)
		at io.netty.channel.DefaultChannelPipeline.fireChannelRead(DefaultChannelPipeline.java:918)
		at io.netty.channel.nio.AbstractNioByteChannel$NioByteUnsafe.read(AbstractNioByteChannel.java:167)
		at io.netty.channel.nio.AbstractNioChannel$AbstractNioUnsafe.handle(AbstractNioChannel.java:445)
		at io.netty.channel.nio.NioIoHandler$DefaultNioRegistration.handle(NioIoHandler.java:381)
		at io.netty.channel.nio.NioIoHandler.processSelectedKey(NioIoHandler.java:587)
		at io.netty.channel.nio.NioIoHandler.processSelectedKeysOptimized(NioIoHandler.java:562)
		at io.netty.channel.nio.NioIoHandler.processSelectedKeys(NioIoHandler.java:503)
		at io.netty.channel.nio.NioIoHandler.run(NioIoHandler.java:475)
		at io.netty.channel.SingleThreadIoEventLoop.runIo(SingleThreadIoEventLoop.java:225)
		at io.netty.channel.SingleThreadIoEventLoop.run(SingleThreadIoEventLoop.java:196)
		at io.netty.util.concurrent.SingleThreadEventExecutor$5.run(SingleThreadEventExecutor.java:1193)
		at io.netty.util.internal.ThreadExecutorMap$2.run(ThreadExecutorMap.java:74)
		at io.netty.util.concurrent.FastThreadLocalRunnable.run(FastThreadLocalRunnable.java:30)
		at java.base/java.lang.Thread.run(Thread.java:1583)

example.NetworkUtilsTest.testInvalidIp(String, String)[3] -- Time elapsed: 0.377 s <<< FAILURE!
java.lang.AssertionError: 

Expecting code to raise a throwable.
	at example.NetworkUtilsTest.testInvalidIp(NetworkUtilsTest.java:89)
	Suppressed: org.neo4j.driver.exceptions.ClientException: Failed to invoke function `example.ipBelongsToNetwork`: Caused by: java.lang.RuntimeException: Invalid IP or network format: 10.10.0.256: nodename nor servname provided, or not known
		at org.neo4j.driver.internal.util.Futures.blockingGet(Futures.java:63)
		at org.neo4j.driver.internal.InternalSession.lambda$close$3(InternalSession.java:90)
		at org.neo4j.driver.internal.observation.util.ObservationUtil.observe(ObservationUtil.java:40)
		at org.neo4j.driver.internal.InternalSession.close(InternalSession.java:88)
		at example.NetworkUtilsTest.testInvalidIp(NetworkUtilsTest.java:86)
		Suppressed: org.neo4j.driver.internal.util.ErrorUtil$InternalExceptionCause
			at org.neo4j.driver.internal.adaptedbolt.ErrorMapper.mapToNeo4jException(ErrorMapper.java:224)
			at org.neo4j.driver.internal.adaptedbolt.ErrorMapper.mapBoltFailureException(ErrorMapper.java:141)
			at org.neo4j.driver.internal.adaptedbolt.ErrorMapper.map(ErrorMapper.java:81)
			at org.neo4j.driver.internal.adaptedbolt.AdaptingDriverResponseHandler.onError(AdaptingDriverResponseHandler.java:68)
			at org.neo4j.bolt.connection.pooled.impl.PooledBoltConnection$PooledResponseHandler.onError(PooledBoltConnection.java:204)
			at org.neo4j.bolt.connection.netty.impl.BoltConnectionImpl$ResponseHandleImpl.lambda$onError$1(BoltConnectionImpl.java:676)
			at org.neo4j.bolt.connection.netty.impl.BoltConnectionImpl$ResponseHandleImpl.runIgnoringError(BoltConnectionImpl.java:808)
			at org.neo4j.bolt.connection.netty.impl.BoltConnectionImpl$ResponseHandleImpl.onError(BoltConnectionImpl.java:676)
			at org.neo4j.bolt.connection.netty.impl.BoltConnectionImpl$5.onError(BoltConnectionImpl.java:364)
			at org.neo4j.bolt.connection.netty.impl.messaging.v4.BoltProtocolV4$2.onError(BoltProtocolV4.java:205)
			at org.neo4j.bolt.connection.netty.impl.handlers.PullResponseHandlerImpl.onFailure(PullResponseHandlerImpl.java:46)
			at org.neo4j.bolt.connection.netty.impl.async.inbound.InboundMessageDispatcher.handleFailureMessage(InboundMessageDispatcher.java:108)
			at org.neo4j.bolt.connection.netty.impl.messaging.v57.MessageReaderV57.unpackFailureMessage(MessageReaderV57.java:46)
			at org.neo4j.bolt.connection.netty.impl.messaging.common.CommonMessageReader.read(CommonMessageReader.java:53)
			at org.neo4j.bolt.connection.netty.impl.async.inbound.InboundMessageHandler.channelRead0(InboundMessageHandler.java:81)
			at org.neo4j.bolt.connection.netty.impl.async.inbound.InboundMessageHandler.channelRead0(InboundMessageHandler.java:34)
			at io.netty.channel.SimpleChannelInboundHandler.channelRead(SimpleChannelInboundHandler.java:99)
			at io.netty.channel.AbstractChannelHandlerContext.fireChannelRead(AbstractChannelHandlerContext.java:356)
			at io.netty.handler.codec.ByteToMessageDecoder.fireChannelRead(ByteToMessageDecoder.java:346)
			at io.netty.handler.codec.ByteToMessageDecoder.channelRead(ByteToMessageDecoder.java:318)
			at org.neo4j.bolt.connection.netty.impl.async.inbound.MessageDecoder.channelRead(MessageDecoder.java:40)
			at io.netty.channel.AbstractChannelHandlerContext.fireChannelRead(AbstractChannelHandlerContext.java:356)
			at io.netty.handler.codec.ByteToMessageDecoder.fireChannelRead(ByteToMessageDecoder.java:346)
			at io.netty.handler.codec.ByteToMessageDecoder.channelRead(ByteToMessageDecoder.java:318)
			at io.netty.channel.AbstractChannelHandlerContext.fireChannelRead(AbstractChannelHandlerContext.java:356)
			at io.netty.handler.timeout.IdleStateHandler.channelRead(IdleStateHandler.java:293)
			at io.netty.channel.AbstractChannelHandlerContext.fireChannelRead(AbstractChannelHandlerContext.java:354)
			at io.netty.channel.DefaultChannelPipeline$HeadContext.channelRead(DefaultChannelPipeline.java:1429)
			at io.netty.channel.DefaultChannelPipeline.fireChannelRead(DefaultChannelPipeline.java:918)
			at io.netty.channel.nio.AbstractNioByteChannel$NioByteUnsafe.read(AbstractNioByteChannel.java:167)
			at io.netty.channel.nio.AbstractNioChannel$AbstractNioUnsafe.handle(AbstractNioChannel.java:445)
			at io.netty.channel.nio.NioIoHandler$DefaultNioRegistration.handle(NioIoHandler.java:381)
			at io.netty.channel.nio.NioIoHandler.processSelectedKey(NioIoHandler.java:587)
			at io.netty.channel.nio.NioIoHandler.processSelectedKeysOptimized(NioIoHandler.java:562)
			at io.netty.channel.nio.NioIoHandler.processSelectedKeys(NioIoHandler.java:503)
			at io.netty.channel.nio.NioIoHandler.run(NioIoHandler.java:475)
			at io.netty.channel.SingleThreadIoEventLoop.runIo(SingleThreadIoEventLoop.java:225)
			at io.netty.channel.SingleThreadIoEventLoop.run(SingleThreadIoEventLoop.java:196)
			at io.netty.util.concurrent.SingleThreadEventExecutor$5.run(SingleThreadEventExecutor.java:1193)
			at io.netty.util.internal.ThreadExecutorMap$2.run(ThreadExecutorMap.java:74)
			at io.netty.util.concurrent.FastThreadLocalRunnable.run(FastThreadLocalRunnable.java:30)
			at java.base/java.lang.Thread.run(Thread.java:1583)
	Caused by: org.neo4j.driver.exceptions.Neo4jException: 53U00: Execution of the function example.ipBelongsToNetwork() failed due to java.lang.RuntimeException: Invalid IP or network format: 10.10.0.256: nodename nor servname provided, or not known.
		at org.neo4j.driver.internal.adaptedbolt.ErrorMapper.mapGqlCause(ErrorMapper.java:179)
		at java.base/java.util.Optional.map(Optional.java:260)
		at org.neo4j.driver.internal.adaptedbolt.ErrorMapper.mapBoltFailureException(ErrorMapper.java:122)
		at org.neo4j.driver.internal.adaptedbolt.ErrorMapper.map(ErrorMapper.java:81)
		at org.neo4j.driver.internal.adaptedbolt.AdaptingDriverResponseHandler.onError(AdaptingDriverResponseHandler.java:68)
		at org.neo4j.bolt.connection.pooled.impl.PooledBoltConnection$PooledResponseHandler.onError(PooledBoltConnection.java:204)
		at org.neo4j.bolt.connection.netty.impl.BoltConnectionImpl$ResponseHandleImpl.lambda$onError$1(BoltConnectionImpl.java:676)
		at org.neo4j.bolt.connection.netty.impl.BoltConnectionImpl$ResponseHandleImpl.runIgnoringError(BoltConnectionImpl.java:808)
		at org.neo4j.bolt.connection.netty.impl.BoltConnectionImpl$ResponseHandleImpl.onError(BoltConnectionImpl.java:676)
		at org.neo4j.bolt.connection.netty.impl.BoltConnectionImpl$5.onError(BoltConnectionImpl.java:364)
		at org.neo4j.bolt.connection.netty.impl.messaging.v4.BoltProtocolV4$2.onError(BoltProtocolV4.java:205)
		at org.neo4j.bolt.connection.netty.impl.handlers.PullResponseHandlerImpl.onFailure(PullResponseHandlerImpl.java:46)
		at org.neo4j.bolt.connection.netty.impl.async.inbound.InboundMessageDispatcher.handleFailureMessage(InboundMessageDispatcher.java:108)
		at org.neo4j.bolt.connection.netty.impl.messaging.v57.MessageReaderV57.unpackFailureMessage(MessageReaderV57.java:46)
		at org.neo4j.bolt.connection.netty.impl.messaging.common.CommonMessageReader.read(CommonMessageReader.java:53)
		at org.neo4j.bolt.connection.netty.impl.async.inbound.InboundMessageHandler.channelRead0(InboundMessageHandler.java:81)
		at org.neo4j.bolt.connection.netty.impl.async.inbound.InboundMessageHandler.channelRead0(InboundMessageHandler.java:34)
		at io.netty.channel.SimpleChannelInboundHandler.channelRead(SimpleChannelInboundHandler.java:99)
		at io.netty.channel.AbstractChannelHandlerContext.fireChannelRead(AbstractChannelHandlerContext.java:356)
		at io.netty.handler.codec.ByteToMessageDecoder.fireChannelRead(ByteToMessageDecoder.java:346)
		at io.netty.handler.codec.ByteToMessageDecoder.channelRead(ByteToMessageDecoder.java:318)
		at org.neo4j.bolt.connection.netty.impl.async.inbound.MessageDecoder.channelRead(MessageDecoder.java:40)
		at io.netty.channel.AbstractChannelHandlerContext.fireChannelRead(AbstractChannelHandlerContext.java:356)
		at io.netty.handler.codec.ByteToMessageDecoder.fireChannelRead(ByteToMessageDecoder.java:346)
		at io.netty.handler.codec.ByteToMessageDecoder.channelRead(ByteToMessageDecoder.java:318)
		at io.netty.channel.AbstractChannelHandlerContext.fireChannelRead(AbstractChannelHandlerContext.java:356)
		at io.netty.handler.timeout.IdleStateHandler.channelRead(IdleStateHandler.java:293)
		at io.netty.channel.AbstractChannelHandlerContext.fireChannelRead(AbstractChannelHandlerContext.java:354)
		at io.netty.channel.DefaultChannelPipeline$HeadContext.channelRead(DefaultChannelPipeline.java:1429)
		at io.netty.channel.DefaultChannelPipeline.fireChannelRead(DefaultChannelPipeline.java:918)
		at io.netty.channel.nio.AbstractNioByteChannel$NioByteUnsafe.read(AbstractNioByteChannel.java:167)
		at io.netty.channel.nio.AbstractNioChannel$AbstractNioUnsafe.handle(AbstractNioChannel.java:445)
		at io.netty.channel.nio.NioIoHandler$DefaultNioRegistration.handle(NioIoHandler.java:381)
		at io.netty.channel.nio.NioIoHandler.processSelectedKey(NioIoHandler.java:587)
		at io.netty.channel.nio.NioIoHandler.processSelectedKeysOptimized(NioIoHandler.java:562)
		at io.netty.channel.nio.NioIoHandler.processSelectedKeys(NioIoHandler.java:503)
		at io.netty.channel.nio.NioIoHandler.run(NioIoHandler.java:475)
		at io.netty.channel.SingleThreadIoEventLoop.runIo(SingleThreadIoEventLoop.java:225)
		at io.netty.channel.SingleThreadIoEventLoop.run(SingleThreadIoEventLoop.java:196)
		at io.netty.util.concurrent.SingleThreadEventExecutor$5.run(SingleThreadEventExecutor.java:1193)
		at io.netty.util.internal.ThreadExecutorMap$2.run(ThreadExecutorMap.java:74)
		at io.netty.util.concurrent.FastThreadLocalRunnable.run(FastThreadLocalRunnable.java:30)
		at java.base/java.lang.Thread.run(Thread.java:1583)

example.NetworkUtilsTest.testInvalidIp(String, String)[4] -- Time elapsed: 0.333 s <<< FAILURE!
java.lang.AssertionError: 

Expecting code to raise a throwable.
	at example.NetworkUtilsTest.testInvalidIp(NetworkUtilsTest.java:89)
	Suppressed: org.neo4j.driver.exceptions.ClientException: Failed to invoke function `example.ipBelongsToNetwork`: Caused by: java.lang.RuntimeException: Invalid IP or network format: 10.10.-1.1: nodename nor servname provided, or not known
		at org.neo4j.driver.internal.util.Futures.blockingGet(Futures.java:63)
		at org.neo4j.driver.internal.InternalSession.lambda$close$3(InternalSession.java:90)
		at org.neo4j.driver.internal.observation.util.ObservationUtil.observe(ObservationUtil.java:40)
		at org.neo4j.driver.internal.InternalSession.close(InternalSession.java:88)
		at example.NetworkUtilsTest.testInvalidIp(NetworkUtilsTest.java:86)
		Suppressed: org.neo4j.driver.internal.util.ErrorUtil$InternalExceptionCause
			at org.neo4j.driver.internal.adaptedbolt.ErrorMapper.mapToNeo4jException(ErrorMapper.java:224)
			at org.neo4j.driver.internal.adaptedbolt.ErrorMapper.mapBoltFailureException(ErrorMapper.java:141)
			at org.neo4j.driver.internal.adaptedbolt.ErrorMapper.map(ErrorMapper.java:81)
			at org.neo4j.driver.internal.adaptedbolt.AdaptingDriverResponseHandler.onError(AdaptingDriverResponseHandler.java:68)
			at org.neo4j.bolt.connection.pooled.impl.PooledBoltConnection$PooledResponseHandler.onError(PooledBoltConnection.java:204)
			at org.neo4j.bolt.connection.netty.impl.BoltConnectionImpl$ResponseHandleImpl.lambda$onError$1(BoltConnectionImpl.java:676)
			at org.neo4j.bolt.connection.netty.impl.BoltConnectionImpl$ResponseHandleImpl.runIgnoringError(BoltConnectionImpl.java:808)
			at org.neo4j.bolt.connection.netty.impl.BoltConnectionImpl$ResponseHandleImpl.onError(BoltConnectionImpl.java:676)
			at org.neo4j.bolt.connection.netty.impl.BoltConnectionImpl$5.onError(BoltConnectionImpl.java:364)
			at org.neo4j.bolt.connection.netty.impl.messaging.v4.BoltProtocolV4$2.onError(BoltProtocolV4.java:205)
			at org.neo4j.bolt.connection.netty.impl.handlers.PullResponseHandlerImpl.onFailure(PullResponseHandlerImpl.java:46)
			at org.neo4j.bolt.connection.netty.impl.async.inbound.InboundMessageDispatcher.handleFailureMessage(InboundMessageDispatcher.java:108)
			at org.neo4j.bolt.connection.netty.impl.messaging.v57.MessageReaderV57.unpackFailureMessage(MessageReaderV57.java:46)
			at org.neo4j.bolt.connection.netty.impl.messaging.common.CommonMessageReader.read(CommonMessageReader.java:53)
			at org.neo4j.bolt.connection.netty.impl.async.inbound.InboundMessageHandler.channelRead0(InboundMessageHandler.java:81)
			at org.neo4j.bolt.connection.netty.impl.async.inbound.InboundMessageHandler.channelRead0(InboundMessageHandler.java:34)
			at io.netty.channel.SimpleChannelInboundHandler.channelRead(SimpleChannelInboundHandler.java:99)
			at io.netty.channel.AbstractChannelHandlerContext.fireChannelRead(AbstractChannelHandlerContext.java:356)
			at io.netty.handler.codec.ByteToMessageDecoder.fireChannelRead(ByteToMessageDecoder.java:346)
			at io.netty.handler.codec.ByteToMessageDecoder.channelRead(ByteToMessageDecoder.java:318)
			at org.neo4j.bolt.connection.netty.impl.async.inbound.MessageDecoder.channelRead(MessageDecoder.java:40)
			at io.netty.channel.AbstractChannelHandlerContext.fireChannelRead(AbstractChannelHandlerContext.java:356)
			at io.netty.handler.codec.ByteToMessageDecoder.fireChannelRead(ByteToMessageDecoder.java:346)
			at io.netty.handler.codec.ByteToMessageDecoder.channelRead(ByteToMessageDecoder.java:318)
			at io.netty.channel.AbstractChannelHandlerContext.fireChannelRead(AbstractChannelHandlerContext.java:356)
			at io.netty.handler.timeout.IdleStateHandler.channelRead(IdleStateHandler.java:293)
			at io.netty.channel.AbstractChannelHandlerContext.fireChannelRead(AbstractChannelHandlerContext.java:354)
			at io.netty.channel.DefaultChannelPipeline$HeadContext.channelRead(DefaultChannelPipeline.java:1429)
			at io.netty.channel.DefaultChannelPipeline.fireChannelRead(DefaultChannelPipeline.java:918)
			at io.netty.channel.nio.AbstractNioByteChannel$NioByteUnsafe.read(AbstractNioByteChannel.java:167)
			at io.netty.channel.nio.AbstractNioChannel$AbstractNioUnsafe.handle(AbstractNioChannel.java:445)
			at io.netty.channel.nio.NioIoHandler$DefaultNioRegistration.handle(NioIoHandler.java:381)
			at io.netty.channel.nio.NioIoHandler.processSelectedKey(NioIoHandler.java:587)
			at io.netty.channel.nio.NioIoHandler.processSelectedKeysOptimized(NioIoHandler.java:562)
			at io.netty.channel.nio.NioIoHandler.processSelectedKeys(NioIoHandler.java:503)
			at io.netty.channel.nio.NioIoHandler.run(NioIoHandler.java:475)
			at io.netty.channel.SingleThreadIoEventLoop.runIo(SingleThreadIoEventLoop.java:225)
			at io.netty.channel.SingleThreadIoEventLoop.run(SingleThreadIoEventLoop.java:196)
			at io.netty.util.concurrent.SingleThreadEventExecutor$5.run(SingleThreadEventExecutor.java:1193)
			at io.netty.util.internal.ThreadExecutorMap$2.run(ThreadExecutorMap.java:74)
			at io.netty.util.concurrent.FastThreadLocalRunnable.run(FastThreadLocalRunnable.java:30)
			at java.base/java.lang.Thread.run(Thread.java:1583)
	Caused by: org.neo4j.driver.exceptions.Neo4jException: 53U00: Execution of the function example.ipBelongsToNetwork() failed due to java.lang.RuntimeException: Invalid IP or network format: 10.10.-1.1: nodename nor servname provided, or not known.
		at org.neo4j.driver.internal.adaptedbolt.ErrorMapper.mapGqlCause(ErrorMapper.java:179)
		at java.base/java.util.Optional.map(Optional.java:260)
		at org.neo4j.driver.internal.adaptedbolt.ErrorMapper.mapBoltFailureException(ErrorMapper.java:122)
		at org.neo4j.driver.internal.adaptedbolt.ErrorMapper.map(ErrorMapper.java:81)
		at org.neo4j.driver.internal.adaptedbolt.AdaptingDriverResponseHandler.onError(AdaptingDriverResponseHandler.java:68)
		at org.neo4j.bolt.connection.pooled.impl.PooledBoltConnection$PooledResponseHandler.onError(PooledBoltConnection.java:204)
		at org.neo4j.bolt.connection.netty.impl.BoltConnectionImpl$ResponseHandleImpl.lambda$onError$1(BoltConnectionImpl.java:676)
		at org.neo4j.bolt.connection.netty.impl.BoltConnectionImpl$ResponseHandleImpl.runIgnoringError(BoltConnectionImpl.java:808)
		at org.neo4j.bolt.connection.netty.impl.BoltConnectionImpl$ResponseHandleImpl.onError(BoltConnectionImpl.java:676)
		at org.neo4j.bolt.connection.netty.impl.BoltConnectionImpl$5.onError(BoltConnectionImpl.java:364)
		at org.neo4j.bolt.connection.netty.impl.messaging.v4.BoltProtocolV4$2.onError(BoltProtocolV4.java:205)
		at org.neo4j.bolt.connection.netty.impl.handlers.PullResponseHandlerImpl.onFailure(PullResponseHandlerImpl.java:46)
		at org.neo4j.bolt.connection.netty.impl.async.inbound.InboundMessageDispatcher.handleFailureMessage(InboundMessageDispatcher.java:108)
		at org.neo4j.bolt.connection.netty.impl.messaging.v57.MessageReaderV57.unpackFailureMessage(MessageReaderV57.java:46)
		at org.neo4j.bolt.connection.netty.impl.messaging.common.CommonMessageReader.read(CommonMessageReader.java:53)
		at org.neo4j.bolt.connection.netty.impl.async.inbound.InboundMessageHandler.channelRead0(InboundMessageHandler.java:81)
		at org.neo4j.bolt.connection.netty.impl.async.inbound.InboundMessageHandler.channelRead0(InboundMessageHandler.java:34)
		at io.netty.channel.SimpleChannelInboundHandler.channelRead(SimpleChannelInboundHandler.java:99)
		at io.netty.channel.AbstractChannelHandlerContext.fireChannelRead(AbstractChannelHandlerContext.java:356)
		at io.netty.handler.codec.ByteToMessageDecoder.fireChannelRead(ByteToMessageDecoder.java:346)
		at io.netty.handler.codec.ByteToMessageDecoder.channelRead(ByteToMessageDecoder.java:318)
		at org.neo4j.bolt.connection.netty.impl.async.inbound.MessageDecoder.channelRead(MessageDecoder.java:40)
		at io.netty.channel.AbstractChannelHandlerContext.fireChannelRead(AbstractChannelHandlerContext.java:356)
		at io.netty.handler.codec.ByteToMessageDecoder.fireChannelRead(ByteToMessageDecoder.java:346)
		at io.netty.handler.codec.ByteToMessageDecoder.channelRead(ByteToMessageDecoder.java:318)
		at io.netty.channel.AbstractChannelHandlerContext.fireChannelRead(AbstractChannelHandlerContext.java:356)
		at io.netty.handler.timeout.IdleStateHandler.channelRead(IdleStateHandler.java:293)
		at io.netty.channel.AbstractChannelHandlerContext.fireChannelRead(AbstractChannelHandlerContext.java:354)
		at io.netty.channel.DefaultChannelPipeline$HeadContext.channelRead(DefaultChannelPipeline.java:1429)
		at io.netty.channel.DefaultChannelPipeline.fireChannelRead(DefaultChannelPipeline.java:918)
		at io.netty.channel.nio.AbstractNioByteChannel$NioByteUnsafe.read(AbstractNioByteChannel.java:167)
		at io.netty.channel.nio.AbstractNioChannel$AbstractNioUnsafe.handle(AbstractNioChannel.java:445)
		at io.netty.channel.nio.NioIoHandler$DefaultNioRegistration.handle(NioIoHandler.java:381)
		at io.netty.channel.nio.NioIoHandler.processSelectedKey(NioIoHandler.java:587)
		at io.netty.channel.nio.NioIoHandler.processSelectedKeysOptimized(NioIoHandler.java:562)
		at io.netty.channel.nio.NioIoHandler.processSelectedKeys(NioIoHandler.java:503)
		at io.netty.channel.nio.NioIoHandler.run(NioIoHandler.java:475)
		at io.netty.channel.SingleThreadIoEventLoop.runIo(SingleThreadIoEventLoop.java:225)
		at io.netty.channel.SingleThreadIoEventLoop.run(SingleThreadIoEventLoop.java:196)
		at io.netty.util.concurrent.SingleThreadEventExecutor$5.run(SingleThreadEventExecutor.java:1193)
		at io.netty.util.internal.ThreadExecutorMap$2.run(ThreadExecutorMap.java:74)
		at io.netty.util.concurrent.FastThreadLocalRunnable.run(FastThreadLocalRunnable.java:30)
		at java.base/java.lang.Thread.run(Thread.java:1583)

example.NetworkUtilsTest.testNullNetwork -- Time elapsed: 0.248 s <<< FAILURE!
java.lang.AssertionError: 

Expecting code to raise a throwable.
	at example.NetworkUtilsTest.testNullNetwork(NetworkUtilsTest.java:161)
	Suppressed: org.neo4j.driver.exceptions.ClientException: Failed to invoke function `example.ipBelongsToNetwork`: Caused by: java.lang.RuntimeException: Invalid IP or network format: Cannot invoke "String.indexOf(int)" because "network" is null
		at org.neo4j.driver.internal.util.Futures.blockingGet(Futures.java:63)
		at org.neo4j.driver.internal.InternalSession.lambda$close$3(InternalSession.java:90)
		at org.neo4j.driver.internal.observation.util.ObservationUtil.observe(ObservationUtil.java:40)
		at org.neo4j.driver.internal.InternalSession.close(InternalSession.java:88)
		at example.NetworkUtilsTest.testNullNetwork(NetworkUtilsTest.java:158)
		Suppressed: org.neo4j.driver.internal.util.ErrorUtil$InternalExceptionCause
			at org.neo4j.driver.internal.adaptedbolt.ErrorMapper.mapToNeo4jException(ErrorMapper.java:224)
			at org.neo4j.driver.internal.adaptedbolt.ErrorMapper.mapBoltFailureException(ErrorMapper.java:141)
			at org.neo4j.driver.internal.adaptedbolt.ErrorMapper.map(ErrorMapper.java:81)
			at org.neo4j.driver.internal.adaptedbolt.AdaptingDriverResponseHandler.onError(AdaptingDriverResponseHandler.java:68)
			at org.neo4j.bolt.connection.pooled.impl.PooledBoltConnection$PooledResponseHandler.onError(PooledBoltConnection.java:204)
			at org.neo4j.bolt.connection.netty.impl.BoltConnectionImpl$ResponseHandleImpl.lambda$onError$1(BoltConnectionImpl.java:676)
			at org.neo4j.bolt.connection.netty.impl.BoltConnectionImpl$ResponseHandleImpl.runIgnoringError(BoltConnectionImpl.java:808)
			at org.neo4j.bolt.connection.netty.impl.BoltConnectionImpl$ResponseHandleImpl.onError(BoltConnectionImpl.java:676)
			at org.neo4j.bolt.connection.netty.impl.BoltConnectionImpl$5.onError(BoltConnectionImpl.java:364)
			at org.neo4j.bolt.connection.netty.impl.messaging.v4.BoltProtocolV4$2.onError(BoltProtocolV4.java:205)
			at org.neo4j.bolt.connection.netty.impl.handlers.PullResponseHandlerImpl.onFailure(PullResponseHandlerImpl.java:46)
			at org.neo4j.bolt.connection.netty.impl.async.inbound.InboundMessageDispatcher.handleFailureMessage(InboundMessageDispatcher.java:108)
			at org.neo4j.bolt.connection.netty.impl.messaging.v57.MessageReaderV57.unpackFailureMessage(MessageReaderV57.java:46)
			at org.neo4j.bolt.connection.netty.impl.messaging.common.CommonMessageReader.read(CommonMessageReader.java:53)
			at org.neo4j.bolt.connection.netty.impl.async.inbound.InboundMessageHandler.channelRead0(InboundMessageHandler.java:81)
			at org.neo4j.bolt.connection.netty.impl.async.inbound.InboundMessageHandler.channelRead0(InboundMessageHandler.java:34)
			at io.netty.channel.SimpleChannelInboundHandler.channelRead(SimpleChannelInboundHandler.java:99)
			at io.netty.channel.AbstractChannelHandlerContext.fireChannelRead(AbstractChannelHandlerContext.java:356)
			at io.netty.handler.codec.ByteToMessageDecoder.fireChannelRead(ByteToMessageDecoder.java:346)
			at io.netty.handler.codec.ByteToMessageDecoder.channelRead(ByteToMessageDecoder.java:318)
			at org.neo4j.bolt.connection.netty.impl.async.inbound.MessageDecoder.channelRead(MessageDecoder.java:40)
			at io.netty.channel.AbstractChannelHandlerContext.fireChannelRead(AbstractChannelHandlerContext.java:356)
			at io.netty.handler.codec.ByteToMessageDecoder.fireChannelRead(ByteToMessageDecoder.java:346)
			at io.netty.handler.codec.ByteToMessageDecoder.channelRead(ByteToMessageDecoder.java:318)
			at io.netty.channel.AbstractChannelHandlerContext.fireChannelRead(AbstractChannelHandlerContext.java:356)
			at io.netty.handler.timeout.IdleStateHandler.channelRead(IdleStateHandler.java:293)
			at io.netty.channel.AbstractChannelHandlerContext.fireChannelRead(AbstractChannelHandlerContext.java:354)
			at io.netty.channel.DefaultChannelPipeline$HeadContext.channelRead(DefaultChannelPipeline.java:1429)
			at io.netty.channel.DefaultChannelPipeline.fireChannelRead(DefaultChannelPipeline.java:918)
			at io.netty.channel.nio.AbstractNioByteChannel$NioByteUnsafe.read(AbstractNioByteChannel.java:167)
			at io.netty.channel.nio.AbstractNioChannel$AbstractNioUnsafe.handle(AbstractNioChannel.java:445)
			at io.netty.channel.nio.NioIoHandler$DefaultNioRegistration.handle(NioIoHandler.java:381)
			at io.netty.channel.nio.NioIoHandler.processSelectedKey(NioIoHandler.java:587)
			at io.netty.channel.nio.NioIoHandler.processSelectedKeysOptimized(NioIoHandler.java:562)
			at io.netty.channel.nio.NioIoHandler.processSelectedKeys(NioIoHandler.java:503)
			at io.netty.channel.nio.NioIoHandler.run(NioIoHandler.java:475)
			at io.netty.channel.SingleThreadIoEventLoop.runIo(SingleThreadIoEventLoop.java:225)
			at io.netty.channel.SingleThreadIoEventLoop.run(SingleThreadIoEventLoop.java:196)
			at io.netty.util.concurrent.SingleThreadEventExecutor$5.run(SingleThreadEventExecutor.java:1193)
			at io.netty.util.internal.ThreadExecutorMap$2.run(ThreadExecutorMap.java:74)
			at io.netty.util.concurrent.FastThreadLocalRunnable.run(FastThreadLocalRunnable.java:30)
			at java.base/java.lang.Thread.run(Thread.java:1583)
	Caused by: org.neo4j.driver.exceptions.Neo4jException: 53U00: Execution of the function example.ipBelongsToNetwork() failed due to java.lang.RuntimeException: Invalid IP or network format: Cannot invoke "String.indexOf(int)" because "network" is null.
		at org.neo4j.driver.internal.adaptedbolt.ErrorMapper.mapGqlCause(ErrorMapper.java:179)
		at java.base/java.util.Optional.map(Optional.java:260)
		at org.neo4j.driver.internal.adaptedbolt.ErrorMapper.mapBoltFailureException(ErrorMapper.java:122)
		at org.neo4j.driver.internal.adaptedbolt.ErrorMapper.map(ErrorMapper.java:81)
		at org.neo4j.driver.internal.adaptedbolt.AdaptingDriverResponseHandler.onError(AdaptingDriverResponseHandler.java:68)
		at org.neo4j.bolt.connection.pooled.impl.PooledBoltConnection$PooledResponseHandler.onError(PooledBoltConnection.java:204)
		at org.neo4j.bolt.connection.netty.impl.BoltConnectionImpl$ResponseHandleImpl.lambda$onError$1(BoltConnectionImpl.java:676)
		at org.neo4j.bolt.connection.netty.impl.BoltConnectionImpl$ResponseHandleImpl.runIgnoringError(BoltConnectionImpl.java:808)
		at org.neo4j.bolt.connection.netty.impl.BoltConnectionImpl$ResponseHandleImpl.onError(BoltConnectionImpl.java:676)
		at org.neo4j.bolt.connection.netty.impl.BoltConnectionImpl$5.onError(BoltConnectionImpl.java:364)
		at org.neo4j.bolt.connection.netty.impl.messaging.v4.BoltProtocolV4$2.onError(BoltProtocolV4.java:205)
		at org.neo4j.bolt.connection.netty.impl.handlers.PullResponseHandlerImpl.onFailure(PullResponseHandlerImpl.java:46)
		at org.neo4j.bolt.connection.netty.impl.async.inbound.InboundMessageDispatcher.handleFailureMessage(InboundMessageDispatcher.java:108)
		at org.neo4j.bolt.connection.netty.impl.messaging.v57.MessageReaderV57.unpackFailureMessage(MessageReaderV57.java:46)
		at org.neo4j.bolt.connection.netty.impl.messaging.common.CommonMessageReader.read(CommonMessageReader.java:53)
		at org.neo4j.bolt.connection.netty.impl.async.inbound.InboundMessageHandler.channelRead0(InboundMessageHandler.java:81)
		at org.neo4j.bolt.connection.netty.impl.async.inbound.InboundMessageHandler.channelRead0(InboundMessageHandler.java:34)
		at io.netty.channel.SimpleChannelInboundHandler.channelRead(SimpleChannelInboundHandler.java:99)
		at io.netty.channel.AbstractChannelHandlerContext.fireChannelRead(AbstractChannelHandlerContext.java:356)
		at io.netty.handler.codec.ByteToMessageDecoder.fireChannelRead(ByteToMessageDecoder.java:346)
		at io.netty.handler.codec.ByteToMessageDecoder.channelRead(ByteToMessageDecoder.java:318)
		at org.neo4j.bolt.connection.netty.impl.async.inbound.MessageDecoder.channelRead(MessageDecoder.java:40)
		at io.netty.channel.AbstractChannelHandlerContext.fireChannelRead(AbstractChannelHandlerContext.java:356)
		at io.netty.handler.codec.ByteToMessageDecoder.fireChannelRead(ByteToMessageDecoder.java:346)
		at io.netty.handler.codec.ByteToMessageDecoder.channelRead(ByteToMessageDecoder.java:318)
		at io.netty.channel.AbstractChannelHandlerContext.fireChannelRead(AbstractChannelHandlerContext.java:356)
		at io.netty.handler.timeout.IdleStateHandler.channelRead(IdleStateHandler.java:293)
		at io.netty.channel.AbstractChannelHandlerContext.fireChannelRead(AbstractChannelHandlerContext.java:354)
		at io.netty.channel.DefaultChannelPipeline$HeadContext.channelRead(DefaultChannelPipeline.java:1429)
		at io.netty.channel.DefaultChannelPipeline.fireChannelRead(DefaultChannelPipeline.java:918)
		at io.netty.channel.nio.AbstractNioByteChannel$NioByteUnsafe.read(AbstractNioByteChannel.java:167)
		at io.netty.channel.nio.AbstractNioChannel$AbstractNioUnsafe.handle(AbstractNioChannel.java:445)
		at io.netty.channel.nio.NioIoHandler$DefaultNioRegistration.handle(NioIoHandler.java:381)
		at io.netty.channel.nio.NioIoHandler.processSelectedKey(NioIoHandler.java:587)
		at io.netty.channel.nio.NioIoHandler.processSelectedKeysOptimized(NioIoHandler.java:562)
		at io.netty.channel.nio.NioIoHandler.processSelectedKeys(NioIoHandler.java:503)
		at io.netty.channel.nio.NioIoHandler.run(NioIoHandler.java:475)
		at io.netty.channel.SingleThreadIoEventLoop.runIo(SingleThreadIoEventLoop.java:225)
		at io.netty.channel.SingleThreadIoEventLoop.run(SingleThreadIoEventLoop.java:196)
		at io.netty.util.concurrent.SingleThreadEventExecutor$5.run(SingleThreadEventExecutor.java:1193)
		at io.netty.util.internal.ThreadExecutorMap$2.run(ThreadExecutorMap.java:74)
		at io.netty.util.concurrent.FastThreadLocalRunnable.run(FastThreadLocalRunnable.java:30)
		at java.base/java.lang.Thread.run(Thread.java:1583)

example.NetworkUtilsTest.testInvalidNetwork(String, String)[1] -- Time elapsed: 0.222 s <<< FAILURE!
java.lang.AssertionError: 

Expecting code to raise a throwable.
	at example.NetworkUtilsTest.testInvalidNetwork(NetworkUtilsTest.java:109)
	Suppressed: org.neo4j.driver.exceptions.ClientException: Failed to invoke function `example.ipBelongsToNetwork`: Caused by: java.lang.RuntimeException: Invalid IP or network format: Range [0, -1) out of bounds for length 15
		at org.neo4j.driver.internal.util.Futures.blockingGet(Futures.java:63)
		at org.neo4j.driver.internal.InternalSession.lambda$close$3(InternalSession.java:90)
		at org.neo4j.driver.internal.observation.util.ObservationUtil.observe(ObservationUtil.java:40)
		at org.neo4j.driver.internal.InternalSession.close(InternalSession.java:88)
		at example.NetworkUtilsTest.testInvalidNetwork(NetworkUtilsTest.java:106)
		Suppressed: org.neo4j.driver.internal.util.ErrorUtil$InternalExceptionCause
			at org.neo4j.driver.internal.adaptedbolt.ErrorMapper.mapToNeo4jException(ErrorMapper.java:224)
			at org.neo4j.driver.internal.adaptedbolt.ErrorMapper.mapBoltFailureException(ErrorMapper.java:141)
			at org.neo4j.driver.internal.adaptedbolt.ErrorMapper.map(ErrorMapper.java:81)
			at org.neo4j.driver.internal.adaptedbolt.AdaptingDriverResponseHandler.onError(AdaptingDriverResponseHandler.java:68)
			at org.neo4j.bolt.connection.pooled.impl.PooledBoltConnection$PooledResponseHandler.onError(PooledBoltConnection.java:204)
			at org.neo4j.bolt.connection.netty.impl.BoltConnectionImpl$ResponseHandleImpl.lambda$onError$1(BoltConnectionImpl.java:676)
			at org.neo4j.bolt.connection.netty.impl.BoltConnectionImpl$ResponseHandleImpl.runIgnoringError(BoltConnectionImpl.java:808)
			at org.neo4j.bolt.connection.netty.impl.BoltConnectionImpl$ResponseHandleImpl.onError(BoltConnectionImpl.java:676)
			at org.neo4j.bolt.connection.netty.impl.BoltConnectionImpl$5.onError(BoltConnectionImpl.java:364)
			at org.neo4j.bolt.connection.netty.impl.messaging.v4.BoltProtocolV4$2.onError(BoltProtocolV4.java:205)
			at org.neo4j.bolt.connection.netty.impl.handlers.PullResponseHandlerImpl.onFailure(PullResponseHandlerImpl.java:46)
			at org.neo4j.bolt.connection.netty.impl.async.inbound.InboundMessageDispatcher.handleFailureMessage(InboundMessageDispatcher.java:108)
			at org.neo4j.bolt.connection.netty.impl.messaging.v57.MessageReaderV57.unpackFailureMessage(MessageReaderV57.java:46)
			at org.neo4j.bolt.connection.netty.impl.messaging.common.CommonMessageReader.read(CommonMessageReader.java:53)
			at org.neo4j.bolt.connection.netty.impl.async.inbound.InboundMessageHandler.channelRead0(InboundMessageHandler.java:81)
			at org.neo4j.bolt.connection.netty.impl.async.inbound.InboundMessageHandler.channelRead0(InboundMessageHandler.java:34)
			at io.netty.channel.SimpleChannelInboundHandler.channelRead(SimpleChannelInboundHandler.java:99)
			at io.netty.channel.AbstractChannelHandlerContext.fireChannelRead(AbstractChannelHandlerContext.java:356)
			at io.netty.handler.codec.ByteToMessageDecoder.fireChannelRead(ByteToMessageDecoder.java:346)
			at io.netty.handler.codec.ByteToMessageDecoder.channelRead(ByteToMessageDecoder.java:318)
			at org.neo4j.bolt.connection.netty.impl.async.inbound.MessageDecoder.channelRead(MessageDecoder.java:40)
			at io.netty.channel.AbstractChannelHandlerContext.fireChannelRead(AbstractChannelHandlerContext.java:356)
			at io.netty.handler.codec.ByteToMessageDecoder.fireChannelRead(ByteToMessageDecoder.java:346)
			at io.netty.handler.codec.ByteToMessageDecoder.channelRead(ByteToMessageDecoder.java:318)
			at io.netty.channel.AbstractChannelHandlerContext.fireChannelRead(AbstractChannelHandlerContext.java:356)
			at io.netty.handler.timeout.IdleStateHandler.channelRead(IdleStateHandler.java:293)
			at io.netty.channel.AbstractChannelHandlerContext.fireChannelRead(AbstractChannelHandlerContext.java:354)
			at io.netty.channel.DefaultChannelPipeline$HeadContext.channelRead(DefaultChannelPipeline.java:1429)
			at io.netty.channel.DefaultChannelPipeline.fireChannelRead(DefaultChannelPipeline.java:918)
			at io.netty.channel.nio.AbstractNioByteChannel$NioByteUnsafe.read(AbstractNioByteChannel.java:167)
			at io.netty.channel.nio.AbstractNioChannel$AbstractNioUnsafe.handle(AbstractNioChannel.java:445)
			at io.netty.channel.nio.NioIoHandler$DefaultNioRegistration.handle(NioIoHandler.java:381)
			at io.netty.channel.nio.NioIoHandler.processSelectedKey(NioIoHandler.java:587)
			at io.netty.channel.nio.NioIoHandler.processSelectedKeysOptimized(NioIoHandler.java:562)
			at io.netty.channel.nio.NioIoHandler.processSelectedKeys(NioIoHandler.java:503)
			at io.netty.channel.nio.NioIoHandler.run(NioIoHandler.java:475)
			at io.netty.channel.SingleThreadIoEventLoop.runIo(SingleThreadIoEventLoop.java:225)
			at io.netty.channel.SingleThreadIoEventLoop.run(SingleThreadIoEventLoop.java:196)
			at io.netty.util.concurrent.SingleThreadEventExecutor$5.run(SingleThreadEventExecutor.java:1193)
			at io.netty.util.internal.ThreadExecutorMap$2.run(ThreadExecutorMap.java:74)
			at io.netty.util.concurrent.FastThreadLocalRunnable.run(FastThreadLocalRunnable.java:30)
			at java.base/java.lang.Thread.run(Thread.java:1583)
	Caused by: org.neo4j.driver.exceptions.Neo4jException: 53U00: Execution of the function example.ipBelongsToNetwork() failed due to java.lang.RuntimeException: Invalid IP or network format: Range [0, -1) out of bounds for length 15.
		at org.neo4j.driver.internal.adaptedbolt.ErrorMapper.mapGqlCause(ErrorMapper.java:179)
		at java.base/java.util.Optional.map(Optional.java:260)
		at org.neo4j.driver.internal.adaptedbolt.ErrorMapper.mapBoltFailureException(ErrorMapper.java:122)
		at org.neo4j.driver.internal.adaptedbolt.ErrorMapper.map(ErrorMapper.java:81)
		at org.neo4j.driver.internal.adaptedbolt.AdaptingDriverResponseHandler.onError(AdaptingDriverResponseHandler.java:68)
		at org.neo4j.bolt.connection.pooled.impl.PooledBoltConnection$PooledResponseHandler.onError(PooledBoltConnection.java:204)
		at org.neo4j.bolt.connection.netty.impl.BoltConnectionImpl$ResponseHandleImpl.lambda$onError$1(BoltConnectionImpl.java:676)
		at org.neo4j.bolt.connection.netty.impl.BoltConnectionImpl$ResponseHandleImpl.runIgnoringError(BoltConnectionImpl.java:808)
		at org.neo4j.bolt.connection.netty.impl.BoltConnectionImpl$ResponseHandleImpl.onError(BoltConnectionImpl.java:676)
		at org.neo4j.bolt.connection.netty.impl.BoltConnectionImpl$5.onError(BoltConnectionImpl.java:364)
		at org.neo4j.bolt.connection.netty.impl.messaging.v4.BoltProtocolV4$2.onError(BoltProtocolV4.java:205)
		at org.neo4j.bolt.connection.netty.impl.handlers.PullResponseHandlerImpl.onFailure(PullResponseHandlerImpl.java:46)
		at org.neo4j.bolt.connection.netty.impl.async.inbound.InboundMessageDispatcher.handleFailureMessage(InboundMessageDispatcher.java:108)
		at org.neo4j.bolt.connection.netty.impl.messaging.v57.MessageReaderV57.unpackFailureMessage(MessageReaderV57.java:46)
		at org.neo4j.bolt.connection.netty.impl.messaging.common.CommonMessageReader.read(CommonMessageReader.java:53)
		at org.neo4j.bolt.connection.netty.impl.async.inbound.InboundMessageHandler.channelRead0(InboundMessageHandler.java:81)
		at org.neo4j.bolt.connection.netty.impl.async.inbound.InboundMessageHandler.channelRead0(InboundMessageHandler.java:34)
		at io.netty.channel.SimpleChannelInboundHandler.channelRead(SimpleChannelInboundHandler.java:99)
		at io.netty.channel.AbstractChannelHandlerContext.fireChannelRead(AbstractChannelHandlerContext.java:356)
		at io.netty.handler.codec.ByteToMessageDecoder.fireChannelRead(ByteToMessageDecoder.java:346)
		at io.netty.handler.codec.ByteToMessageDecoder.channelRead(ByteToMessageDecoder.java:318)
		at org.neo4j.bolt.connection.netty.impl.async.inbound.MessageDecoder.channelRead(MessageDecoder.java:40)
		at io.netty.channel.AbstractChannelHandlerContext.fireChannelRead(AbstractChannelHandlerContext.java:356)
		at io.netty.handler.codec.ByteToMessageDecoder.fireChannelRead(ByteToMessageDecoder.java:346)
		at io.netty.handler.codec.ByteToMessageDecoder.channelRead(ByteToMessageDecoder.java:318)
		at io.netty.channel.AbstractChannelHandlerContext.fireChannelRead(AbstractChannelHandlerContext.java:356)
		at io.netty.handler.timeout.IdleStateHandler.channelRead(IdleStateHandler.java:293)
		at io.netty.channel.AbstractChannelHandlerContext.fireChannelRead(AbstractChannelHandlerContext.java:354)
		at io.netty.channel.DefaultChannelPipeline$HeadContext.channelRead(DefaultChannelPipeline.java:1429)
		at io.netty.channel.DefaultChannelPipeline.fireChannelRead(DefaultChannelPipeline.java:918)
		at io.netty.channel.nio.AbstractNioByteChannel$NioByteUnsafe.read(AbstractNioByteChannel.java:167)
		at io.netty.channel.nio.AbstractNioChannel$AbstractNioUnsafe.handle(AbstractNioChannel.java:445)
		at io.netty.channel.nio.NioIoHandler$DefaultNioRegistration.handle(NioIoHandler.java:381)
		at io.netty.channel.nio.NioIoHandler.processSelectedKey(NioIoHandler.java:587)
		at io.netty.channel.nio.NioIoHandler.processSelectedKeysOptimized(NioIoHandler.java:562)
		at io.netty.channel.nio.NioIoHandler.processSelectedKeys(NioIoHandler.java:503)
		at io.netty.channel.nio.NioIoHandler.run(NioIoHandler.java:475)
		at io.netty.channel.SingleThreadIoEventLoop.runIo(SingleThreadIoEventLoop.java:225)
		at io.netty.channel.SingleThreadIoEventLoop.run(SingleThreadIoEventLoop.java:196)
		at io.netty.util.concurrent.SingleThreadEventExecutor$5.run(SingleThreadEventExecutor.java:1193)
		at io.netty.util.internal.ThreadExecutorMap$2.run(ThreadExecutorMap.java:74)
		at io.netty.util.concurrent.FastThreadLocalRunnable.run(FastThreadLocalRunnable.java:30)
		at java.base/java.lang.Thread.run(Thread.java:1583)

example.NetworkUtilsTest.testInvalidNetwork(String, String)[2] -- Time elapsed: 0.227 s <<< FAILURE!
java.lang.AssertionError: 

Expecting code to raise a throwable.
	at example.NetworkUtilsTest.testInvalidNetwork(NetworkUtilsTest.java:109)

example.NetworkUtilsTest.testInvalidNetwork(String, String)[3] -- Time elapsed: 0.225 s <<< FAILURE!
java.lang.AssertionError: 

Expecting code to raise a throwable.
	at example.NetworkUtilsTest.testInvalidNetwork(NetworkUtilsTest.java:109)

example.NetworkUtilsTest.testInvalidNetwork(String, String)[4] -- Time elapsed: 0.225 s <<< FAILURE!
java.lang.AssertionError: 

Expecting code to raise a throwable.
	at example.NetworkUtilsTest.testInvalidNetwork(NetworkUtilsTest.java:109)
	Suppressed: org.neo4j.driver.exceptions.ClientException: Failed to invoke function `example.ipBelongsToNetwork`: Caused by: java.lang.RuntimeException: Invalid IP or network format: For input string: "abc"
		at org.neo4j.driver.internal.util.Futures.blockingGet(Futures.java:63)
		at org.neo4j.driver.internal.InternalSession.lambda$close$3(InternalSession.java:90)
		at org.neo4j.driver.internal.observation.util.ObservationUtil.observe(ObservationUtil.java:40)
		at org.neo4j.driver.internal.InternalSession.close(InternalSession.java:88)
		at example.NetworkUtilsTest.testInvalidNetwork(NetworkUtilsTest.java:106)
		Suppressed: org.neo4j.driver.internal.util.ErrorUtil$InternalExceptionCause
			at org.neo4j.driver.internal.adaptedbolt.ErrorMapper.mapToNeo4jException(ErrorMapper.java:224)
			at org.neo4j.driver.internal.adaptedbolt.ErrorMapper.mapBoltFailureException(ErrorMapper.java:141)
			at org.neo4j.driver.internal.adaptedbolt.ErrorMapper.map(ErrorMapper.java:81)
			at org.neo4j.driver.internal.adaptedbolt.AdaptingDriverResponseHandler.onError(AdaptingDriverResponseHandler.java:68)
			at org.neo4j.bolt.connection.pooled.impl.PooledBoltConnection$PooledResponseHandler.onError(PooledBoltConnection.java:204)
			at org.neo4j.bolt.connection.netty.impl.BoltConnectionImpl$ResponseHandleImpl.lambda$onError$1(BoltConnectionImpl.java:676)
			at org.neo4j.bolt.connection.netty.impl.BoltConnectionImpl$ResponseHandleImpl.runIgnoringError(BoltConnectionImpl.java:808)
			at org.neo4j.bolt.connection.netty.impl.BoltConnectionImpl$ResponseHandleImpl.onError(BoltConnectionImpl.java:676)
			at org.neo4j.bolt.connection.netty.impl.BoltConnectionImpl$5.onError(BoltConnectionImpl.java:364)
			at org.neo4j.bolt.connection.netty.impl.messaging.v4.BoltProtocolV4$2.onError(BoltProtocolV4.java:205)
			at org.neo4j.bolt.connection.netty.impl.handlers.PullResponseHandlerImpl.onFailure(PullResponseHandlerImpl.java:46)
			at org.neo4j.bolt.connection.netty.impl.async.inbound.InboundMessageDispatcher.handleFailureMessage(InboundMessageDispatcher.java:108)
			at org.neo4j.bolt.connection.netty.impl.messaging.v57.MessageReaderV57.unpackFailureMessage(MessageReaderV57.java:46)
			at org.neo4j.bolt.connection.netty.impl.messaging.common.CommonMessageReader.read(CommonMessageReader.java:53)
			at org.neo4j.bolt.connection.netty.impl.async.inbound.InboundMessageHandler.channelRead0(InboundMessageHandler.java:81)
			at org.neo4j.bolt.connection.netty.impl.async.inbound.InboundMessageHandler.channelRead0(InboundMessageHandler.java:34)
			at io.netty.channel.SimpleChannelInboundHandler.channelRead(SimpleChannelInboundHandler.java:99)
			at io.netty.channel.AbstractChannelHandlerContext.fireChannelRead(AbstractChannelHandlerContext.java:356)
			at io.netty.handler.codec.ByteToMessageDecoder.fireChannelRead(ByteToMessageDecoder.java:346)
			at io.netty.handler.codec.ByteToMessageDecoder.channelRead(ByteToMessageDecoder.java:318)
			at org.neo4j.bolt.connection.netty.impl.async.inbound.MessageDecoder.channelRead(MessageDecoder.java:40)
			at io.netty.channel.AbstractChannelHandlerContext.fireChannelRead(AbstractChannelHandlerContext.java:356)
			at io.netty.handler.codec.ByteToMessageDecoder.fireChannelRead(ByteToMessageDecoder.java:346)
			at io.netty.handler.codec.ByteToMessageDecoder.channelRead(ByteToMessageDecoder.java:318)
			at io.netty.channel.AbstractChannelHandlerContext.fireChannelRead(AbstractChannelHandlerContext.java:356)
			at io.netty.handler.timeout.IdleStateHandler.channelRead(IdleStateHandler.java:293)
			at io.netty.channel.AbstractChannelHandlerContext.fireChannelRead(AbstractChannelHandlerContext.java:354)
			at io.netty.channel.DefaultChannelPipeline$HeadContext.channelRead(DefaultChannelPipeline.java:1429)
			at io.netty.channel.DefaultChannelPipeline.fireChannelRead(DefaultChannelPipeline.java:918)
			at io.netty.channel.nio.AbstractNioByteChannel$NioByteUnsafe.read(AbstractNioByteChannel.java:167)
			at io.netty.channel.nio.AbstractNioChannel$AbstractNioUnsafe.handle(AbstractNioChannel.java:445)
			at io.netty.channel.nio.NioIoHandler$DefaultNioRegistration.handle(NioIoHandler.java:381)
			at io.netty.channel.nio.NioIoHandler.processSelectedKey(NioIoHandler.java:587)
			at io.netty.channel.nio.NioIoHandler.processSelectedKeysOptimized(NioIoHandler.java:562)
			at io.netty.channel.nio.NioIoHandler.processSelectedKeys(NioIoHandler.java:503)
			at io.netty.channel.nio.NioIoHandler.run(NioIoHandler.java:475)
			at io.netty.channel.SingleThreadIoEventLoop.runIo(SingleThreadIoEventLoop.java:225)
			at io.netty.channel.SingleThreadIoEventLoop.run(SingleThreadIoEventLoop.java:196)
			at io.netty.util.concurrent.SingleThreadEventExecutor$5.run(SingleThreadEventExecutor.java:1193)
			at io.netty.util.internal.ThreadExecutorMap$2.run(ThreadExecutorMap.java:74)
			at io.netty.util.concurrent.FastThreadLocalRunnable.run(FastThreadLocalRunnable.java:30)
			at java.base/java.lang.Thread.run(Thread.java:1583)
	Caused by: org.neo4j.driver.exceptions.Neo4jException: 53U00: Execution of the function example.ipBelongsToNetwork() failed due to java.lang.RuntimeException: Invalid IP or network format: For input string: "abc".
		at org.neo4j.driver.internal.adaptedbolt.ErrorMapper.mapGqlCause(ErrorMapper.java:179)
		at java.base/java.util.Optional.map(Optional.java:260)
		at org.neo4j.driver.internal.adaptedbolt.ErrorMapper.mapBoltFailureException(ErrorMapper.java:122)
		at org.neo4j.driver.internal.adaptedbolt.ErrorMapper.map(ErrorMapper.java:81)
		at org.neo4j.driver.internal.adaptedbolt.AdaptingDriverResponseHandler.onError(AdaptingDriverResponseHandler.java:68)
		at org.neo4j.bolt.connection.pooled.impl.PooledBoltConnection$PooledResponseHandler.onError(PooledBoltConnection.java:204)
		at org.neo4j.bolt.connection.netty.impl.BoltConnectionImpl$ResponseHandleImpl.lambda$onError$1(BoltConnectionImpl.java:676)
		at org.neo4j.bolt.connection.netty.impl.BoltConnectionImpl$ResponseHandleImpl.runIgnoringError(BoltConnectionImpl.java:808)
		at org.neo4j.bolt.connection.netty.impl.BoltConnectionImpl$ResponseHandleImpl.onError(BoltConnectionImpl.java:676)
		at org.neo4j.bolt.connection.netty.impl.BoltConnectionImpl$5.onError(BoltConnectionImpl.java:364)
		at org.neo4j.bolt.connection.netty.impl.messaging.v4.BoltProtocolV4$2.onError(BoltProtocolV4.java:205)
		at org.neo4j.bolt.connection.netty.impl.handlers.PullResponseHandlerImpl.onFailure(PullResponseHandlerImpl.java:46)
		at org.neo4j.bolt.connection.netty.impl.async.inbound.InboundMessageDispatcher.handleFailureMessage(InboundMessageDispatcher.java:108)
		at org.neo4j.bolt.connection.netty.impl.messaging.v57.MessageReaderV57.unpackFailureMessage(MessageReaderV57.java:46)
		at org.neo4j.bolt.connection.netty.impl.messaging.common.CommonMessageReader.read(CommonMessageReader.java:53)
		at org.neo4j.bolt.connection.netty.impl.async.inbound.InboundMessageHandler.channelRead0(InboundMessageHandler.java:81)
		at org.neo4j.bolt.connection.netty.impl.async.inbound.InboundMessageHandler.channelRead0(InboundMessageHandler.java:34)
		at io.netty.channel.SimpleChannelInboundHandler.channelRead(SimpleChannelInboundHandler.java:99)
		at io.netty.channel.AbstractChannelHandlerContext.fireChannelRead(AbstractChannelHandlerContext.java:356)
		at io.netty.handler.codec.ByteToMessageDecoder.fireChannelRead(ByteToMessageDecoder.java:346)
		at io.netty.handler.codec.ByteToMessageDecoder.channelRead(ByteToMessageDecoder.java:318)
		at org.neo4j.bolt.connection.netty.impl.async.inbound.MessageDecoder.channelRead(MessageDecoder.java:40)
		at io.netty.channel.AbstractChannelHandlerContext.fireChannelRead(AbstractChannelHandlerContext.java:356)
		at io.netty.handler.codec.ByteToMessageDecoder.fireChannelRead(ByteToMessageDecoder.java:346)
		at io.netty.handler.codec.ByteToMessageDecoder.channelRead(ByteToMessageDecoder.java:318)
		at io.netty.channel.AbstractChannelHandlerContext.fireChannelRead(AbstractChannelHandlerContext.java:356)
		at io.netty.handler.timeout.IdleStateHandler.channelRead(IdleStateHandler.java:293)
		at io.netty.channel.AbstractChannelHandlerContext.fireChannelRead(AbstractChannelHandlerContext.java:354)
		at io.netty.channel.DefaultChannelPipeline$HeadContext.channelRead(DefaultChannelPipeline.java:1429)
		at io.netty.channel.DefaultChannelPipeline.fireChannelRead(DefaultChannelPipeline.java:918)
		at io.netty.channel.nio.AbstractNioByteChannel$NioByteUnsafe.read(AbstractNioByteChannel.java:167)
		at io.netty.channel.nio.AbstractNioChannel$AbstractNioUnsafe.handle(AbstractNioChannel.java:445)
		at io.netty.channel.nio.NioIoHandler$DefaultNioRegistration.handle(NioIoHandler.java:381)
		at io.netty.channel.nio.NioIoHandler.processSelectedKey(NioIoHandler.java:587)
		at io.netty.channel.nio.NioIoHandler.processSelectedKeysOptimized(NioIoHandler.java:562)
		at io.netty.channel.nio.NioIoHandler.processSelectedKeys(NioIoHandler.java:503)
		at io.netty.channel.nio.NioIoHandler.run(NioIoHandler.java:475)
		at io.netty.channel.SingleThreadIoEventLoop.runIo(SingleThreadIoEventLoop.java:225)
		at io.netty.channel.SingleThreadIoEventLoop.run(SingleThreadIoEventLoop.java:196)
		at io.netty.util.concurrent.SingleThreadEventExecutor$5.run(SingleThreadEventExecutor.java:1193)
		at io.netty.util.internal.ThreadExecutorMap$2.run(ThreadExecutorMap.java:74)
		at io.netty.util.concurrent.FastThreadLocalRunnable.run(FastThreadLocalRunnable.java:30)
		at java.base/java.lang.Thread.run(Thread.java:1583)

example.NetworkUtilsTest.testInvalidNetwork(String, String)[5] -- Time elapsed: 0.232 s <<< FAILURE!
java.lang.AssertionError: 

Expecting code to raise a throwable.
	at example.NetworkUtilsTest.testInvalidNetwork(NetworkUtilsTest.java:109)
	Suppressed: org.neo4j.driver.exceptions.ClientException: Failed to invoke function `example.ipBelongsToNetwork`: Caused by: java.lang.RuntimeException: Invalid IP or network format: 999.999.999.999
		at org.neo4j.driver.internal.util.Futures.blockingGet(Futures.java:63)
		at org.neo4j.driver.internal.InternalSession.lambda$close$3(InternalSession.java:90)
		at org.neo4j.driver.internal.observation.util.ObservationUtil.observe(ObservationUtil.java:40)
		at org.neo4j.driver.internal.InternalSession.close(InternalSession.java:88)
		at example.NetworkUtilsTest.testInvalidNetwork(NetworkUtilsTest.java:106)
		Suppressed: org.neo4j.driver.internal.util.ErrorUtil$InternalExceptionCause
			at org.neo4j.driver.internal.adaptedbolt.ErrorMapper.mapToNeo4jException(ErrorMapper.java:224)
			at org.neo4j.driver.internal.adaptedbolt.ErrorMapper.mapBoltFailureException(ErrorMapper.java:141)
			at org.neo4j.driver.internal.adaptedbolt.ErrorMapper.map(ErrorMapper.java:81)
			at org.neo4j.driver.internal.adaptedbolt.AdaptingDriverResponseHandler.onError(AdaptingDriverResponseHandler.java:68)
			at org.neo4j.bolt.connection.pooled.impl.PooledBoltConnection$PooledResponseHandler.onError(PooledBoltConnection.java:204)
			at org.neo4j.bolt.connection.netty.impl.BoltConnectionImpl$ResponseHandleImpl.lambda$onError$1(BoltConnectionImpl.java:676)
			at org.neo4j.bolt.connection.netty.impl.BoltConnectionImpl$ResponseHandleImpl.runIgnoringError(BoltConnectionImpl.java:808)
			at org.neo4j.bolt.connection.netty.impl.BoltConnectionImpl$ResponseHandleImpl.onError(BoltConnectionImpl.java:676)
			at org.neo4j.bolt.connection.netty.impl.BoltConnectionImpl$5.onError(BoltConnectionImpl.java:364)
			at org.neo4j.bolt.connection.netty.impl.messaging.v4.BoltProtocolV4$2.onError(BoltProtocolV4.java:205)
			at org.neo4j.bolt.connection.netty.impl.handlers.PullResponseHandlerImpl.onFailure(PullResponseHandlerImpl.java:46)
			at org.neo4j.bolt.connection.netty.impl.async.inbound.InboundMessageDispatcher.handleFailureMessage(InboundMessageDispatcher.java:108)
			at org.neo4j.bolt.connection.netty.impl.messaging.v57.MessageReaderV57.unpackFailureMessage(MessageReaderV57.java:46)
			at org.neo4j.bolt.connection.netty.impl.messaging.common.CommonMessageReader.read(CommonMessageReader.java:53)
			at org.neo4j.bolt.connection.netty.impl.async.inbound.InboundMessageHandler.channelRead0(InboundMessageHandler.java:81)
			at org.neo4j.bolt.connection.netty.impl.async.inbound.InboundMessageHandler.channelRead0(InboundMessageHandler.java:34)
			at io.netty.channel.SimpleChannelInboundHandler.channelRead(SimpleChannelInboundHandler.java:99)
			at io.netty.channel.AbstractChannelHandlerContext.fireChannelRead(AbstractChannelHandlerContext.java:356)
			at io.netty.handler.codec.ByteToMessageDecoder.fireChannelRead(ByteToMessageDecoder.java:346)
			at io.netty.handler.codec.ByteToMessageDecoder.channelRead(ByteToMessageDecoder.java:318)
			at org.neo4j.bolt.connection.netty.impl.async.inbound.MessageDecoder.channelRead(MessageDecoder.java:40)
			at io.netty.channel.AbstractChannelHandlerContext.fireChannelRead(AbstractChannelHandlerContext.java:356)
			at io.netty.handler.codec.ByteToMessageDecoder.fireChannelRead(ByteToMessageDecoder.java:346)
			at io.netty.handler.codec.ByteToMessageDecoder.channelRead(ByteToMessageDecoder.java:318)
			at io.netty.channel.AbstractChannelHandlerContext.fireChannelRead(AbstractChannelHandlerContext.java:356)
			at io.netty.handler.timeout.IdleStateHandler.channelRead(IdleStateHandler.java:293)
			at io.netty.channel.AbstractChannelHandlerContext.fireChannelRead(AbstractChannelHandlerContext.java:354)
			at io.netty.channel.DefaultChannelPipeline$HeadContext.channelRead(DefaultChannelPipeline.java:1429)
			at io.netty.channel.DefaultChannelPipeline.fireChannelRead(DefaultChannelPipeline.java:918)
			at io.netty.channel.nio.AbstractNioByteChannel$NioByteUnsafe.read(AbstractNioByteChannel.java:167)
			at io.netty.channel.nio.AbstractNioChannel$AbstractNioUnsafe.handle(AbstractNioChannel.java:445)
			at io.netty.channel.nio.NioIoHandler$DefaultNioRegistration.handle(NioIoHandler.java:381)
			at io.netty.channel.nio.NioIoHandler.processSelectedKey(NioIoHandler.java:587)
			at io.netty.channel.nio.NioIoHandler.processSelectedKeysOptimized(NioIoHandler.java:562)
			at io.netty.channel.nio.NioIoHandler.processSelectedKeys(NioIoHandler.java:503)
			at io.netty.channel.nio.NioIoHandler.run(NioIoHandler.java:475)
			at io.netty.channel.SingleThreadIoEventLoop.runIo(SingleThreadIoEventLoop.java:225)
			at io.netty.channel.SingleThreadIoEventLoop.run(SingleThreadIoEventLoop.java:196)
			at io.netty.util.concurrent.SingleThreadEventExecutor$5.run(SingleThreadEventExecutor.java:1193)
			at io.netty.util.internal.ThreadExecutorMap$2.run(ThreadExecutorMap.java:74)
			at io.netty.util.concurrent.FastThreadLocalRunnable.run(FastThreadLocalRunnable.java:30)
			at java.base/java.lang.Thread.run(Thread.java:1583)
	Caused by: org.neo4j.driver.exceptions.Neo4jException: 53U00: Execution of the function example.ipBelongsToNetwork() failed due to java.lang.RuntimeException: Invalid IP or network format: 999.999.999.999.
		at org.neo4j.driver.internal.adaptedbolt.ErrorMapper.mapGqlCause(ErrorMapper.java:179)
		at java.base/java.util.Optional.map(Optional.java:260)
		at org.neo4j.driver.internal.adaptedbolt.ErrorMapper.mapBoltFailureException(ErrorMapper.java:122)
		at org.neo4j.driver.internal.adaptedbolt.ErrorMapper.map(ErrorMapper.java:81)
		at org.neo4j.driver.internal.adaptedbolt.AdaptingDriverResponseHandler.onError(AdaptingDriverResponseHandler.java:68)
		at org.neo4j.bolt.connection.pooled.impl.PooledBoltConnection$PooledResponseHandler.onError(PooledBoltConnection.java:204)
		at org.neo4j.bolt.connection.netty.impl.BoltConnectionImpl$ResponseHandleImpl.lambda$onError$1(BoltConnectionImpl.java:676)
		at org.neo4j.bolt.connection.netty.impl.BoltConnectionImpl$ResponseHandleImpl.runIgnoringError(BoltConnectionImpl.java:808)
		at org.neo4j.bolt.connection.netty.impl.BoltConnectionImpl$ResponseHandleImpl.onError(BoltConnectionImpl.java:676)
		at org.neo4j.bolt.connection.netty.impl.BoltConnectionImpl$5.onError(BoltConnectionImpl.java:364)
		at org.neo4j.bolt.connection.netty.impl.messaging.v4.BoltProtocolV4$2.onError(BoltProtocolV4.java:205)
		at org.neo4j.bolt.connection.netty.impl.handlers.PullResponseHandlerImpl.onFailure(PullResponseHandlerImpl.java:46)
		at org.neo4j.bolt.connection.netty.impl.async.inbound.InboundMessageDispatcher.handleFailureMessage(InboundMessageDispatcher.java:108)
		at org.neo4j.bolt.connection.netty.impl.messaging.v57.MessageReaderV57.unpackFailureMessage(MessageReaderV57.java:46)
		at org.neo4j.bolt.connection.netty.impl.messaging.common.CommonMessageReader.read(CommonMessageReader.java:53)
		at org.neo4j.bolt.connection.netty.impl.async.inbound.InboundMessageHandler.channelRead0(InboundMessageHandler.java:81)
		at org.neo4j.bolt.connection.netty.impl.async.inbound.InboundMessageHandler.channelRead0(InboundMessageHandler.java:34)
		at io.netty.channel.SimpleChannelInboundHandler.channelRead(SimpleChannelInboundHandler.java:99)
		at io.netty.channel.AbstractChannelHandlerContext.fireChannelRead(AbstractChannelHandlerContext.java:356)
		at io.netty.handler.codec.ByteToMessageDecoder.fireChannelRead(ByteToMessageDecoder.java:346)
		at io.netty.handler.codec.ByteToMessageDecoder.channelRead(ByteToMessageDecoder.java:318)
		at org.neo4j.bolt.connection.netty.impl.async.inbound.MessageDecoder.channelRead(MessageDecoder.java:40)
		at io.netty.channel.AbstractChannelHandlerContext.fireChannelRead(AbstractChannelHandlerContext.java:356)
		at io.netty.handler.codec.ByteToMessageDecoder.fireChannelRead(ByteToMessageDecoder.java:346)
		at io.netty.handler.codec.ByteToMessageDecoder.channelRead(ByteToMessageDecoder.java:318)
		at io.netty.channel.AbstractChannelHandlerContext.fireChannelRead(AbstractChannelHandlerContext.java:356)
		at io.netty.handler.timeout.IdleStateHandler.channelRead(IdleStateHandler.java:293)
		at io.netty.channel.AbstractChannelHandlerContext.fireChannelRead(AbstractChannelHandlerContext.java:354)
		at io.netty.channel.DefaultChannelPipeline$HeadContext.channelRead(DefaultChannelPipeline.java:1429)
		at io.netty.channel.DefaultChannelPipeline.fireChannelRead(DefaultChannelPipeline.java:918)
		at io.netty.channel.nio.AbstractNioByteChannel$NioByteUnsafe.read(AbstractNioByteChannel.java:167)
		at io.netty.channel.nio.AbstractNioChannel$AbstractNioUnsafe.handle(AbstractNioChannel.java:445)
		at io.netty.channel.nio.NioIoHandler$DefaultNioRegistration.handle(NioIoHandler.java:381)
		at io.netty.channel.nio.NioIoHandler.processSelectedKey(NioIoHandler.java:587)
		at io.netty.channel.nio.NioIoHandler.processSelectedKeysOptimized(NioIoHandler.java:562)
		at io.netty.channel.nio.NioIoHandler.processSelectedKeys(NioIoHandler.java:503)
		at io.netty.channel.nio.NioIoHandler.run(NioIoHandler.java:475)
		at io.netty.channel.SingleThreadIoEventLoop.runIo(SingleThreadIoEventLoop.java:225)
		at io.netty.channel.SingleThreadIoEventLoop.run(SingleThreadIoEventLoop.java:196)
		at io.netty.util.concurrent.SingleThreadEventExecutor$5.run(SingleThreadEventExecutor.java:1193)
		at io.netty.util.internal.ThreadExecutorMap$2.run(ThreadExecutorMap.java:74)
		at io.netty.util.concurrent.FastThreadLocalRunnable.run(FastThreadLocalRunnable.java:30)
		at java.base/java.lang.Thread.run(Thread.java:1583)

example.NetworkUtilsTest.testIpBelongsToNetwork(String, String, boolean)[9] -- Time elapsed: 0.228 s <<< ERROR!
org.neo4j.driver.exceptions.ClientException: Failed to invoke function `example.ipBelongsToNetwork`: Caused by: java.lang.RuntimeException: Invalid IP or network format: Range [0, -1) out of bounds for length 13
	at org.neo4j.driver.internal.util.Futures.blockingGet(Futures.java:63)
	at org.neo4j.driver.internal.InternalResult.blockingGet(InternalResult.java:116)
	at org.neo4j.driver.internal.InternalResult.single(InternalResult.java:65)
	at example.NetworkUtilsTest.testIpBelongsToNetwork(NetworkUtilsTest.java:67)
	Suppressed: org.neo4j.driver.internal.util.ErrorUtil$InternalExceptionCause
		at org.neo4j.driver.internal.adaptedbolt.ErrorMapper.mapToNeo4jException(ErrorMapper.java:224)
		at org.neo4j.driver.internal.adaptedbolt.ErrorMapper.mapBoltFailureException(ErrorMapper.java:141)
		at org.neo4j.driver.internal.adaptedbolt.ErrorMapper.map(ErrorMapper.java:81)
		at org.neo4j.driver.internal.adaptedbolt.AdaptingDriverResponseHandler.onError(AdaptingDriverResponseHandler.java:68)
		at org.neo4j.bolt.connection.pooled.impl.PooledBoltConnection$PooledResponseHandler.onError(PooledBoltConnection.java:204)
		at org.neo4j.bolt.connection.netty.impl.BoltConnectionImpl$ResponseHandleImpl.lambda$onError$1(BoltConnectionImpl.java:676)
		at org.neo4j.bolt.connection.netty.impl.BoltConnectionImpl$ResponseHandleImpl.runIgnoringError(BoltConnectionImpl.java:808)
		at org.neo4j.bolt.connection.netty.impl.BoltConnectionImpl$ResponseHandleImpl.onError(BoltConnectionImpl.java:676)
		at org.neo4j.bolt.connection.netty.impl.BoltConnectionImpl$5.onError(BoltConnectionImpl.java:364)
		at org.neo4j.bolt.connection.netty.impl.messaging.v4.BoltProtocolV4$2.onError(BoltProtocolV4.java:205)
		at org.neo4j.bolt.connection.netty.impl.handlers.PullResponseHandlerImpl.onFailure(PullResponseHandlerImpl.java:46)
		at org.neo4j.bolt.connection.netty.impl.async.inbound.InboundMessageDispatcher.handleFailureMessage(InboundMessageDispatcher.java:108)
		at org.neo4j.bolt.connection.netty.impl.messaging.v57.MessageReaderV57.unpackFailureMessage(MessageReaderV57.java:46)
		at org.neo4j.bolt.connection.netty.impl.messaging.common.CommonMessageReader.read(CommonMessageReader.java:53)
		at org.neo4j.bolt.connection.netty.impl.async.inbound.InboundMessageHandler.channelRead0(InboundMessageHandler.java:81)
		at org.neo4j.bolt.connection.netty.impl.async.inbound.InboundMessageHandler.channelRead0(InboundMessageHandler.java:34)
		at io.netty.channel.SimpleChannelInboundHandler.channelRead(SimpleChannelInboundHandler.java:99)
		at io.netty.channel.AbstractChannelHandlerContext.fireChannelRead(AbstractChannelHandlerContext.java:356)
		at io.netty.handler.codec.ByteToMessageDecoder.fireChannelRead(ByteToMessageDecoder.java:346)
		at io.netty.handler.codec.ByteToMessageDecoder.channelRead(ByteToMessageDecoder.java:318)
		at org.neo4j.bolt.connection.netty.impl.async.inbound.MessageDecoder.channelRead(MessageDecoder.java:40)
		at io.netty.channel.AbstractChannelHandlerContext.fireChannelRead(AbstractChannelHandlerContext.java:356)
		at io.netty.handler.codec.ByteToMessageDecoder.fireChannelRead(ByteToMessageDecoder.java:346)
		at io.netty.handler.codec.ByteToMessageDecoder.channelRead(ByteToMessageDecoder.java:318)
		at io.netty.channel.AbstractChannelHandlerContext.fireChannelRead(AbstractChannelHandlerContext.java:356)
		at io.netty.handler.timeout.IdleStateHandler.channelRead(IdleStateHandler.java:293)
		at io.netty.channel.AbstractChannelHandlerContext.fireChannelRead(AbstractChannelHandlerContext.java:354)
		at io.netty.channel.DefaultChannelPipeline$HeadContext.channelRead(DefaultChannelPipeline.java:1429)
		at io.netty.channel.DefaultChannelPipeline.fireChannelRead(DefaultChannelPipeline.java:918)
		at io.netty.channel.nio.AbstractNioByteChannel$NioByteUnsafe.read(AbstractNioByteChannel.java:167)
		at io.netty.channel.nio.AbstractNioChannel$AbstractNioUnsafe.handle(AbstractNioChannel.java:445)
		at io.netty.channel.nio.NioIoHandler$DefaultNioRegistration.handle(NioIoHandler.java:381)
		at io.netty.channel.nio.NioIoHandler.processSelectedKey(NioIoHandler.java:587)
		at io.netty.channel.nio.NioIoHandler.processSelectedKeysOptimized(NioIoHandler.java:562)
		at io.netty.channel.nio.NioIoHandler.processSelectedKeys(NioIoHandler.java:503)
		at io.netty.channel.nio.NioIoHandler.run(NioIoHandler.java:475)
		at io.netty.channel.SingleThreadIoEventLoop.runIo(SingleThreadIoEventLoop.java:225)
		at io.netty.channel.SingleThreadIoEventLoop.run(SingleThreadIoEventLoop.java:196)
		at io.netty.util.concurrent.SingleThreadEventExecutor$5.run(SingleThreadEventExecutor.java:1193)
		at io.netty.util.internal.ThreadExecutorMap$2.run(ThreadExecutorMap.java:74)
		at io.netty.util.concurrent.FastThreadLocalRunnable.run(FastThreadLocalRunnable.java:30)
		at java.base/java.lang.Thread.run(Thread.java:1583)
Caused by: org.neo4j.driver.exceptions.Neo4jException: 53U00: Execution of the function example.ipBelongsToNetwork() failed due to java.lang.RuntimeException: Invalid IP or network format: Range [0, -1) out of bounds for length 13.
	at org.neo4j.driver.internal.adaptedbolt.ErrorMapper.mapGqlCause(ErrorMapper.java:179)
	at java.base/java.util.Optional.map(Optional.java:260)
	at org.neo4j.driver.internal.adaptedbolt.ErrorMapper.mapBoltFailureException(ErrorMapper.java:122)
	at org.neo4j.driver.internal.adaptedbolt.ErrorMapper.map(ErrorMapper.java:81)
	at org.neo4j.driver.internal.adaptedbolt.AdaptingDriverResponseHandler.onError(AdaptingDriverResponseHandler.java:68)
	at org.neo4j.bolt.connection.pooled.impl.PooledBoltConnection$PooledResponseHandler.onError(PooledBoltConnection.java:204)
	at org.neo4j.bolt.connection.netty.impl.BoltConnectionImpl$ResponseHandleImpl.lambda$onError$1(BoltConnectionImpl.java:676)
	at org.neo4j.bolt.connection.netty.impl.BoltConnectionImpl$ResponseHandleImpl.runIgnoringError(BoltConnectionImpl.java:808)
	at org.neo4j.bolt.connection.netty.impl.BoltConnectionImpl$ResponseHandleImpl.onError(BoltConnectionImpl.java:676)
	at org.neo4j.bolt.connection.netty.impl.BoltConnectionImpl$5.onError(BoltConnectionImpl.java:364)
	at org.neo4j.bolt.connection.netty.impl.messaging.v4.BoltProtocolV4$2.onError(BoltProtocolV4.java:205)
	at org.neo4j.bolt.connection.netty.impl.handlers.PullResponseHandlerImpl.onFailure(PullResponseHandlerImpl.java:46)
	at org.neo4j.bolt.connection.netty.impl.async.inbound.InboundMessageDispatcher.handleFailureMessage(InboundMessageDispatcher.java:108)
	at org.neo4j.bolt.connection.netty.impl.messaging.v57.MessageReaderV57.unpackFailureMessage(MessageReaderV57.java:46)
	at org.neo4j.bolt.connection.netty.impl.messaging.common.CommonMessageReader.read(CommonMessageReader.java:53)
	at org.neo4j.bolt.connection.netty.impl.async.inbound.InboundMessageHandler.channelRead0(InboundMessageHandler.java:81)
	at org.neo4j.bolt.connection.netty.impl.async.inbound.InboundMessageHandler.channelRead0(InboundMessageHandler.java:34)
	at io.netty.channel.SimpleChannelInboundHandler.channelRead(SimpleChannelInboundHandler.java:99)
	at io.netty.channel.AbstractChannelHandlerContext.fireChannelRead(AbstractChannelHandlerContext.java:356)
	at io.netty.handler.codec.ByteToMessageDecoder.fireChannelRead(ByteToMessageDecoder.java:346)
	at io.netty.handler.codec.ByteToMessageDecoder.channelRead(ByteToMessageDecoder.java:318)
	at org.neo4j.bolt.connection.netty.impl.async.inbound.MessageDecoder.channelRead(MessageDecoder.java:40)
	at io.netty.channel.AbstractChannelHandlerContext.fireChannelRead(AbstractChannelHandlerContext.java:356)
	at io.netty.handler.codec.ByteToMessageDecoder.fireChannelRead(ByteToMessageDecoder.java:346)
	at io.netty.handler.codec.ByteToMessageDecoder.channelRead(ByteToMessageDecoder.java:318)
	at io.netty.channel.AbstractChannelHandlerContext.fireChannelRead(AbstractChannelHandlerContext.java:356)
	at io.netty.handler.timeout.IdleStateHandler.channelRead(IdleStateHandler.java:293)
	at io.netty.channel.AbstractChannelHandlerContext.fireChannelRead(AbstractChannelHandlerContext.java:354)
	at io.netty.channel.DefaultChannelPipeline$HeadContext.channelRead(DefaultChannelPipeline.java:1429)
	at io.netty.channel.DefaultChannelPipeline.fireChannelRead(DefaultChannelPipeline.java:918)
	at io.netty.channel.nio.AbstractNioByteChannel$NioByteUnsafe.read(AbstractNioByteChannel.java:167)
	at io.netty.channel.nio.AbstractNioChannel$AbstractNioUnsafe.handle(AbstractNioChannel.java:445)
	at io.netty.channel.nio.NioIoHandler$DefaultNioRegistration.handle(NioIoHandler.java:381)
	at io.netty.channel.nio.NioIoHandler.processSelectedKey(NioIoHandler.java:587)
	at io.netty.channel.nio.NioIoHandler.processSelectedKeysOptimized(NioIoHandler.java:562)
	at io.netty.channel.nio.NioIoHandler.processSelectedKeys(NioIoHandler.java:503)
	at io.netty.channel.nio.NioIoHandler.run(NioIoHandler.java:475)
	at io.netty.channel.SingleThreadIoEventLoop.runIo(SingleThreadIoEventLoop.java:225)
	at io.netty.channel.SingleThreadIoEventLoop.run(SingleThreadIoEventLoop.java:196)
	at io.netty.util.concurrent.SingleThreadEventExecutor$5.run(SingleThreadEventExecutor.java:1193)
	at io.netty.util.internal.ThreadExecutorMap$2.run(ThreadExecutorMap.java:74)
	at io.netty.util.concurrent.FastThreadLocalRunnable.run(FastThreadLocalRunnable.java:30)
	at java.base/java.lang.Thread.run(Thread.java:1583)

example.NetworkUtilsTest.testNullIp -- Time elapsed: 0.230 s <<< FAILURE!
java.lang.AssertionError: 

Expecting code to raise a throwable.
	at example.NetworkUtilsTest.testNullIp(NetworkUtilsTest.java:148)

