<?xml version="1.0" encoding="UTF-8"?>
<testsuite xmlns:xsi="http://www.w3.org/2001/XMLSchema-instance" xsi:noNamespaceSchemaLocation="https://maven.apache.org/surefire/maven-surefire-plugin/xsd/surefire-test-report.xsd" version="3.0.2" name="example.NetworkUtilsTest" time="22.655" tests="29" errors="1" skipped="0" failures="13">
  <properties>
[...]
</properties>
  <testcase name="testEmptyIp" classname="NetworkUtils IP CIDR Check Tests" time="0.85">
    <failure message="&#10;Expecting code to raise a throwable." type="java.lang.AssertionError"><![CDATA[java.lang.AssertionError: 

Expecting code to raise a throwable.
	at example.NetworkUtilsTest.testEmptyIp(NetworkUtilsTest.java:122)
]]></failure>
    <system-err><![CDATA[Nov 12, 2025 9:43:21 AM org.neo4j.driver.internal.logging.SystemLogger info
INFO: Driver instance 1034461954 created for server uri 'bolt://127.0.0.1:53498/'
Nov 12, 2025 9:43:21 AM org.neo4j.driver.internal.logging.SystemLogger info
INFO: Closing driver instance 1034461954
]]></system-err>
  </testcase>
  <testcase name="testEmptyNetwork" classname="NetworkUtils IP CIDR Check Tests" time="0.286">
    <failure message="&#10;Expecting code to raise a throwable." type="java.lang.AssertionError"><![CDATA[java.lang.AssertionError: 

Expecting code to raise a throwable.
	at example.NetworkUtilsTest.testEmptyNetwork(NetworkUtilsTest.java:135)
	Suppressed: org.neo4j.driver.exceptions.ClientException: Failed to invoke function `example.ipBelongsToNetwork`: Caused by: java.lang.RuntimeException: Invalid IP or network format: Range [0, -1) out of bounds for length 0
		at org.neo4j.driver.internal.util.Futures.blockingGet(Futures.java:63)
		at org.neo4j.driver.internal.InternalSession.lambda$close$3(InternalSession.java:90)
		at org.neo4j.driver.internal.observation.util.ObservationUtil.observe(ObservationUtil.java:40)
		at org.neo4j.driver.internal.InternalSession.close(InternalSession.java:88)
		at example.NetworkUtilsTest.testEmptyNetwork(NetworkUtilsTest.java:132)
		Suppressed: org.neo4j.driver.internal.util.ErrorUtil$InternalExceptionCause
			at org.neo4j.driver.internal.adaptedbolt.ErrorMapper.mapToNeo4jException(ErrorMapper.java:224)
			at org.neo4j.driver.internal.adaptedbolt.ErrorMapper.mapBoltFailureException(ErrorMapper.java:141)
			at org.neo4j.driver.internal.adaptedbolt.ErrorMapper.map(ErrorMapper.java:81)
			at org.neo4j.driver.internal.adaptedbolt.AdaptingDriverResponseHandler.onError(AdaptingDriverResponseHandler.java:68)
			at org.neo4j.bolt.connection.pooled.impl.PooledBoltConnection$PooledResponseHandler.onError(PooledBoltConnection.java:204)
			at org.neo4j.bolt.connection.netty.impl.BoltConnectionImpl$ResponseHandleImpl.lambda$onError$1(BoltConnectionImpl.java:676)
			at org.neo4j.bolt.connection.netty.impl.BoltConnectionImpl$ResponseHandleImpl.runIgnoringError(BoltConnectionImpl.java:808)
			at org.neo4j.bolt.connection.netty.impl.BoltConnectionImpl$ResponseHandleImpl.onError(BoltConnectionImpl.java:676)
			at org.neo4j.bolt.connection.netty.impl.BoltConnectionImpl$5.onError(BoltConnectionImpl.java:364)
			at org.neo4j.bolt.connection.netty.impl.messaging.v4.BoltProtocolV4$2.onError(BoltProtocolV4.java:205)
			at org.neo4j.bolt.connection.netty.impl.handlers.PullResponseHandlerImpl.onFailure(PullResponseHandlerImpl.java:46)
			at org.neo4j.bolt.connection.netty.impl.async.inbound.InboundMessageDispatcher.handleFailureMessage(InboundMessageDispatcher.java:108)
			at org.neo4j.bolt.connection.netty.impl.messaging.v57.MessageReaderV57.unpackFailureMessage(MessageReaderV57.java:46)
			at org.neo4j.bolt.connection.netty.impl.messaging.common.CommonMessageReader.read(CommonMessageReader.java:53)
			at org.neo4j.bolt.connection.netty.impl.async.inbound.InboundMessageHandler.channelRead0(InboundMessageHandler.java:81)
			at org.neo4j.bolt.connection.netty.impl.async.inbound.InboundMessageHandler.channelRead0(InboundMessageHandler.java:34)
			at io.netty.channel.SimpleChannelInboundHandler.channelRead(SimpleChannelInboundHandler.java:99)
			at io.netty.channel.AbstractChannelHandlerContext.fireChannelRead(AbstractChannelHandlerContext.java:356)
			at io.netty.handler.codec.ByteToMessageDecoder.fireChannelRead(ByteToMessageDecoder.java:346)
			at io.netty.handler.codec.ByteToMessageDecoder.channelRead(ByteToMessageDecoder.java:318)
			at org.neo4j.bolt.connection.netty.impl.async.inbound.MessageDecoder.channelRead(MessageDecoder.java:40)
			at io.netty.channel.AbstractChannelHandlerContext.fireChannelRead(AbstractChannelHandlerContext.java:356)
			at io.netty.handler.codec.ByteToMessageDecoder.fireChannelRead(ByteToMessageDecoder.java:346)
			at io.netty.handler.codec.ByteToMessageDecoder.channelRead(ByteToMessageDecoder.java:318)
			at io.netty.channel.AbstractChannelHandlerContext.fireChannelRead(AbstractChannelHandlerContext.java:356)
			at io.netty.handler.timeout.IdleStateHandler.channelRead(IdleStateHandler.java:293)
			at io.netty.channel.AbstractChannelHandlerContext.fireChannelRead(AbstractChannelHandlerContext.java:354)
			at io.netty.channel.DefaultChannelPipeline$HeadContext.channelRead(DefaultChannelPipeline.java:1429)
			at io.netty.channel.DefaultChannelPipeline.fireChannelRead(DefaultChannelPipeline.java:918)
			at io.netty.channel.nio.AbstractNioByteChannel$NioByteUnsafe.read(AbstractNioByteChannel.java:167)
			at io.netty.channel.nio.AbstractNioChannel$AbstractNioUnsafe.handle(AbstractNioChannel.java:445)
			at io.netty.channel.nio.NioIoHandler$DefaultNioRegistration.handle(NioIoHandler.java:381)
			at io.netty.channel.nio.NioIoHandler.processSelectedKey(NioIoHandler.java:587)
			at io.netty.channel.nio.NioIoHandler.processSelectedKeysOptimized(NioIoHandler.java:562)
			at io.netty.channel.nio.NioIoHandler.processSelectedKeys(NioIoHandler.java:503)
			at io.netty.channel.nio.NioIoHandler.run(NioIoHandler.java:475)
			at io.netty.channel.SingleThreadIoEventLoop.runIo(SingleThreadIoEventLoop.java:225)
			at io.netty.channel.SingleThreadIoEventLoop.run(SingleThreadIoEventLoop.java:196)
			at io.netty.util.concurrent.SingleThreadEventExecutor$5.run(SingleThreadEventExecutor.java:1193)
			at io.netty.util.internal.ThreadExecutorMap$2.run(ThreadExecutorMap.java:74)
			at io.netty.util.concurrent.FastThreadLocalRunnable.run(FastThreadLocalRunnable.java:30)
			at java.base/java.lang.Thread.run(Thread.java:1583)
	Caused by: org.neo4j.driver.exceptions.Neo4jException: 53U00: Execution of the function example.ipBelongsToNetwork() failed due to java.lang.RuntimeException: Invalid IP or network format: Range [0, -1) out of bounds for length 0.
		at org.neo4j.driver.internal.adaptedbolt.ErrorMapper.mapGqlCause(ErrorMapper.java:179)
		at java.base/java.util.Optional.map(Optional.java:260)
		at org.neo4j.driver.internal.adaptedbolt.ErrorMapper.mapBoltFailureException(ErrorMapper.java:122)
		at org.neo4j.driver.internal.adaptedbolt.ErrorMapper.map(ErrorMapper.java:81)
		at org.neo4j.driver.internal.adaptedbolt.AdaptingDriverResponseHandler.onError(AdaptingDriverResponseHandler.java:68)
		at org.neo4j.bolt.connection.pooled.impl.PooledBoltConnection$PooledResponseHandler.onError(PooledBoltConnection.java:204)
		at org.neo4j.bolt.connection.netty.impl.BoltConnectionImpl$ResponseHandleImpl.lambda$onError$1(BoltConnectionImpl.java:676)
		at org.neo4j.bolt.connection.netty.impl.BoltConnectionImpl$ResponseHandleImpl.runIgnoringError(BoltConnectionImpl.java:808)
		at org.neo4j.bolt.connection.netty.impl.BoltConnectionImpl$ResponseHandleImpl.onError(BoltConnectionImpl.java:676)
		at org.neo4j.bolt.connection.netty.impl.BoltConnectionImpl$5.onError(BoltConnectionImpl.java:364)
		at org.neo4j.bolt.connection.netty.impl.messaging.v4.BoltProtocolV4$2.onError(BoltProtocolV4.java:205)
		at org.neo4j.bolt.connection.netty.impl.handlers.PullResponseHandlerImpl.onFailure(PullResponseHandlerImpl.java:46)
		at org.neo4j.bolt.connection.netty.impl.async.inbound.InboundMessageDispatcher.handleFailureMessage(InboundMessageDispatcher.java:108)
		at org.neo4j.bolt.connection.netty.impl.messaging.v57.MessageReaderV57.unpackFailureMessage(MessageReaderV57.java:46)
		at org.neo4j.bolt.connection.netty.impl.messaging.common.CommonMessageReader.read(CommonMessageReader.java:53)
		at org.neo4j.bolt.connection.netty.impl.async.inbound.InboundMessageHandler.channelRead0(InboundMessageHandler.java:81)
		at org.neo4j.bolt.connection.netty.impl.async.inbound.InboundMessageHandler.channelRead0(InboundMessageHandler.java:34)
		at io.netty.channel.SimpleChannelInboundHandler.channelRead(SimpleChannelInboundHandler.java:99)
		at io.netty.channel.AbstractChannelHandlerContext.fireChannelRead(AbstractChannelHandlerContext.java:356)
		at io.netty.handler.codec.ByteToMessageDecoder.fireChannelRead(ByteToMessageDecoder.java:346)
		at io.netty.handler.codec.ByteToMessageDecoder.channelRead(ByteToMessageDecoder.java:318)
		at org.neo4j.bolt.connection.netty.impl.async.inbound.MessageDecoder.channelRead(MessageDecoder.java:40)
		at io.netty.channel.AbstractChannelHandlerContext.fireChannelRead(AbstractChannelHandlerContext.java:356)
		at io.netty.handler.codec.ByteToMessageDecoder.fireChannelRead(ByteToMessageDecoder.java:346)
		at io.netty.handler.codec.ByteToMessageDecoder.channelRead(ByteToMessageDecoder.java:318)
		at io.netty.channel.AbstractChannelHandlerContext.fireChannelRead(AbstractChannelHandlerContext.java:356)
		at io.netty.handler.timeout.IdleStateHandler.channelRead(IdleStateHandler.java:293)
		at io.netty.channel.AbstractChannelHandlerContext.fireChannelRead(AbstractChannelHandlerContext.java:354)
		at io.netty.channel.DefaultChannelPipeline$HeadContext.channelRead(DefaultChannelPipeline.java:1429)
		at io.netty.channel.DefaultChannelPipeline.fireChannelRead(DefaultChannelPipeline.java:918)
		at io.netty.channel.nio.AbstractNioByteChannel$NioByteUnsafe.read(AbstractNioByteChannel.java:167)
		at io.netty.channel.nio.AbstractNioChannel$AbstractNioUnsafe.handle(AbstractNioChannel.java:445)
		at io.netty.channel.nio.NioIoHandler$DefaultNioRegistration.handle(NioIoHandler.java:381)
		at io.netty.channel.nio.NioIoHandler.processSelectedKey(NioIoHandler.java:587)
		at io.netty.channel.nio.NioIoHandler.processSelectedKeysOptimized(NioIoHandler.java:562)
		at io.netty.channel.nio.NioIoHandler.processSelectedKeys(NioIoHandler.java:503)
		at io.netty.channel.nio.NioIoHandler.run(NioIoHandler.java:475)
		at io.netty.channel.SingleThreadIoEventLoop.runIo(SingleThreadIoEventLoop.java:225)
		at io.netty.channel.SingleThreadIoEventLoop.run(SingleThreadIoEventLoop.java:196)
		at io.netty.util.concurrent.SingleThreadEventExecutor$5.run(SingleThreadEventExecutor.java:1193)
		at io.netty.util.internal.ThreadExecutorMap$2.run(ThreadExecutorMap.java:74)
		at io.netty.util.concurrent.FastThreadLocalRunnable.run(FastThreadLocalRunnable.java:30)
		at java.base/java.lang.Thread.run(Thread.java:1583)
]]></failure>
    <system-err><![CDATA[Nov 12, 2025 9:43:21 AM org.neo4j.driver.internal.logging.SystemLogger info
INFO: Driver instance 851339053 created for server uri 'bolt://127.0.0.1:53498/'
Nov 12, 2025 9:43:21 AM org.neo4j.driver.internal.logging.SystemLogger info
INFO: Closing driver instance 851339053
]]></system-err>
  </testcase>
  <testcase name="testInvalidIp(String, String)[1]" classname="NetworkUtils IP CIDR Check Tests" time="0.346">
    <failure message="&#10;Expecting code to raise a throwable." type="java.lang.AssertionError"><![CDATA[java.lang.AssertionError: 

Expecting code to raise a throwable.
	at example.NetworkUtilsTest.testInvalidIp(NetworkUtilsTest.java:89)
	Suppressed: org.neo4j.driver.exceptions.ClientException: Failed to invoke function `example.ipBelongsToNetwork`: Caused by: java.lang.RuntimeException: Invalid IP or network format: invalid_ip: nodename nor servname provided, or not known
		at org.neo4j.driver.internal.util.Futures.blockingGet(Futures.java:63)
		at org.neo4j.driver.internal.InternalSession.lambda$close$3(InternalSession.java:90)
		at org.neo4j.driver.internal.observation.util.ObservationUtil.observe(ObservationUtil.java:40)
		at org.neo4j.driver.internal.InternalSession.close(InternalSession.java:88)
		at example.NetworkUtilsTest.testInvalidIp(NetworkUtilsTest.java:86)
		Suppressed: org.neo4j.driver.internal.util.ErrorUtil$InternalExceptionCause
			at org.neo4j.driver.internal.adaptedbolt.ErrorMapper.mapToNeo4jException(ErrorMapper.java:224)
			at org.neo4j.driver.internal.adaptedbolt.ErrorMapper.mapBoltFailureException(ErrorMapper.java:141)
			at org.neo4j.driver.internal.adaptedbolt.ErrorMapper.map(ErrorMapper.java:81)
			at org.neo4j.driver.internal.adaptedbolt.AdaptingDriverResponseHandler.onError(AdaptingDriverResponseHandler.java:68)
			at org.neo4j.bolt.connection.pooled.impl.PooledBoltConnection$PooledResponseHandler.onError(PooledBoltConnection.java:204)
			at org.neo4j.bolt.connection.netty.impl.BoltConnectionImpl$ResponseHandleImpl.lambda$onError$1(BoltConnectionImpl.java:676)
			at org.neo4j.bolt.connection.netty.impl.BoltConnectionImpl$ResponseHandleImpl.runIgnoringError(BoltConnectionImpl.java:808)
			at org.neo4j.bolt.connection.netty.impl.BoltConnectionImpl$ResponseHandleImpl.onError(BoltConnectionImpl.java:676)
			at org.neo4j.bolt.connection.netty.impl.BoltConnectionImpl$5.onError(BoltConnectionImpl.java:364)
			at org.neo4j.bolt.connection.netty.impl.messaging.v4.BoltProtocolV4$2.onError(BoltProtocolV4.java:205)
			at org.neo4j.bolt.connection.netty.impl.handlers.PullResponseHandlerImpl.onFailure(PullResponseHandlerImpl.java:46)
			at org.neo4j.bolt.connection.netty.impl.async.inbound.InboundMessageDispatcher.handleFailureMessage(InboundMessageDispatcher.java:108)
			at org.neo4j.bolt.connection.netty.impl.messaging.v57.MessageReaderV57.unpackFailureMessage(MessageReaderV57.java:46)
			at org.neo4j.bolt.connection.netty.impl.messaging.common.CommonMessageReader.read(CommonMessageReader.java:53)
			at org.neo4j.bolt.connection.netty.impl.async.inbound.InboundMessageHandler.channelRead0(InboundMessageHandler.java:81)
			at org.neo4j.bolt.connection.netty.impl.async.inbound.InboundMessageHandler.channelRead0(InboundMessageHandler.java:34)
			at io.netty.channel.SimpleChannelInboundHandler.channelRead(SimpleChannelInboundHandler.java:99)
			at io.netty.channel.AbstractChannelHandlerContext.fireChannelRead(AbstractChannelHandlerContext.java:356)
			at io.netty.handler.codec.ByteToMessageDecoder.fireChannelRead(ByteToMessageDecoder.java:346)
			at io.netty.handler.codec.ByteToMessageDecoder.channelRead(ByteToMessageDecoder.java:318)
			at org.neo4j.bolt.connection.netty.impl.async.inbound.MessageDecoder.channelRead(MessageDecoder.java:40)
			at io.netty.channel.AbstractChannelHandlerContext.fireChannelRead(AbstractChannelHandlerContext.java:356)
			at io.netty.handler.codec.ByteToMessageDecoder.fireChannelRead(ByteToMessageDecoder.java:346)
			at io.netty.handler.codec.ByteToMessageDecoder.channelRead(ByteToMessageDecoder.java:318)
			at io.netty.channel.AbstractChannelHandlerContext.fireChannelRead(AbstractChannelHandlerContext.java:356)
			at io.netty.handler.timeout.IdleStateHandler.channelRead(IdleStateHandler.java:293)
			at io.netty.channel.AbstractChannelHandlerContext.fireChannelRead(AbstractChannelHandlerContext.java:354)
			at io.netty.channel.DefaultChannelPipeline$HeadContext.channelRead(DefaultChannelPipeline.java:1429)
			at io.netty.channel.DefaultChannelPipeline.fireChannelRead(DefaultChannelPipeline.java:918)
			at io.netty.channel.nio.AbstractNioByteChannel$NioByteUnsafe.read(AbstractNioByteChannel.java:167)
			at io.netty.channel.nio.AbstractNioChannel$AbstractNioUnsafe.handle(AbstractNioChannel.java:445)
			at io.netty.channel.nio.NioIoHandler$DefaultNioRegistration.handle(NioIoHandler.java:381)
			at io.netty.channel.nio.NioIoHandler.processSelectedKey(NioIoHandler.java:587)
			at io.netty.channel.nio.NioIoHandler.processSelectedKeysOptimized(NioIoHandler.java:562)
			at io.netty.channel.nio.NioIoHandler.processSelectedKeys(NioIoHandler.java:503)
			at io.netty.channel.nio.NioIoHandler.run(NioIoHandler.java:475)
			at io.netty.channel.SingleThreadIoEventLoop.runIo(SingleThreadIoEventLoop.java:225)
			at io.netty.channel.SingleThreadIoEventLoop.run(SingleThreadIoEventLoop.java:196)
			at io.netty.util.concurrent.SingleThreadEventExecutor$5.run(SingleThreadEventExecutor.java:1193)
			at io.netty.util.internal.ThreadExecutorMap$2.run(ThreadExecutorMap.java:74)
			at io.netty.util.concurrent.FastThreadLocalRunnable.run(FastThreadLocalRunnable.java:30)
			at java.base/java.lang.Thread.run(Thread.java:1583)
	Caused by: org.neo4j.driver.exceptions.Neo4jException: 53U00: Execution of the function example.ipBelongsToNetwork() failed due to java.lang.RuntimeException: Invalid IP or network format: invalid_ip: nodename nor servname provided, or not known.
		at org.neo4j.driver.internal.adaptedbolt.ErrorMapper.mapGqlCause(ErrorMapper.java:179)
		at java.base/java.util.Optional.map(Optional.java:260)
		at org.neo4j.driver.internal.adaptedbolt.ErrorMapper.mapBoltFailureException(ErrorMapper.java:122)
		at org.neo4j.driver.internal.adaptedbolt.ErrorMapper.map(ErrorMapper.java:81)
		at org.neo4j.driver.internal.adaptedbolt.AdaptingDriverResponseHandler.onError(AdaptingDriverResponseHandler.java:68)
		at org.neo4j.bolt.connection.pooled.impl.PooledBoltConnection$PooledResponseHandler.onError(PooledBoltConnection.java:204)
		at org.neo4j.bolt.connection.netty.impl.BoltConnectionImpl$ResponseHandleImpl.lambda$onError$1(BoltConnectionImpl.java:676)
		at org.neo4j.bolt.connection.netty.impl.BoltConnectionImpl$ResponseHandleImpl.runIgnoringError(BoltConnectionImpl.java:808)
		at org.neo4j.bolt.connection.netty.impl.BoltConnectionImpl$ResponseHandleImpl.onError(BoltConnectionImpl.java:676)
		at org.neo4j.bolt.connection.netty.impl.BoltConnectionImpl$5.onError(BoltConnectionImpl.java:364)
		at org.neo4j.bolt.connection.netty.impl.messaging.v4.BoltProtocolV4$2.onError(BoltProtocolV4.java:205)
		at org.neo4j.bolt.connection.netty.impl.handlers.PullResponseHandlerImpl.onFailure(PullResponseHandlerImpl.java:46)
		at org.neo4j.bolt.connection.netty.impl.async.inbound.InboundMessageDispatcher.handleFailureMessage(InboundMessageDispatcher.java:108)
		at org.neo4j.bolt.connection.netty.impl.messaging.v57.MessageReaderV57.unpackFailureMessage(MessageReaderV57.java:46)
		at org.neo4j.bolt.connection.netty.impl.messaging.common.CommonMessageReader.read(CommonMessageReader.java:53)
		at org.neo4j.bolt.connection.netty.impl.async.inbound.InboundMessageHandler.channelRead0(InboundMessageHandler.java:81)
		at org.neo4j.bolt.connection.netty.impl.async.inbound.InboundMessageHandler.channelRead0(InboundMessageHandler.java:34)
		at io.netty.channel.SimpleChannelInboundHandler.channelRead(SimpleChannelInboundHandler.java:99)
		at io.netty.channel.AbstractChannelHandlerContext.fireChannelRead(AbstractChannelHandlerContext.java:356)
		at io.netty.handler.codec.ByteToMessageDecoder.fireChannelRead(ByteToMessageDecoder.java:346)
		at io.netty.handler.codec.ByteToMessageDecoder.channelRead(ByteToMessageDecoder.java:318)
		at org.neo4j.bolt.connection.netty.impl.async.inbound.MessageDecoder.channelRead(MessageDecoder.java:40)
		at io.netty.channel.AbstractChannelHandlerContext.fireChannelRead(AbstractChannelHandlerContext.java:356)
		at io.netty.handler.codec.ByteToMessageDecoder.fireChannelRead(ByteToMessageDecoder.java:346)
		at io.netty.handler.codec.ByteToMessageDecoder.channelRead(ByteToMessageDecoder.java:318)
		at io.netty.channel.AbstractChannelHandlerContext.fireChannelRead(AbstractChannelHandlerContext.java:356)
		at io.netty.handler.timeout.IdleStateHandler.channelRead(IdleStateHandler.java:293)
		at io.netty.channel.AbstractChannelHandlerContext.fireChannelRead(AbstractChannelHandlerContext.java:354)
		at io.netty.channel.DefaultChannelPipeline$HeadContext.channelRead(DefaultChannelPipeline.java:1429)
		at io.netty.channel.DefaultChannelPipeline.fireChannelRead(DefaultChannelPipeline.java:918)
		at io.netty.channel.nio.AbstractNioByteChannel$NioByteUnsafe.read(AbstractNioByteChannel.java:167)
		at io.netty.channel.nio.AbstractNioChannel$AbstractNioUnsafe.handle(AbstractNioChannel.java:445)
		at io.netty.channel.nio.NioIoHandler$DefaultNioRegistration.handle(NioIoHandler.java:381)
		at io.netty.channel.nio.NioIoHandler.processSelectedKey(NioIoHandler.java:587)
		at io.netty.channel.nio.NioIoHandler.processSelectedKeysOptimized(NioIoHandler.java:562)
		at io.netty.channel.nio.NioIoHandler.processSelectedKeys(NioIoHandler.java:503)
		at io.netty.channel.nio.NioIoHandler.run(NioIoHandler.java:475)
		at io.netty.channel.SingleThreadIoEventLoop.runIo(SingleThreadIoEventLoop.java:225)
		at io.netty.channel.SingleThreadIoEventLoop.run(SingleThreadIoEventLoop.java:196)
		at io.netty.util.concurrent.SingleThreadEventExecutor$5.run(SingleThreadEventExecutor.java:1193)
		at io.netty.util.internal.ThreadExecutorMap$2.run(ThreadExecutorMap.java:74)
		at io.netty.util.concurrent.FastThreadLocalRunnable.run(FastThreadLocalRunnable.java:30)
		at java.base/java.lang.Thread.run(Thread.java:1583)
]]></failure>
    <system-err><![CDATA[Nov 12, 2025 9:43:22 AM org.neo4j.driver.internal.logging.SystemLogger info
INFO: Driver instance 1840141666 created for server uri 'bolt://127.0.0.1:53498/'
Nov 12, 2025 9:43:22 AM org.neo4j.driver.internal.logging.SystemLogger info
INFO: Closing driver instance 1840141666
]]></system-err>
  </testcase>
  <testcase name="testInvalidIp(String, String)[2]" classname="NetworkUtils IP CIDR Check Tests" time="0.351">
    <failure message="&#10;Expecting code to raise a throwable." type="java.lang.AssertionError"><![CDATA[java.lang.AssertionError: 

Expecting code to raise a throwable.
	at example.NetworkUtilsTest.testInvalidIp(NetworkUtilsTest.java:89)
	Suppressed: org.neo4j.driver.exceptions.ClientException: Failed to invoke function `example.ipBelongsToNetwork`: Caused by: java.lang.RuntimeException: Invalid IP or network format: 999.999.999.999: nodename nor servname provided, or not known
		at org.neo4j.driver.internal.util.Futures.blockingGet(Futures.java:63)
		at org.neo4j.driver.internal.InternalSession.lambda$close$3(InternalSession.java:90)
		at org.neo4j.driver.internal.observation.util.ObservationUtil.observe(ObservationUtil.java:40)
		at org.neo4j.driver.internal.InternalSession.close(InternalSession.java:88)
		at example.NetworkUtilsTest.testInvalidIp(NetworkUtilsTest.java:86)
		Suppressed: org.neo4j.driver.internal.util.ErrorUtil$InternalExceptionCause
			at org.neo4j.driver.internal.adaptedbolt.ErrorMapper.mapToNeo4jException(ErrorMapper.java:224)
			at org.neo4j.driver.internal.adaptedbolt.ErrorMapper.mapBoltFailureException(ErrorMapper.java:141)
			at org.neo4j.driver.internal.adaptedbolt.ErrorMapper.map(ErrorMapper.java:81)
			at org.neo4j.driver.internal.adaptedbolt.AdaptingDriverResponseHandler.onError(AdaptingDriverResponseHandler.java:68)
			at org.neo4j.bolt.connection.pooled.impl.PooledBoltConnection$PooledResponseHandler.onError(PooledBoltConnection.java:204)
			at org.neo4j.bolt.connection.netty.impl.BoltConnectionImpl$ResponseHandleImpl.lambda$onError$1(BoltConnectionImpl.java:676)
			at org.neo4j.bolt.connection.netty.impl.BoltConnectionImpl$ResponseHandleImpl.runIgnoringError(BoltConnectionImpl.java:808)
			at org.neo4j.bolt.connection.netty.impl.BoltConnectionImpl$ResponseHandleImpl.onError(BoltConnectionImpl.java:676)
			at org.neo4j.bolt.connection.netty.impl.BoltConnectionImpl$5.onError(BoltConnectionImpl.java:364)
			at org.neo4j.bolt.connection.netty.impl.messaging.v4.BoltProtocolV4$2.onError(BoltProtocolV4.java:205)
			at org.neo4j.bolt.connection.netty.impl.handlers.PullResponseHandlerImpl.onFailure(PullResponseHandlerImpl.java:46)
			at org.neo4j.bolt.connection.netty.impl.async.inbound.InboundMessageDispatcher.handleFailureMessage(InboundMessageDispatcher.java:108)
			at org.neo4j.bolt.connection.netty.impl.messaging.v57.MessageReaderV57.unpackFailureMessage(MessageReaderV57.java:46)
			at org.neo4j.bolt.connection.netty.impl.messaging.common.CommonMessageReader.read(CommonMessageReader.java:53)
			at org.neo4j.bolt.connection.netty.impl.async.inbound.InboundMessageHandler.channelRead0(InboundMessageHandler.java:81)
			at org.neo4j.bolt.connection.netty.impl.async.inbound.InboundMessageHandler.channelRead0(InboundMessageHandler.java:34)
			at io.netty.channel.SimpleChannelInboundHandler.channelRead(SimpleChannelInboundHandler.java:99)
			at io.netty.channel.AbstractChannelHandlerContext.fireChannelRead(AbstractChannelHandlerContext.java:356)
			at io.netty.handler.codec.ByteToMessageDecoder.fireChannelRead(ByteToMessageDecoder.java:346)
			at io.netty.handler.codec.ByteToMessageDecoder.channelRead(ByteToMessageDecoder.java:318)
			at org.neo4j.bolt.connection.netty.impl.async.inbound.MessageDecoder.channelRead(MessageDecoder.java:40)
			at io.netty.channel.AbstractChannelHandlerContext.fireChannelRead(AbstractChannelHandlerContext.java:356)
			at io.netty.handler.codec.ByteToMessageDecoder.fireChannelRead(ByteToMessageDecoder.java:346)
			at io.netty.handler.codec.ByteToMessageDecoder.channelRead(ByteToMessageDecoder.java:318)
			at io.netty.channel.AbstractChannelHandlerContext.fireChannelRead(AbstractChannelHandlerContext.java:356)
			at io.netty.handler.timeout.IdleStateHandler.channelRead(IdleStateHandler.java:293)
			at io.netty.channel.AbstractChannelHandlerContext.fireChannelRead(AbstractChannelHandlerContext.java:354)
			at io.netty.channel.DefaultChannelPipeline$HeadContext.channelRead(DefaultChannelPipeline.java:1429)
			at io.netty.channel.DefaultChannelPipeline.fireChannelRead(DefaultChannelPipeline.java:918)
			at io.netty.channel.nio.AbstractNioByteChannel$NioByteUnsafe.read(AbstractNioByteChannel.java:167)
			at io.netty.channel.nio.AbstractNioChannel$AbstractNioUnsafe.handle(AbstractNioChannel.java:445)
			at io.netty.channel.nio.NioIoHandler$DefaultNioRegistration.handle(NioIoHandler.java:381)
			at io.netty.channel.nio.NioIoHandler.processSelectedKey(NioIoHandler.java:587)
			at io.netty.channel.nio.NioIoHandler.processSelectedKeysOptimized(NioIoHandler.java:562)
			at io.netty.channel.nio.NioIoHandler.processSelectedKeys(NioIoHandler.java:503)
			at io.netty.channel.nio.NioIoHandler.run(NioIoHandler.java:475)
			at io.netty.channel.SingleThreadIoEventLoop.runIo(SingleThreadIoEventLoop.java:225)
			at io.netty.channel.SingleThreadIoEventLoop.run(SingleThreadIoEventLoop.java:196)
			at io.netty.util.concurrent.SingleThreadEventExecutor$5.run(SingleThreadEventExecutor.java:1193)
			at io.netty.util.internal.ThreadExecutorMap$2.run(ThreadExecutorMap.java:74)
			at io.netty.util.concurrent.FastThreadLocalRunnable.run(FastThreadLocalRunnable.java:30)
			at java.base/java.lang.Thread.run(Thread.java:1583)
	Caused by: org.neo4j.driver.exceptions.Neo4jException: 53U00: Execution of the function example.ipBelongsToNetwork() failed due to java.lang.RuntimeException: Invalid IP or network format: 999.999.999.999: nodename nor servname provided, or not known.
		at org.neo4j.driver.internal.adaptedbolt.ErrorMapper.mapGqlCause(ErrorMapper.java:179)
		at java.base/java.util.Optional.map(Optional.java:260)
		at org.neo4j.driver.internal.adaptedbolt.ErrorMapper.mapBoltFailureException(ErrorMapper.java:122)
		at org.neo4j.driver.internal.adaptedbolt.ErrorMapper.map(ErrorMapper.java:81)
		at org.neo4j.driver.internal.adaptedbolt.AdaptingDriverResponseHandler.onError(AdaptingDriverResponseHandler.java:68)
		at org.neo4j.bolt.connection.pooled.impl.PooledBoltConnection$PooledResponseHandler.onError(PooledBoltConnection.java:204)
		at org.neo4j.bolt.connection.netty.impl.BoltConnectionImpl$ResponseHandleImpl.lambda$onError$1(BoltConnectionImpl.java:676)
		at org.neo4j.bolt.connection.netty.impl.BoltConnectionImpl$ResponseHandleImpl.runIgnoringError(BoltConnectionImpl.java:808)
		at org.neo4j.bolt.connection.netty.impl.BoltConnectionImpl$ResponseHandleImpl.onError(BoltConnectionImpl.java:676)
		at org.neo4j.bolt.connection.netty.impl.BoltConnectionImpl$5.onError(BoltConnectionImpl.java:364)
		at org.neo4j.bolt.connection.netty.impl.messaging.v4.BoltProtocolV4$2.onError(BoltProtocolV4.java:205)
		at org.neo4j.bolt.connection.netty.impl.handlers.PullResponseHandlerImpl.onFailure(PullResponseHandlerImpl.java:46)
		at org.neo4j.bolt.connection.netty.impl.async.inbound.InboundMessageDispatcher.handleFailureMessage(InboundMessageDispatcher.java:108)
		at org.neo4j.bolt.connection.netty.impl.messaging.v57.MessageReaderV57.unpackFailureMessage(MessageReaderV57.java:46)
		at org.neo4j.bolt.connection.netty.impl.messaging.common.CommonMessageReader.read(CommonMessageReader.java:53)
		at org.neo4j.bolt.connection.netty.impl.async.inbound.InboundMessageHandler.channelRead0(InboundMessageHandler.java:81)
		at org.neo4j.bolt.connection.netty.impl.async.inbound.InboundMessageHandler.channelRead0(InboundMessageHandler.java:34)
		at io.netty.channel.SimpleChannelInboundHandler.channelRead(SimpleChannelInboundHandler.java:99)
		at io.netty.channel.AbstractChannelHandlerContext.fireChannelRead(AbstractChannelHandlerContext.java:356)
		at io.netty.handler.codec.ByteToMessageDecoder.fireChannelRead(ByteToMessageDecoder.java:346)
		at io.netty.handler.codec.ByteToMessageDecoder.channelRead(ByteToMessageDecoder.java:318)
		at org.neo4j.bolt.connection.netty.impl.async.inbound.MessageDecoder.channelRead(MessageDecoder.java:40)
		at io.netty.channel.AbstractChannelHandlerContext.fireChannelRead(AbstractChannelHandlerContext.java:356)
		at io.netty.handler.codec.ByteToMessageDecoder.fireChannelRead(ByteToMessageDecoder.java:346)
		at io.netty.handler.codec.ByteToMessageDecoder.channelRead(ByteToMessageDecoder.java:318)
		at io.netty.channel.AbstractChannelHandlerContext.fireChannelRead(AbstractChannelHandlerContext.java:356)
		at io.netty.handler.timeout.IdleStateHandler.channelRead(IdleStateHandler.java:293)
		at io.netty.channel.AbstractChannelHandlerContext.fireChannelRead(AbstractChannelHandlerContext.java:354)
		at io.netty.channel.DefaultChannelPipeline$HeadContext.channelRead(DefaultChannelPipeline.java:1429)
		at io.netty.channel.DefaultChannelPipeline.fireChannelRead(DefaultChannelPipeline.java:918)
		at io.netty.channel.nio.AbstractNioByteChannel$NioByteUnsafe.read(AbstractNioByteChannel.java:167)
		at io.netty.channel.nio.AbstractNioChannel$AbstractNioUnsafe.handle(AbstractNioChannel.java:445)
		at io.netty.channel.nio.NioIoHandler$DefaultNioRegistration.handle(NioIoHandler.java:381)
		at io.netty.channel.nio.NioIoHandler.processSelectedKey(NioIoHandler.java:587)
		at io.netty.channel.nio.NioIoHandler.processSelectedKeysOptimized(NioIoHandler.java:562)
		at io.netty.channel.nio.NioIoHandler.processSelectedKeys(NioIoHandler.java:503)
		at io.netty.channel.nio.NioIoHandler.run(NioIoHandler.java:475)
		at io.netty.channel.SingleThreadIoEventLoop.runIo(SingleThreadIoEventLoop.java:225)
		at io.netty.channel.SingleThreadIoEventLoop.run(SingleThreadIoEventLoop.java:196)
		at io.netty.util.concurrent.SingleThreadEventExecutor$5.run(SingleThreadEventExecutor.java:1193)
		at io.netty.util.internal.ThreadExecutorMap$2.run(ThreadExecutorMap.java:74)
		at io.netty.util.concurrent.FastThreadLocalRunnable.run(FastThreadLocalRunnable.java:30)
		at java.base/java.lang.Thread.run(Thread.java:1583)
]]></failure>
    <system-err><![CDATA[Nov 12, 2025 9:43:22 AM org.neo4j.driver.internal.logging.SystemLogger info
INFO: Driver instance 955557441 created for server uri 'bolt://127.0.0.1:53498/'
Nov 12, 2025 9:43:22 AM org.neo4j.driver.internal.logging.SystemLogger info
INFO: Closing driver instance 955557441
]]></system-err>
  </testcase>
  <testcase name="testInvalidIp(String, String)[3]" classname="NetworkUtils IP CIDR Check Tests" time="0.377">
    <failure message="&#10;Expecting code to raise a throwable." type="java.lang.AssertionError"><![CDATA[java.lang.AssertionError: 

Expecting code to raise a throwable.
	at example.NetworkUtilsTest.testInvalidIp(NetworkUtilsTest.java:89)
	Suppressed: org.neo4j.driver.exceptions.ClientException: Failed to invoke function `example.ipBelongsToNetwork`: Caused by: java.lang.RuntimeException: Invalid IP or network format: 10.10.0.256: nodename nor servname provided, or not known
		at org.neo4j.driver.internal.util.Futures.blockingGet(Futures.java:63)
		at org.neo4j.driver.internal.InternalSession.lambda$close$3(InternalSession.java:90)
		at org.neo4j.driver.internal.observation.util.ObservationUtil.observe(ObservationUtil.java:40)
		at org.neo4j.driver.internal.InternalSession.close(InternalSession.java:88)
		at example.NetworkUtilsTest.testInvalidIp(NetworkUtilsTest.java:86)
		Suppressed: org.neo4j.driver.internal.util.ErrorUtil$InternalExceptionCause
			at org.neo4j.driver.internal.adaptedbolt.ErrorMapper.mapToNeo4jException(ErrorMapper.java:224)
			at org.neo4j.driver.internal.adaptedbolt.ErrorMapper.mapBoltFailureException(ErrorMapper.java:141)
			at org.neo4j.driver.internal.adaptedbolt.ErrorMapper.map(ErrorMapper.java:81)
			at org.neo4j.driver.internal.adaptedbolt.AdaptingDriverResponseHandler.onError(AdaptingDriverResponseHandler.java:68)
			at org.neo4j.bolt.connection.pooled.impl.PooledBoltConnection$PooledResponseHandler.onError(PooledBoltConnection.java:204)
			at org.neo4j.bolt.connection.netty.impl.BoltConnectionImpl$ResponseHandleImpl.lambda$onError$1(BoltConnectionImpl.java:676)
			at org.neo4j.bolt.connection.netty.impl.BoltConnectionImpl$ResponseHandleImpl.runIgnoringError(BoltConnectionImpl.java:808)
			at org.neo4j.bolt.connection.netty.impl.BoltConnectionImpl$ResponseHandleImpl.onError(BoltConnectionImpl.java:676)
			at org.neo4j.bolt.connection.netty.impl.BoltConnectionImpl$5.onError(BoltConnectionImpl.java:364)
			at org.neo4j.bolt.connection.netty.impl.messaging.v4.BoltProtocolV4$2.onError(BoltProtocolV4.java:205)
			at org.neo4j.bolt.connection.netty.impl.handlers.PullResponseHandlerImpl.onFailure(PullResponseHandlerImpl.java:46)
			at org.neo4j.bolt.connection.netty.impl.async.inbound.InboundMessageDispatcher.handleFailureMessage(InboundMessageDispatcher.java:108)
			at org.neo4j.bolt.connection.netty.impl.messaging.v57.MessageReaderV57.unpackFailureMessage(MessageReaderV57.java:46)
			at org.neo4j.bolt.connection.netty.impl.messaging.common.CommonMessageReader.read(CommonMessageReader.java:53)
			at org.neo4j.bolt.connection.netty.impl.async.inbound.InboundMessageHandler.channelRead0(InboundMessageHandler.java:81)
			at org.neo4j.bolt.connection.netty.impl.async.inbound.InboundMessageHandler.channelRead0(InboundMessageHandler.java:34)
			at io.netty.channel.SimpleChannelInboundHandler.channelRead(SimpleChannelInboundHandler.java:99)
			at io.netty.channel.AbstractChannelHandlerContext.fireChannelRead(AbstractChannelHandlerContext.java:356)
			at io.netty.handler.codec.ByteToMessageDecoder.fireChannelRead(ByteToMessageDecoder.java:346)
			at io.netty.handler.codec.ByteToMessageDecoder.channelRead(ByteToMessageDecoder.java:318)
			at org.neo4j.bolt.connection.netty.impl.async.inbound.MessageDecoder.channelRead(MessageDecoder.java:40)
			at io.netty.channel.AbstractChannelHandlerContext.fireChannelRead(AbstractChannelHandlerContext.java:356)
			at io.netty.handler.codec.ByteToMessageDecoder.fireChannelRead(ByteToMessageDecoder.java:346)
			at io.netty.handler.codec.ByteToMessageDecoder.channelRead(ByteToMessageDecoder.java:318)
			at io.netty.channel.AbstractChannelHandlerContext.fireChannelRead(AbstractChannelHandlerContext.java:356)
			at io.netty.handler.timeout.IdleStateHandler.channelRead(IdleStateHandler.java:293)
			at io.netty.channel.AbstractChannelHandlerContext.fireChannelRead(AbstractChannelHandlerContext.java:354)
			at io.netty.channel.DefaultChannelPipeline$HeadContext.channelRead(DefaultChannelPipeline.java:1429)
			at io.netty.channel.DefaultChannelPipeline.fireChannelRead(DefaultChannelPipeline.java:918)
			at io.netty.channel.nio.AbstractNioByteChannel$NioByteUnsafe.read(AbstractNioByteChannel.java:167)
			at io.netty.channel.nio.AbstractNioChannel$AbstractNioUnsafe.handle(AbstractNioChannel.java:445)
			at io.netty.channel.nio.NioIoHandler$DefaultNioRegistration.handle(NioIoHandler.java:381)
			at io.netty.channel.nio.NioIoHandler.processSelectedKey(NioIoHandler.java:587)
			at io.netty.channel.nio.NioIoHandler.processSelectedKeysOptimized(NioIoHandler.java:562)
			at io.netty.channel.nio.NioIoHandler.processSelectedKeys(NioIoHandler.java:503)
			at io.netty.channel.nio.NioIoHandler.run(NioIoHandler.java:475)
			at io.netty.channel.SingleThreadIoEventLoop.runIo(SingleThreadIoEventLoop.java:225)
			at io.netty.channel.SingleThreadIoEventLoop.run(SingleThreadIoEventLoop.java:196)
			at io.netty.util.concurrent.SingleThreadEventExecutor$5.run(SingleThreadEventExecutor.java:1193)
			at io.netty.util.internal.ThreadExecutorMap$2.run(ThreadExecutorMap.java:74)
			at io.netty.util.concurrent.FastThreadLocalRunnable.run(FastThreadLocalRunnable.java:30)
			at java.base/java.lang.Thread.run(Thread.java:1583)
	Caused by: org.neo4j.driver.exceptions.Neo4jException: 53U00: Execution of the function example.ipBelongsToNetwork() failed due to java.lang.RuntimeException: Invalid IP or network format: 10.10.0.256: nodename nor servname provided, or not known.
		at org.neo4j.driver.internal.adaptedbolt.ErrorMapper.mapGqlCause(ErrorMapper.java:179)
		at java.base/java.util.Optional.map(Optional.java:260)
		at org.neo4j.driver.internal.adaptedbolt.ErrorMapper.mapBoltFailureException(ErrorMapper.java:122)
		at org.neo4j.driver.internal.adaptedbolt.ErrorMapper.map(ErrorMapper.java:81)
		at org.neo4j.driver.internal.adaptedbolt.AdaptingDriverResponseHandler.onError(AdaptingDriverResponseHandler.java:68)
		at org.neo4j.bolt.connection.pooled.impl.PooledBoltConnection$PooledResponseHandler.onError(PooledBoltConnection.java:204)
		at org.neo4j.bolt.connection.netty.impl.BoltConnectionImpl$ResponseHandleImpl.lambda$onError$1(BoltConnectionImpl.java:676)
		at org.neo4j.bolt.connection.netty.impl.BoltConnectionImpl$ResponseHandleImpl.runIgnoringError(BoltConnectionImpl.java:808)
		at org.neo4j.bolt.connection.netty.impl.BoltConnectionImpl$ResponseHandleImpl.onError(BoltConnectionImpl.java:676)
		at org.neo4j.bolt.connection.netty.impl.BoltConnectionImpl$5.onError(BoltConnectionImpl.java:364)
		at org.neo4j.bolt.connection.netty.impl.messaging.v4.BoltProtocolV4$2.onError(BoltProtocolV4.java:205)
		at org.neo4j.bolt.connection.netty.impl.handlers.PullResponseHandlerImpl.onFailure(PullResponseHandlerImpl.java:46)
		at org.neo4j.bolt.connection.netty.impl.async.inbound.InboundMessageDispatcher.handleFailureMessage(InboundMessageDispatcher.java:108)
		at org.neo4j.bolt.connection.netty.impl.messaging.v57.MessageReaderV57.unpackFailureMessage(MessageReaderV57.java:46)
		at org.neo4j.bolt.connection.netty.impl.messaging.common.CommonMessageReader.read(CommonMessageReader.java:53)
		at org.neo4j.bolt.connection.netty.impl.async.inbound.InboundMessageHandler.channelRead0(InboundMessageHandler.java:81)
		at org.neo4j.bolt.connection.netty.impl.async.inbound.InboundMessageHandler.channelRead0(InboundMessageHandler.java:34)
		at io.netty.channel.SimpleChannelInboundHandler.channelRead(SimpleChannelInboundHandler.java:99)
		at io.netty.channel.AbstractChannelHandlerContext.fireChannelRead(AbstractChannelHandlerContext.java:356)
		at io.netty.handler.codec.ByteToMessageDecoder.fireChannelRead(ByteToMessageDecoder.java:346)
		at io.netty.handler.codec.ByteToMessageDecoder.channelRead(ByteToMessageDecoder.java:318)
		at org.neo4j.bolt.connection.netty.impl.async.inbound.MessageDecoder.channelRead(MessageDecoder.java:40)
		at io.netty.channel.AbstractChannelHandlerContext.fireChannelRead(AbstractChannelHandlerContext.java:356)
		at io.netty.handler.codec.ByteToMessageDecoder.fireChannelRead(ByteToMessageDecoder.java:346)
		at io.netty.handler.codec.ByteToMessageDecoder.channelRead(ByteToMessageDecoder.java:318)
		at io.netty.channel.AbstractChannelHandlerContext.fireChannelRead(AbstractChannelHandlerContext.java:356)
		at io.netty.handler.timeout.IdleStateHandler.channelRead(IdleStateHandler.java:293)
		at io.netty.channel.AbstractChannelHandlerContext.fireChannelRead(AbstractChannelHandlerContext.java:354)
		at io.netty.channel.DefaultChannelPipeline$HeadContext.channelRead(DefaultChannelPipeline.java:1429)
		at io.netty.channel.DefaultChannelPipeline.fireChannelRead(DefaultChannelPipeline.java:918)
		at io.netty.channel.nio.AbstractNioByteChannel$NioByteUnsafe.read(AbstractNioByteChannel.java:167)
		at io.netty.channel.nio.AbstractNioChannel$AbstractNioUnsafe.handle(AbstractNioChannel.java:445)
		at io.netty.channel.nio.NioIoHandler$DefaultNioRegistration.handle(NioIoHandler.java:381)
		at io.netty.channel.nio.NioIoHandler.processSelectedKey(NioIoHandler.java:587)
		at io.netty.channel.nio.NioIoHandler.processSelectedKeysOptimized(NioIoHandler.java:562)
		at io.netty.channel.nio.NioIoHandler.processSelectedKeys(NioIoHandler.java:503)
		at io.netty.channel.nio.NioIoHandler.run(NioIoHandler.java:475)
		at io.netty.channel.SingleThreadIoEventLoop.runIo(SingleThreadIoEventLoop.java:225)
		at io.netty.channel.SingleThreadIoEventLoop.run(SingleThreadIoEventLoop.java:196)
		at io.netty.util.concurrent.SingleThreadEventExecutor$5.run(SingleThreadEventExecutor.java:1193)
		at io.netty.util.internal.ThreadExecutorMap$2.run(ThreadExecutorMap.java:74)
		at io.netty.util.concurrent.FastThreadLocalRunnable.run(FastThreadLocalRunnable.java:30)
		at java.base/java.lang.Thread.run(Thread.java:1583)
]]></failure>
    <system-err><![CDATA[Nov 12, 2025 9:43:22 AM org.neo4j.driver.internal.logging.SystemLogger info
INFO: Driver instance 1867886327 created for server uri 'bolt://127.0.0.1:53498/'
Nov 12, 2025 9:43:23 AM org.neo4j.driver.internal.logging.SystemLogger info
INFO: Closing driver instance 1867886327
]]></system-err>
  </testcase>
  <testcase name="testInvalidIp(String, String)[4]" classname="NetworkUtils IP CIDR Check Tests" time="0.333">
    <failure message="&#10;Expecting code to raise a throwable." type="java.lang.AssertionError"><![CDATA[java.lang.AssertionError: 

Expecting code to raise a throwable.
	at example.NetworkUtilsTest.testInvalidIp(NetworkUtilsTest.java:89)
	Suppressed: org.neo4j.driver.exceptions.ClientException: Failed to invoke function `example.ipBelongsToNetwork`: Caused by: java.lang.RuntimeException: Invalid IP or network format: 10.10.-1.1: nodename nor servname provided, or not known
		at org.neo4j.driver.internal.util.Futures.blockingGet(Futures.java:63)
		at org.neo4j.driver.internal.InternalSession.lambda$close$3(InternalSession.java:90)
		at org.neo4j.driver.internal.observation.util.ObservationUtil.observe(ObservationUtil.java:40)
		at org.neo4j.driver.internal.InternalSession.close(InternalSession.java:88)
		at example.NetworkUtilsTest.testInvalidIp(NetworkUtilsTest.java:86)
		Suppressed: org.neo4j.driver.internal.util.ErrorUtil$InternalExceptionCause
			at org.neo4j.driver.internal.adaptedbolt.ErrorMapper.mapToNeo4jException(ErrorMapper.java:224)
			at org.neo4j.driver.internal.adaptedbolt.ErrorMapper.mapBoltFailureException(ErrorMapper.java:141)
			at org.neo4j.driver.internal.adaptedbolt.ErrorMapper.map(ErrorMapper.java:81)
			at org.neo4j.driver.internal.adaptedbolt.AdaptingDriverResponseHandler.onError(AdaptingDriverResponseHandler.java:68)
			at org.neo4j.bolt.connection.pooled.impl.PooledBoltConnection$PooledResponseHandler.onError(PooledBoltConnection.java:204)
			at org.neo4j.bolt.connection.netty.impl.BoltConnectionImpl$ResponseHandleImpl.lambda$onError$1(BoltConnectionImpl.java:676)
			at org.neo4j.bolt.connection.netty.impl.BoltConnectionImpl$ResponseHandleImpl.runIgnoringError(BoltConnectionImpl.java:808)
			at org.neo4j.bolt.connection.netty.impl.BoltConnectionImpl$ResponseHandleImpl.onError(BoltConnectionImpl.java:676)
			at org.neo4j.bolt.connection.netty.impl.BoltConnectionImpl$5.onError(BoltConnectionImpl.java:364)
			at org.neo4j.bolt.connection.netty.impl.messaging.v4.BoltProtocolV4$2.onError(BoltProtocolV4.java:205)
			at org.neo4j.bolt.connection.netty.impl.handlers.PullResponseHandlerImpl.onFailure(PullResponseHandlerImpl.java:46)
			at org.neo4j.bolt.connection.netty.impl.async.inbound.InboundMessageDispatcher.handleFailureMessage(InboundMessageDispatcher.java:108)
			at org.neo4j.bolt.connection.netty.impl.messaging.v57.MessageReaderV57.unpackFailureMessage(MessageReaderV57.java:46)
			at org.neo4j.bolt.connection.netty.impl.messaging.common.CommonMessageReader.read(CommonMessageReader.java:53)
			at org.neo4j.bolt.connection.netty.impl.async.inbound.InboundMessageHandler.channelRead0(InboundMessageHandler.java:81)
			at org.neo4j.bolt.connection.netty.impl.async.inbound.InboundMessageHandler.channelRead0(InboundMessageHandler.java:34)
			at io.netty.channel.SimpleChannelInboundHandler.channelRead(SimpleChannelInboundHandler.java:99)
			at io.netty.channel.AbstractChannelHandlerContext.fireChannelRead(AbstractChannelHandlerContext.java:356)
			at io.netty.handler.codec.ByteToMessageDecoder.fireChannelRead(ByteToMessageDecoder.java:346)
			at io.netty.handler.codec.ByteToMessageDecoder.channelRead(ByteToMessageDecoder.java:318)
			at org.neo4j.bolt.connection.netty.impl.async.inbound.MessageDecoder.channelRead(MessageDecoder.java:40)
			at io.netty.channel.AbstractChannelHandlerContext.fireChannelRead(AbstractChannelHandlerContext.java:356)
			at io.netty.handler.codec.ByteToMessageDecoder.fireChannelRead(ByteToMessageDecoder.java:346)
			at io.netty.handler.codec.ByteToMessageDecoder.channelRead(ByteToMessageDecoder.java:318)
			at io.netty.channel.AbstractChannelHandlerContext.fireChannelRead(AbstractChannelHandlerContext.java:356)
			at io.netty.handler.timeout.IdleStateHandler.channelRead(IdleStateHandler.java:293)
			at io.netty.channel.AbstractChannelHandlerContext.fireChannelRead(AbstractChannelHandlerContext.java:354)
			at io.netty.channel.DefaultChannelPipeline$HeadContext.channelRead(DefaultChannelPipeline.java:1429)
			at io.netty.channel.DefaultChannelPipeline.fireChannelRead(DefaultChannelPipeline.java:918)
			at io.netty.channel.nio.AbstractNioByteChannel$NioByteUnsafe.read(AbstractNioByteChannel.java:167)
			at io.netty.channel.nio.AbstractNioChannel$AbstractNioUnsafe.handle(AbstractNioChannel.java:445)
			at io.netty.channel.nio.NioIoHandler$DefaultNioRegistration.handle(NioIoHandler.java:381)
			at io.netty.channel.nio.NioIoHandler.processSelectedKey(NioIoHandler.java:587)
			at io.netty.channel.nio.NioIoHandler.processSelectedKeysOptimized(NioIoHandler.java:562)
			at io.netty.channel.nio.NioIoHandler.processSelectedKeys(NioIoHandler.java:503)
			at io.netty.channel.nio.NioIoHandler.run(NioIoHandler.java:475)
			at io.netty.channel.SingleThreadIoEventLoop.runIo(SingleThreadIoEventLoop.java:225)
			at io.netty.channel.SingleThreadIoEventLoop.run(SingleThreadIoEventLoop.java:196)
			at io.netty.util.concurrent.SingleThreadEventExecutor$5.run(SingleThreadEventExecutor.java:1193)
			at io.netty.util.internal.ThreadExecutorMap$2.run(ThreadExecutorMap.java:74)
			at io.netty.util.concurrent.FastThreadLocalRunnable.run(FastThreadLocalRunnable.java:30)
			at java.base/java.lang.Thread.run(Thread.java:1583)
	Caused by: org.neo4j.driver.exceptions.Neo4jException: 53U00: Execution of the function example.ipBelongsToNetwork() failed due to java.lang.RuntimeException: Invalid IP or network format: 10.10.-1.1: nodename nor servname provided, or not known.
		at org.neo4j.driver.internal.adaptedbolt.ErrorMapper.mapGqlCause(ErrorMapper.java:179)
		at java.base/java.util.Optional.map(Optional.java:260)
		at org.neo4j.driver.internal.adaptedbolt.ErrorMapper.mapBoltFailureException(ErrorMapper.java:122)
		at org.neo4j.driver.internal.adaptedbolt.ErrorMapper.map(ErrorMapper.java:81)
		at org.neo4j.driver.internal.adaptedbolt.AdaptingDriverResponseHandler.onError(AdaptingDriverResponseHandler.java:68)
		at org.neo4j.bolt.connection.pooled.impl.PooledBoltConnection$PooledResponseHandler.onError(PooledBoltConnection.java:204)
		at org.neo4j.bolt.connection.netty.impl.BoltConnectionImpl$ResponseHandleImpl.lambda$onError$1(BoltConnectionImpl.java:676)
		at org.neo4j.bolt.connection.netty.impl.BoltConnectionImpl$ResponseHandleImpl.runIgnoringError(BoltConnectionImpl.java:808)
		at org.neo4j.bolt.connection.netty.impl.BoltConnectionImpl$ResponseHandleImpl.onError(BoltConnectionImpl.java:676)
		at org.neo4j.bolt.connection.netty.impl.BoltConnectionImpl$5.onError(BoltConnectionImpl.java:364)
		at org.neo4j.bolt.connection.netty.impl.messaging.v4.BoltProtocolV4$2.onError(BoltProtocolV4.java:205)
		at org.neo4j.bolt.connection.netty.impl.handlers.PullResponseHandlerImpl.onFailure(PullResponseHandlerImpl.java:46)
		at org.neo4j.bolt.connection.netty.impl.async.inbound.InboundMessageDispatcher.handleFailureMessage(InboundMessageDispatcher.java:108)
		at org.neo4j.bolt.connection.netty.impl.messaging.v57.MessageReaderV57.unpackFailureMessage(MessageReaderV57.java:46)
		at org.neo4j.bolt.connection.netty.impl.messaging.common.CommonMessageReader.read(CommonMessageReader.java:53)
		at org.neo4j.bolt.connection.netty.impl.async.inbound.InboundMessageHandler.channelRead0(InboundMessageHandler.java:81)
		at org.neo4j.bolt.connection.netty.impl.async.inbound.InboundMessageHandler.channelRead0(InboundMessageHandler.java:34)
		at io.netty.channel.SimpleChannelInboundHandler.channelRead(SimpleChannelInboundHandler.java:99)
		at io.netty.channel.AbstractChannelHandlerContext.fireChannelRead(AbstractChannelHandlerContext.java:356)
		at io.netty.handler.codec.ByteToMessageDecoder.fireChannelRead(ByteToMessageDecoder.java:346)
		at io.netty.handler.codec.ByteToMessageDecoder.channelRead(ByteToMessageDecoder.java:318)
		at org.neo4j.bolt.connection.netty.impl.async.inbound.MessageDecoder.channelRead(MessageDecoder.java:40)
		at io.netty.channel.AbstractChannelHandlerContext.fireChannelRead(AbstractChannelHandlerContext.java:356)
		at io.netty.handler.codec.ByteToMessageDecoder.fireChannelRead(ByteToMessageDecoder.java:346)
		at io.netty.handler.codec.ByteToMessageDecoder.channelRead(ByteToMessageDecoder.java:318)
		at io.netty.channel.AbstractChannelHandlerContext.fireChannelRead(AbstractChannelHandlerContext.java:356)
		at io.netty.handler.timeout.IdleStateHandler.channelRead(IdleStateHandler.java:293)
		at io.netty.channel.AbstractChannelHandlerContext.fireChannelRead(AbstractChannelHandlerContext.java:354)
		at io.netty.channel.DefaultChannelPipeline$HeadContext.channelRead(DefaultChannelPipeline.java:1429)
		at io.netty.channel.DefaultChannelPipeline.fireChannelRead(DefaultChannelPipeline.java:918)
		at io.netty.channel.nio.AbstractNioByteChannel$NioByteUnsafe.read(AbstractNioByteChannel.java:167)
		at io.netty.channel.nio.AbstractNioChannel$AbstractNioUnsafe.handle(AbstractNioChannel.java:445)
		at io.netty.channel.nio.NioIoHandler$DefaultNioRegistration.handle(NioIoHandler.java:381)
		at io.netty.channel.nio.NioIoHandler.processSelectedKey(NioIoHandler.java:587)
		at io.netty.channel.nio.NioIoHandler.processSelectedKeysOptimized(NioIoHandler.java:562)
		at io.netty.channel.nio.NioIoHandler.processSelectedKeys(NioIoHandler.java:503)
		at io.netty.channel.nio.NioIoHandler.run(NioIoHandler.java:475)
		at io.netty.channel.SingleThreadIoEventLoop.runIo(SingleThreadIoEventLoop.java:225)
		at io.netty.channel.SingleThreadIoEventLoop.run(SingleThreadIoEventLoop.java:196)
		at io.netty.util.concurrent.SingleThreadEventExecutor$5.run(SingleThreadEventExecutor.java:1193)
		at io.netty.util.internal.ThreadExecutorMap$2.run(ThreadExecutorMap.java:74)
		at io.netty.util.concurrent.FastThreadLocalRunnable.run(FastThreadLocalRunnable.java:30)
		at java.base/java.lang.Thread.run(Thread.java:1583)
]]></failure>
    <system-err><![CDATA[Nov 12, 2025 9:43:23 AM org.neo4j.driver.internal.logging.SystemLogger info
INFO: Driver instance 1868936733 created for server uri 'bolt://127.0.0.1:53498/'
Nov 12, 2025 9:43:23 AM org.neo4j.driver.internal.logging.SystemLogger info
INFO: Closing driver instance 1868936733
]]></system-err>
  </testcase>
  <testcase name="testNullNetwork" classname="NetworkUtils IP CIDR Check Tests" time="0.248">
    <failure message="&#10;Expecting code to raise a throwable." type="java.lang.AssertionError"><![CDATA[java.lang.AssertionError: 

Expecting code to raise a throwable.
	at example.NetworkUtilsTest.testNullNetwork(NetworkUtilsTest.java:161)
	Suppressed: org.neo4j.driver.exceptions.ClientException: Failed to invoke function `example.ipBelongsToNetwork`: Caused by: java.lang.RuntimeException: Invalid IP or network format: Cannot invoke "String.indexOf(int)" because "network" is null
		at org.neo4j.driver.internal.util.Futures.blockingGet(Futures.java:63)
		at org.neo4j.driver.internal.InternalSession.lambda$close$3(InternalSession.java:90)
		at org.neo4j.driver.internal.observation.util.ObservationUtil.observe(ObservationUtil.java:40)
		at org.neo4j.driver.internal.InternalSession.close(InternalSession.java:88)
		at example.NetworkUtilsTest.testNullNetwork(NetworkUtilsTest.java:158)
		Suppressed: org.neo4j.driver.internal.util.ErrorUtil$InternalExceptionCause
			at org.neo4j.driver.internal.adaptedbolt.ErrorMapper.mapToNeo4jException(ErrorMapper.java:224)
			at org.neo4j.driver.internal.adaptedbolt.ErrorMapper.mapBoltFailureException(ErrorMapper.java:141)
			at org.neo4j.driver.internal.adaptedbolt.ErrorMapper.map(ErrorMapper.java:81)
			at org.neo4j.driver.internal.adaptedbolt.AdaptingDriverResponseHandler.onError(AdaptingDriverResponseHandler.java:68)
			at org.neo4j.bolt.connection.pooled.impl.PooledBoltConnection$PooledResponseHandler.onError(PooledBoltConnection.java:204)
			at org.neo4j.bolt.connection.netty.impl.BoltConnectionImpl$ResponseHandleImpl.lambda$onError$1(BoltConnectionImpl.java:676)
			at org.neo4j.bolt.connection.netty.impl.BoltConnectionImpl$ResponseHandleImpl.runIgnoringError(BoltConnectionImpl.java:808)
			at org.neo4j.bolt.connection.netty.impl.BoltConnectionImpl$ResponseHandleImpl.onError(BoltConnectionImpl.java:676)
			at org.neo4j.bolt.connection.netty.impl.BoltConnectionImpl$5.onError(BoltConnectionImpl.java:364)
			at org.neo4j.bolt.connection.netty.impl.messaging.v4.BoltProtocolV4$2.onError(BoltProtocolV4.java:205)
			at org.neo4j.bolt.connection.netty.impl.handlers.PullResponseHandlerImpl.onFailure(PullResponseHandlerImpl.java:46)
			at org.neo4j.bolt.connection.netty.impl.async.inbound.InboundMessageDispatcher.handleFailureMessage(InboundMessageDispatcher.java:108)
			at org.neo4j.bolt.connection.netty.impl.messaging.v57.MessageReaderV57.unpackFailureMessage(MessageReaderV57.java:46)
			at org.neo4j.bolt.connection.netty.impl.messaging.common.CommonMessageReader.read(CommonMessageReader.java:53)
			at org.neo4j.bolt.connection.netty.impl.async.inbound.InboundMessageHandler.channelRead0(InboundMessageHandler.java:81)
			at org.neo4j.bolt.connection.netty.impl.async.inbound.InboundMessageHandler.channelRead0(InboundMessageHandler.java:34)
			at io.netty.channel.SimpleChannelInboundHandler.channelRead(SimpleChannelInboundHandler.java:99)
			at io.netty.channel.AbstractChannelHandlerContext.fireChannelRead(AbstractChannelHandlerContext.java:356)
			at io.netty.handler.codec.ByteToMessageDecoder.fireChannelRead(ByteToMessageDecoder.java:346)
			at io.netty.handler.codec.ByteToMessageDecoder.channelRead(ByteToMessageDecoder.java:318)
			at org.neo4j.bolt.connection.netty.impl.async.inbound.MessageDecoder.channelRead(MessageDecoder.java:40)
			at io.netty.channel.AbstractChannelHandlerContext.fireChannelRead(AbstractChannelHandlerContext.java:356)
			at io.netty.handler.codec.ByteToMessageDecoder.fireChannelRead(ByteToMessageDecoder.java:346)
			at io.netty.handler.codec.ByteToMessageDecoder.channelRead(ByteToMessageDecoder.java:318)
			at io.netty.channel.AbstractChannelHandlerContext.fireChannelRead(AbstractChannelHandlerContext.java:356)
			at io.netty.handler.timeout.IdleStateHandler.channelRead(IdleStateHandler.java:293)
			at io.netty.channel.AbstractChannelHandlerContext.fireChannelRead(AbstractChannelHandlerContext.java:354)
			at io.netty.channel.DefaultChannelPipeline$HeadContext.channelRead(DefaultChannelPipeline.java:1429)
			at io.netty.channel.DefaultChannelPipeline.fireChannelRead(DefaultChannelPipeline.java:918)
			at io.netty.channel.nio.AbstractNioByteChannel$NioByteUnsafe.read(AbstractNioByteChannel.java:167)
			at io.netty.channel.nio.AbstractNioChannel$AbstractNioUnsafe.handle(AbstractNioChannel.java:445)
			at io.netty.channel.nio.NioIoHandler$DefaultNioRegistration.handle(NioIoHandler.java:381)
			at io.netty.channel.nio.NioIoHandler.processSelectedKey(NioIoHandler.java:587)
			at io.netty.channel.nio.NioIoHandler.processSelectedKeysOptimized(NioIoHandler.java:562)
			at io.netty.channel.nio.NioIoHandler.processSelectedKeys(NioIoHandler.java:503)
			at io.netty.channel.nio.NioIoHandler.run(NioIoHandler.java:475)
			at io.netty.channel.SingleThreadIoEventLoop.runIo(SingleThreadIoEventLoop.java:225)
			at io.netty.channel.SingleThreadIoEventLoop.run(SingleThreadIoEventLoop.java:196)
			at io.netty.util.concurrent.SingleThreadEventExecutor$5.run(SingleThreadEventExecutor.java:1193)
			at io.netty.util.internal.ThreadExecutorMap$2.run(ThreadExecutorMap.java:74)
			at io.netty.util.concurrent.FastThreadLocalRunnable.run(FastThreadLocalRunnable.java:30)
			at java.base/java.lang.Thread.run(Thread.java:1583)
	Caused by: org.neo4j.driver.exceptions.Neo4jException: 53U00: Execution of the function example.ipBelongsToNetwork() failed due to java.lang.RuntimeException: Invalid IP or network format: Cannot invoke "String.indexOf(int)" because "network" is null.
		at org.neo4j.driver.internal.adaptedbolt.ErrorMapper.mapGqlCause(ErrorMapper.java:179)
		at java.base/java.util.Optional.map(Optional.java:260)
		at org.neo4j.driver.internal.adaptedbolt.ErrorMapper.mapBoltFailureException(ErrorMapper.java:122)
		at org.neo4j.driver.internal.adaptedbolt.ErrorMapper.map(ErrorMapper.java:81)
		at org.neo4j.driver.internal.adaptedbolt.AdaptingDriverResponseHandler.onError(AdaptingDriverResponseHandler.java:68)
		at org.neo4j.bolt.connection.pooled.impl.PooledBoltConnection$PooledResponseHandler.onError(PooledBoltConnection.java:204)
		at org.neo4j.bolt.connection.netty.impl.BoltConnectionImpl$ResponseHandleImpl.lambda$onError$1(BoltConnectionImpl.java:676)
		at org.neo4j.bolt.connection.netty.impl.BoltConnectionImpl$ResponseHandleImpl.runIgnoringError(BoltConnectionImpl.java:808)
		at org.neo4j.bolt.connection.netty.impl.BoltConnectionImpl$ResponseHandleImpl.onError(BoltConnectionImpl.java:676)
		at org.neo4j.bolt.connection.netty.impl.BoltConnectionImpl$5.onError(BoltConnectionImpl.java:364)
		at org.neo4j.bolt.connection.netty.impl.messaging.v4.BoltProtocolV4$2.onError(BoltProtocolV4.java:205)
		at org.neo4j.bolt.connection.netty.impl.handlers.PullResponseHandlerImpl.onFailure(PullResponseHandlerImpl.java:46)
		at org.neo4j.bolt.connection.netty.impl.async.inbound.InboundMessageDispatcher.handleFailureMessage(InboundMessageDispatcher.java:108)
		at org.neo4j.bolt.connection.netty.impl.messaging.v57.MessageReaderV57.unpackFailureMessage(MessageReaderV57.java:46)
		at org.neo4j.bolt.connection.netty.impl.messaging.common.CommonMessageReader.read(CommonMessageReader.java:53)
		at org.neo4j.bolt.connection.netty.impl.async.inbound.InboundMessageHandler.channelRead0(InboundMessageHandler.java:81)
		at org.neo4j.bolt.connection.netty.impl.async.inbound.InboundMessageHandler.channelRead0(InboundMessageHandler.java:34)
		at io.netty.channel.SimpleChannelInboundHandler.channelRead(SimpleChannelInboundHandler.java:99)
		at io.netty.channel.AbstractChannelHandlerContext.fireChannelRead(AbstractChannelHandlerContext.java:356)
		at io.netty.handler.codec.ByteToMessageDecoder.fireChannelRead(ByteToMessageDecoder.java:346)
		at io.netty.handler.codec.ByteToMessageDecoder.channelRead(ByteToMessageDecoder.java:318)
		at org.neo4j.bolt.connection.netty.impl.async.inbound.MessageDecoder.channelRead(MessageDecoder.java:40)
		at io.netty.channel.AbstractChannelHandlerContext.fireChannelRead(AbstractChannelHandlerContext.java:356)
		at io.netty.handler.codec.ByteToMessageDecoder.fireChannelRead(ByteToMessageDecoder.java:346)
		at io.netty.handler.codec.ByteToMessageDecoder.channelRead(ByteToMessageDecoder.java:318)
		at io.netty.channel.AbstractChannelHandlerContext.fireChannelRead(AbstractChannelHandlerContext.java:356)
		at io.netty.handler.timeout.IdleStateHandler.channelRead(IdleStateHandler.java:293)
		at io.netty.channel.AbstractChannelHandlerContext.fireChannelRead(AbstractChannelHandlerContext.java:354)
		at io.netty.channel.DefaultChannelPipeline$HeadContext.channelRead(DefaultChannelPipeline.java:1429)
		at io.netty.channel.DefaultChannelPipeline.fireChannelRead(DefaultChannelPipeline.java:918)
		at io.netty.channel.nio.AbstractNioByteChannel$NioByteUnsafe.read(AbstractNioByteChannel.java:167)
		at io.netty.channel.nio.AbstractNioChannel$AbstractNioUnsafe.handle(AbstractNioChannel.java:445)
		at io.netty.channel.nio.NioIoHandler$DefaultNioRegistration.handle(NioIoHandler.java:381)
		at io.netty.channel.nio.NioIoHandler.processSelectedKey(NioIoHandler.java:587)
		at io.netty.channel.nio.NioIoHandler.processSelectedKeysOptimized(NioIoHandler.java:562)
		at io.netty.channel.nio.NioIoHandler.processSelectedKeys(NioIoHandler.java:503)
		at io.netty.channel.nio.NioIoHandler.run(NioIoHandler.java:475)
		at io.netty.channel.SingleThreadIoEventLoop.runIo(SingleThreadIoEventLoop.java:225)
		at io.netty.channel.SingleThreadIoEventLoop.run(SingleThreadIoEventLoop.java:196)
		at io.netty.util.concurrent.SingleThreadEventExecutor$5.run(SingleThreadEventExecutor.java:1193)
		at io.netty.util.internal.ThreadExecutorMap$2.run(ThreadExecutorMap.java:74)
		at io.netty.util.concurrent.FastThreadLocalRunnable.run(FastThreadLocalRunnable.java:30)
		at java.base/java.lang.Thread.run(Thread.java:1583)
]]></failure>
    <system-err><![CDATA[Nov 12, 2025 9:43:23 AM org.neo4j.driver.internal.logging.SystemLogger info
INFO: Driver instance 53143696 created for server uri 'bolt://127.0.0.1:53498/'
Nov 12, 2025 9:43:23 AM org.neo4j.driver.internal.logging.SystemLogger info
INFO: Closing driver instance 53143696
]]></system-err>
  </testcase>
  <testcase name="testFunctionInCypherQuery" classname="NetworkUtils IP CIDR Check Tests" time="0.486">
    <system-err><![CDATA[Nov 12, 2025 9:43:23 AM org.neo4j.driver.internal.logging.SystemLogger info
INFO: Driver instance 1203558746 created for server uri 'bolt://127.0.0.1:53498/'
Nov 12, 2025 9:43:24 AM org.neo4j.driver.internal.logging.SystemLogger info
INFO: Closing driver instance 1203558746
]]></system-err>
  </testcase>
  <testcase name="testInvalidNetwork(String, String)[1]" classname="NetworkUtils IP CIDR Check Tests" time="0.222">
    <failure message="&#10;Expecting code to raise a throwable." type="java.lang.AssertionError"><![CDATA[java.lang.AssertionError: 

Expecting code to raise a throwable.
	at example.NetworkUtilsTest.testInvalidNetwork(NetworkUtilsTest.java:109)
	Suppressed: org.neo4j.driver.exceptions.ClientException: Failed to invoke function `example.ipBelongsToNetwork`: Caused by: java.lang.RuntimeException: Invalid IP or network format: Range [0, -1) out of bounds for length 15
		at org.neo4j.driver.internal.util.Futures.blockingGet(Futures.java:63)
		at org.neo4j.driver.internal.InternalSession.lambda$close$3(InternalSession.java:90)
		at org.neo4j.driver.internal.observation.util.ObservationUtil.observe(ObservationUtil.java:40)
		at org.neo4j.driver.internal.InternalSession.close(InternalSession.java:88)
		at example.NetworkUtilsTest.testInvalidNetwork(NetworkUtilsTest.java:106)
		Suppressed: org.neo4j.driver.internal.util.ErrorUtil$InternalExceptionCause
			at org.neo4j.driver.internal.adaptedbolt.ErrorMapper.mapToNeo4jException(ErrorMapper.java:224)
			at org.neo4j.driver.internal.adaptedbolt.ErrorMapper.mapBoltFailureException(ErrorMapper.java:141)
			at org.neo4j.driver.internal.adaptedbolt.ErrorMapper.map(ErrorMapper.java:81)
			at org.neo4j.driver.internal.adaptedbolt.AdaptingDriverResponseHandler.onError(AdaptingDriverResponseHandler.java:68)
			at org.neo4j.bolt.connection.pooled.impl.PooledBoltConnection$PooledResponseHandler.onError(PooledBoltConnection.java:204)
			at org.neo4j.bolt.connection.netty.impl.BoltConnectionImpl$ResponseHandleImpl.lambda$onError$1(BoltConnectionImpl.java:676)
			at org.neo4j.bolt.connection.netty.impl.BoltConnectionImpl$ResponseHandleImpl.runIgnoringError(BoltConnectionImpl.java:808)
			at org.neo4j.bolt.connection.netty.impl.BoltConnectionImpl$ResponseHandleImpl.onError(BoltConnectionImpl.java:676)
			at org.neo4j.bolt.connection.netty.impl.BoltConnectionImpl$5.onError(BoltConnectionImpl.java:364)
			at org.neo4j.bolt.connection.netty.impl.messaging.v4.BoltProtocolV4$2.onError(BoltProtocolV4.java:205)
			at org.neo4j.bolt.connection.netty.impl.handlers.PullResponseHandlerImpl.onFailure(PullResponseHandlerImpl.java:46)
			at org.neo4j.bolt.connection.netty.impl.async.inbound.InboundMessageDispatcher.handleFailureMessage(InboundMessageDispatcher.java:108)
			at org.neo4j.bolt.connection.netty.impl.messaging.v57.MessageReaderV57.unpackFailureMessage(MessageReaderV57.java:46)
			at org.neo4j.bolt.connection.netty.impl.messaging.common.CommonMessageReader.read(CommonMessageReader.java:53)
			at org.neo4j.bolt.connection.netty.impl.async.inbound.InboundMessageHandler.channelRead0(InboundMessageHandler.java:81)
			at org.neo4j.bolt.connection.netty.impl.async.inbound.InboundMessageHandler.channelRead0(InboundMessageHandler.java:34)
			at io.netty.channel.SimpleChannelInboundHandler.channelRead(SimpleChannelInboundHandler.java:99)
			at io.netty.channel.AbstractChannelHandlerContext.fireChannelRead(AbstractChannelHandlerContext.java:356)
			at io.netty.handler.codec.ByteToMessageDecoder.fireChannelRead(ByteToMessageDecoder.java:346)
			at io.netty.handler.codec.ByteToMessageDecoder.channelRead(ByteToMessageDecoder.java:318)
			at org.neo4j.bolt.connection.netty.impl.async.inbound.MessageDecoder.channelRead(MessageDecoder.java:40)
			at io.netty.channel.AbstractChannelHandlerContext.fireChannelRead(AbstractChannelHandlerContext.java:356)
			at io.netty.handler.codec.ByteToMessageDecoder.fireChannelRead(ByteToMessageDecoder.java:346)
			at io.netty.handler.codec.ByteToMessageDecoder.channelRead(ByteToMessageDecoder.java:318)
			at io.netty.channel.AbstractChannelHandlerContext.fireChannelRead(AbstractChannelHandlerContext.java:356)
			at io.netty.handler.timeout.IdleStateHandler.channelRead(IdleStateHandler.java:293)
			at io.netty.channel.AbstractChannelHandlerContext.fireChannelRead(AbstractChannelHandlerContext.java:354)
			at io.netty.channel.DefaultChannelPipeline$HeadContext.channelRead(DefaultChannelPipeline.java:1429)
			at io.netty.channel.DefaultChannelPipeline.fireChannelRead(DefaultChannelPipeline.java:918)
			at io.netty.channel.nio.AbstractNioByteChannel$NioByteUnsafe.read(AbstractNioByteChannel.java:167)
			at io.netty.channel.nio.AbstractNioChannel$AbstractNioUnsafe.handle(AbstractNioChannel.java:445)
			at io.netty.channel.nio.NioIoHandler$DefaultNioRegistration.handle(NioIoHandler.java:381)
			at io.netty.channel.nio.NioIoHandler.processSelectedKey(NioIoHandler.java:587)
			at io.netty.channel.nio.NioIoHandler.processSelectedKeysOptimized(NioIoHandler.java:562)
			at io.netty.channel.nio.NioIoHandler.processSelectedKeys(NioIoHandler.java:503)
			at io.netty.channel.nio.NioIoHandler.run(NioIoHandler.java:475)
			at io.netty.channel.SingleThreadIoEventLoop.runIo(SingleThreadIoEventLoop.java:225)
			at io.netty.channel.SingleThreadIoEventLoop.run(SingleThreadIoEventLoop.java:196)
			at io.netty.util.concurrent.SingleThreadEventExecutor$5.run(SingleThreadEventExecutor.java:1193)
			at io.netty.util.internal.ThreadExecutorMap$2.run(ThreadExecutorMap.java:74)
			at io.netty.util.concurrent.FastThreadLocalRunnable.run(FastThreadLocalRunnable.java:30)
			at java.base/java.lang.Thread.run(Thread.java:1583)
	Caused by: org.neo4j.driver.exceptions.Neo4jException: 53U00: Execution of the function example.ipBelongsToNetwork() failed due to java.lang.RuntimeException: Invalid IP or network format: Range [0, -1) out of bounds for length 15.
		at org.neo4j.driver.internal.adaptedbolt.ErrorMapper.mapGqlCause(ErrorMapper.java:179)
		at java.base/java.util.Optional.map(Optional.java:260)
		at org.neo4j.driver.internal.adaptedbolt.ErrorMapper.mapBoltFailureException(ErrorMapper.java:122)
		at org.neo4j.driver.internal.adaptedbolt.ErrorMapper.map(ErrorMapper.java:81)
		at org.neo4j.driver.internal.adaptedbolt.AdaptingDriverResponseHandler.onError(AdaptingDriverResponseHandler.java:68)
		at org.neo4j.bolt.connection.pooled.impl.PooledBoltConnection$PooledResponseHandler.onError(PooledBoltConnection.java:204)
		at org.neo4j.bolt.connection.netty.impl.BoltConnectionImpl$ResponseHandleImpl.lambda$onError$1(BoltConnectionImpl.java:676)
		at org.neo4j.bolt.connection.netty.impl.BoltConnectionImpl$ResponseHandleImpl.runIgnoringError(BoltConnectionImpl.java:808)
		at org.neo4j.bolt.connection.netty.impl.BoltConnectionImpl$ResponseHandleImpl.onError(BoltConnectionImpl.java:676)
		at org.neo4j.bolt.connection.netty.impl.BoltConnectionImpl$5.onError(BoltConnectionImpl.java:364)
		at org.neo4j.bolt.connection.netty.impl.messaging.v4.BoltProtocolV4$2.onError(BoltProtocolV4.java:205)
		at org.neo4j.bolt.connection.netty.impl.handlers.PullResponseHandlerImpl.onFailure(PullResponseHandlerImpl.java:46)
		at org.neo4j.bolt.connection.netty.impl.async.inbound.InboundMessageDispatcher.handleFailureMessage(InboundMessageDispatcher.java:108)
		at org.neo4j.bolt.connection.netty.impl.messaging.v57.MessageReaderV57.unpackFailureMessage(MessageReaderV57.java:46)
		at org.neo4j.bolt.connection.netty.impl.messaging.common.CommonMessageReader.read(CommonMessageReader.java:53)
		at org.neo4j.bolt.connection.netty.impl.async.inbound.InboundMessageHandler.channelRead0(InboundMessageHandler.java:81)
		at org.neo4j.bolt.connection.netty.impl.async.inbound.InboundMessageHandler.channelRead0(InboundMessageHandler.java:34)
		at io.netty.channel.SimpleChannelInboundHandler.channelRead(SimpleChannelInboundHandler.java:99)
		at io.netty.channel.AbstractChannelHandlerContext.fireChannelRead(AbstractChannelHandlerContext.java:356)
		at io.netty.handler.codec.ByteToMessageDecoder.fireChannelRead(ByteToMessageDecoder.java:346)
		at io.netty.handler.codec.ByteToMessageDecoder.channelRead(ByteToMessageDecoder.java:318)
		at org.neo4j.bolt.connection.netty.impl.async.inbound.MessageDecoder.channelRead(MessageDecoder.java:40)
		at io.netty.channel.AbstractChannelHandlerContext.fireChannelRead(AbstractChannelHandlerContext.java:356)
		at io.netty.handler.codec.ByteToMessageDecoder.fireChannelRead(ByteToMessageDecoder.java:346)
		at io.netty.handler.codec.ByteToMessageDecoder.channelRead(ByteToMessageDecoder.java:318)
		at io.netty.channel.AbstractChannelHandlerContext.fireChannelRead(AbstractChannelHandlerContext.java:356)
		at io.netty.handler.timeout.IdleStateHandler.channelRead(IdleStateHandler.java:293)
		at io.netty.channel.AbstractChannelHandlerContext.fireChannelRead(AbstractChannelHandlerContext.java:354)
		at io.netty.channel.DefaultChannelPipeline$HeadContext.channelRead(DefaultChannelPipeline.java:1429)
		at io.netty.channel.DefaultChannelPipeline.fireChannelRead(DefaultChannelPipeline.java:918)
		at io.netty.channel.nio.AbstractNioByteChannel$NioByteUnsafe.read(AbstractNioByteChannel.java:167)
		at io.netty.channel.nio.AbstractNioChannel$AbstractNioUnsafe.handle(AbstractNioChannel.java:445)
		at io.netty.channel.nio.NioIoHandler$DefaultNioRegistration.handle(NioIoHandler.java:381)
		at io.netty.channel.nio.NioIoHandler.processSelectedKey(NioIoHandler.java:587)
		at io.netty.channel.nio.NioIoHandler.processSelectedKeysOptimized(NioIoHandler.java:562)
		at io.netty.channel.nio.NioIoHandler.processSelectedKeys(NioIoHandler.java:503)
		at io.netty.channel.nio.NioIoHandler.run(NioIoHandler.java:475)
		at io.netty.channel.SingleThreadIoEventLoop.runIo(SingleThreadIoEventLoop.java:225)
		at io.netty.channel.SingleThreadIoEventLoop.run(SingleThreadIoEventLoop.java:196)
		at io.netty.util.concurrent.SingleThreadEventExecutor$5.run(SingleThreadEventExecutor.java:1193)
		at io.netty.util.internal.ThreadExecutorMap$2.run(ThreadExecutorMap.java:74)
		at io.netty.util.concurrent.FastThreadLocalRunnable.run(FastThreadLocalRunnable.java:30)
		at java.base/java.lang.Thread.run(Thread.java:1583)
]]></failure>
    <system-err><![CDATA[Nov 12, 2025 9:43:24 AM org.neo4j.driver.internal.logging.SystemLogger info
INFO: Driver instance 897584618 created for server uri 'bolt://127.0.0.1:53498/'
Nov 12, 2025 9:43:24 AM org.neo4j.driver.internal.logging.SystemLogger info
INFO: Closing driver instance 897584618
]]></system-err>
  </testcase>
  <testcase name="testInvalidNetwork(String, String)[2]" classname="NetworkUtils IP CIDR Check Tests" time="0.227">
    <failure message="&#10;Expecting code to raise a throwable." type="java.lang.AssertionError"><![CDATA[java.lang.AssertionError: 

Expecting code to raise a throwable.
	at example.NetworkUtilsTest.testInvalidNetwork(NetworkUtilsTest.java:109)
]]></failure>
    <system-err><![CDATA[Nov 12, 2025 9:43:24 AM org.neo4j.driver.internal.logging.SystemLogger info
INFO: Driver instance 2121437254 created for server uri 'bolt://127.0.0.1:53498/'
Nov 12, 2025 9:43:24 AM org.neo4j.driver.internal.logging.SystemLogger info
INFO: Closing driver instance 2121437254
]]></system-err>
  </testcase>
  <testcase name="testInvalidNetwork(String, String)[3]" classname="NetworkUtils IP CIDR Check Tests" time="0.225">
    <failure message="&#10;Expecting code to raise a throwable." type="java.lang.AssertionError"><![CDATA[java.lang.AssertionError: 

Expecting code to raise a throwable.
	at example.NetworkUtilsTest.testInvalidNetwork(NetworkUtilsTest.java:109)
]]></failure>
    <system-err><![CDATA[Nov 12, 2025 9:43:24 AM org.neo4j.driver.internal.logging.SystemLogger info
INFO: Driver instance 1456752671 created for server uri 'bolt://127.0.0.1:53498/'
Nov 12, 2025 9:43:24 AM org.neo4j.driver.internal.logging.SystemLogger info
INFO: Closing driver instance 1456752671
]]></system-err>
  </testcase>
  <testcase name="testInvalidNetwork(String, String)[4]" classname="NetworkUtils IP CIDR Check Tests" time="0.225">
    <failure message="&#10;Expecting code to raise a throwable." type="java.lang.AssertionError"><![CDATA[java.lang.AssertionError: 

Expecting code to raise a throwable.
	at example.NetworkUtilsTest.testInvalidNetwork(NetworkUtilsTest.java:109)
	Suppressed: org.neo4j.driver.exceptions.ClientException: Failed to invoke function `example.ipBelongsToNetwork`: Caused by: java.lang.RuntimeException: Invalid IP or network format: For input string: "abc"
		at org.neo4j.driver.internal.util.Futures.blockingGet(Futures.java:63)
		at org.neo4j.driver.internal.InternalSession.lambda$close$3(InternalSession.java:90)
		at org.neo4j.driver.internal.observation.util.ObservationUtil.observe(ObservationUtil.java:40)
		at org.neo4j.driver.internal.InternalSession.close(InternalSession.java:88)
		at example.NetworkUtilsTest.testInvalidNetwork(NetworkUtilsTest.java:106)
		Suppressed: org.neo4j.driver.internal.util.ErrorUtil$InternalExceptionCause
			at org.neo4j.driver.internal.adaptedbolt.ErrorMapper.mapToNeo4jException(ErrorMapper.java:224)
			at org.neo4j.driver.internal.adaptedbolt.ErrorMapper.mapBoltFailureException(ErrorMapper.java:141)
			at org.neo4j.driver.internal.adaptedbolt.ErrorMapper.map(ErrorMapper.java:81)
			at org.neo4j.driver.internal.adaptedbolt.AdaptingDriverResponseHandler.onError(AdaptingDriverResponseHandler.java:68)
			at org.neo4j.bolt.connection.pooled.impl.PooledBoltConnection$PooledResponseHandler.onError(PooledBoltConnection.java:204)
			at org.neo4j.bolt.connection.netty.impl.BoltConnectionImpl$ResponseHandleImpl.lambda$onError$1(BoltConnectionImpl.java:676)
			at org.neo4j.bolt.connection.netty.impl.BoltConnectionImpl$ResponseHandleImpl.runIgnoringError(BoltConnectionImpl.java:808)
			at org.neo4j.bolt.connection.netty.impl.BoltConnectionImpl$ResponseHandleImpl.onError(BoltConnectionImpl.java:676)
			at org.neo4j.bolt.connection.netty.impl.BoltConnectionImpl$5.onError(BoltConnectionImpl.java:364)
			at org.neo4j.bolt.connection.netty.impl.messaging.v4.BoltProtocolV4$2.onError(BoltProtocolV4.java:205)
			at org.neo4j.bolt.connection.netty.impl.handlers.PullResponseHandlerImpl.onFailure(PullResponseHandlerImpl.java:46)
			at org.neo4j.bolt.connection.netty.impl.async.inbound.InboundMessageDispatcher.handleFailureMessage(InboundMessageDispatcher.java:108)
			at org.neo4j.bolt.connection.netty.impl.messaging.v57.MessageReaderV57.unpackFailureMessage(MessageReaderV57.java:46)
			at org.neo4j.bolt.connection.netty.impl.messaging.common.CommonMessageReader.read(CommonMessageReader.java:53)
			at org.neo4j.bolt.connection.netty.impl.async.inbound.InboundMessageHandler.channelRead0(InboundMessageHandler.java:81)
			at org.neo4j.bolt.connection.netty.impl.async.inbound.InboundMessageHandler.channelRead0(InboundMessageHandler.java:34)
			at io.netty.channel.SimpleChannelInboundHandler.channelRead(SimpleChannelInboundHandler.java:99)
			at io.netty.channel.AbstractChannelHandlerContext.fireChannelRead(AbstractChannelHandlerContext.java:356)
			at io.netty.handler.codec.ByteToMessageDecoder.fireChannelRead(ByteToMessageDecoder.java:346)
			at io.netty.handler.codec.ByteToMessageDecoder.channelRead(ByteToMessageDecoder.java:318)
			at org.neo4j.bolt.connection.netty.impl.async.inbound.MessageDecoder.channelRead(MessageDecoder.java:40)
			at io.netty.channel.AbstractChannelHandlerContext.fireChannelRead(AbstractChannelHandlerContext.java:356)
			at io.netty.handler.codec.ByteToMessageDecoder.fireChannelRead(ByteToMessageDecoder.java:346)
			at io.netty.handler.codec.ByteToMessageDecoder.channelRead(ByteToMessageDecoder.java:318)
			at io.netty.channel.AbstractChannelHandlerContext.fireChannelRead(AbstractChannelHandlerContext.java:356)
			at io.netty.handler.timeout.IdleStateHandler.channelRead(IdleStateHandler.java:293)
			at io.netty.channel.AbstractChannelHandlerContext.fireChannelRead(AbstractChannelHandlerContext.java:354)
			at io.netty.channel.DefaultChannelPipeline$HeadContext.channelRead(DefaultChannelPipeline.java:1429)
			at io.netty.channel.DefaultChannelPipeline.fireChannelRead(DefaultChannelPipeline.java:918)
			at io.netty.channel.nio.AbstractNioByteChannel$NioByteUnsafe.read(AbstractNioByteChannel.java:167)
			at io.netty.channel.nio.AbstractNioChannel$AbstractNioUnsafe.handle(AbstractNioChannel.java:445)
			at io.netty.channel.nio.NioIoHandler$DefaultNioRegistration.handle(NioIoHandler.java:381)
			at io.netty.channel.nio.NioIoHandler.processSelectedKey(NioIoHandler.java:587)
			at io.netty.channel.nio.NioIoHandler.processSelectedKeysOptimized(NioIoHandler.java:562)
			at io.netty.channel.nio.NioIoHandler.processSelectedKeys(NioIoHandler.java:503)
			at io.netty.channel.nio.NioIoHandler.run(NioIoHandler.java:475)
			at io.netty.channel.SingleThreadIoEventLoop.runIo(SingleThreadIoEventLoop.java:225)
			at io.netty.channel.SingleThreadIoEventLoop.run(SingleThreadIoEventLoop.java:196)
			at io.netty.util.concurrent.SingleThreadEventExecutor$5.run(SingleThreadEventExecutor.java:1193)
			at io.netty.util.internal.ThreadExecutorMap$2.run(ThreadExecutorMap.java:74)
			at io.netty.util.concurrent.FastThreadLocalRunnable.run(FastThreadLocalRunnable.java:30)
			at java.base/java.lang.Thread.run(Thread.java:1583)
	Caused by: org.neo4j.driver.exceptions.Neo4jException: 53U00: Execution of the function example.ipBelongsToNetwork() failed due to java.lang.RuntimeException: Invalid IP or network format: For input string: "abc".
[...]
		at org.neo4j.bolt.connection.netty.impl.async.inbound.InboundMessageHandler.channelRead0(InboundMessageHandler.java:34)
		at io.netty.channel.SimpleChannelInboundHandler.channelRead(SimpleChannelInboundHandler.java:99)
		at io.netty.channel.AbstractChannelHandlerContext.fireChannelRead(AbstractChannelHandlerContext.java:356)
		at io.netty.handler.codec.ByteToMessageDecoder.fireChannelRead(ByteToMessageDecoder.java:346)
		at io.netty.handler.codec.ByteToMessageDecoder.channelRead(ByteToMessageDecoder.java:318)
		at org.neo4j.bolt.connection.netty.impl.async.inbound.MessageDecoder.channelRead(MessageDecoder.java:40)
		at io.netty.channel.AbstractChannelHandlerContext.fireChannelRead(AbstractChannelHandlerContext.java:356)
		at io.netty.handler.codec.ByteToMessageDecoder.fireChannelRead(ByteToMessageDecoder.java:346)
		at io.netty.handler.codec.ByteToMessageDecoder.channelRead(ByteToMessageDecoder.java:318)
		at io.netty.channel.AbstractChannelHandlerContext.fireChannelRead(AbstractChannelHandlerContext.java:356)
		at io.netty.handler.timeout.IdleStateHandler.channelRead(IdleStateHandler.java:293)
		at io.netty.channel.AbstractChannelHandlerContext.fireChannelRead(AbstractChannelHandlerContext.java:354)
		at io.netty.channel.DefaultChannelPipeline$HeadContext.channelRead(DefaultChannelPipeline.java:1429)
		at io.netty.channel.DefaultChannelPipeline.fireChannelRead(DefaultChannelPipeline.java:918)
		at io.netty.channel.nio.AbstractNioByteChannel$NioByteUnsafe.read(AbstractNioByteChannel.java:167)
		at io.netty.channel.nio.AbstractNioChannel$AbstractNioUnsafe.handle(AbstractNioChannel.java:445)
		at io.netty.channel.nio.NioIoHandler$DefaultNioRegistration.handle(NioIoHandler.java:381)
		at io.netty.channel.nio.NioIoHandler.processSelectedKey(NioIoHandler.java:587)
		at io.netty.channel.nio.NioIoHandler.processSelectedKeysOptimized(NioIoHandler.java:562)
		at io.netty.channel.nio.NioIoHandler.processSelectedKeys(NioIoHandler.java:503)
		at io.netty.channel.nio.NioIoHandler.run(NioIoHandler.java:475)
		at io.netty.channel.SingleThreadIoEventLoop.runIo(SingleThreadIoEventLoop.java:225)
		at io.netty.channel.SingleThreadIoEventLoop.run(SingleThreadIoEventLoop.java:196)
		at io.netty.util.concurrent.SingleThreadEventExecutor$5.run(SingleThreadEventExecutor.java:1193)
		at io.netty.util.internal.ThreadExecutorMap$2.run(ThreadExecutorMap.java:74)
		at io.netty.util.concurrent.FastThreadLocalRunnable.run(FastThreadLocalRunnable.java:30)
		at java.base/java.lang.Thread.run(Thread.java:1583)
]]></failure>
    <system-err><![CDATA[Nov 12, 2025 9:43:25 AM org.neo4j.driver.internal.logging.SystemLogger info
INFO: Driver instance 1248103221 created for server uri 'bolt://127.0.0.1:53498/'
Nov 12, 2025 9:43:25 AM org.neo4j.driver.internal.logging.SystemLogger info
INFO: Closing driver instance 1248103221
]]></system-err>
  </testcase>
  <testcase name="testIpBelongsToNetwork(String, String, boolean)[1]" classname="NetworkUtils IP CIDR Check Tests" time="0.245">
    <system-err><![CDATA[Nov 12, 2025 9:43:25 AM org.neo4j.driver.internal.logging.SystemLogger info
INFO: Driver instance 908134864 created for server uri 'bolt://127.0.0.1:53498/'
Nov 12, 2025 9:43:25 AM org.neo4j.driver.internal.logging.SystemLogger info
INFO: Closing driver instance 908134864
]]></system-err>
  </testcase>
  <testcase name="testIpBelongsToNetwork(String, String, boolean)[2]" classname="NetworkUtils IP CIDR Check Tests" time="0.23">
    <system-err><![CDATA[Nov 12, 2025 9:43:25 AM org.neo4j.driver.internal.logging.SystemLogger info
INFO: Driver instance 1688684323 created for server uri 'bolt://127.0.0.1:53498/'
Nov 12, 2025 9:43:25 AM org.neo4j.driver.internal.logging.SystemLogger info
INFO: Closing driver instance 1688684323
]]></system-err>
  </testcase>
  <testcase name="testIpBelongsToNetwork(String, String, boolean)[3]" classname="NetworkUtils IP CIDR Check Tests" time="0.22">
    <system-err><![CDATA[Nov 12, 2025 9:43:25 AM org.neo4j.driver.internal.logging.SystemLogger info
INFO: Driver instance 1497863121 created for server uri 'bolt://127.0.0.1:53498/'
Nov 12, 2025 9:43:25 AM org.neo4j.driver.internal.logging.SystemLogger info
INFO: Closing driver instance 1497863121
]]></system-err>
  </testcase>
  <testcase name="testIpBelongsToNetwork(String, String, boolean)[4]" classname="NetworkUtils IP CIDR Check Tests" time="0.23">
    <system-err><![CDATA[Nov 12, 2025 9:43:26 AM org.neo4j.driver.internal.logging.SystemLogger info
INFO: Driver instance 1129859294 created for server uri 'bolt://127.0.0.1:53498/'
Nov 12, 2025 9:43:26 AM org.neo4j.driver.internal.logging.SystemLogger info
INFO: Closing driver instance 1129859294
]]></system-err>
  </testcase>
  <testcase name="testIpBelongsToNetwork(String, String, boolean)[5]" classname="NetworkUtils IP CIDR Check Tests" time="0.247">
    <system-err><![CDATA[Nov 12, 2025 9:43:26 AM org.neo4j.driver.internal.logging.SystemLogger info
INFO: Driver instance 772629104 created for server uri 'bolt://127.0.0.1:53498/'
Nov 12, 2025 9:43:26 AM org.neo4j.driver.internal.logging.SystemLogger info
INFO: Closing driver instance 772629104
]]></system-err>
  </testcase>
  <testcase name="testIpBelongsToNetwork(String, String, boolean)[6]" classname="NetworkUtils IP CIDR Check Tests" time="0.231">
    <system-err><![CDATA[Nov 12, 2025 9:43:26 AM org.neo4j.driver.internal.logging.SystemLogger info
INFO: Driver instance 1526448027 created for server uri 'bolt://127.0.0.1:53498/'
Nov 12, 2025 9:43:26 AM org.neo4j.driver.internal.logging.SystemLogger info
INFO: Closing driver instance 1526448027
]]></system-err>
  </testcase>
  <testcase name="testIpBelongsToNetwork(String, String, boolean)[7]" classname="NetworkUtils IP CIDR Check Tests" time="0.213">
    <system-err><![CDATA[Nov 12, 2025 9:43:26 AM org.neo4j.driver.internal.logging.SystemLogger info
INFO: Driver instance 34804405 created for server uri 'bolt://127.0.0.1:53498/'
Nov 12, 2025 9:43:26 AM org.neo4j.driver.internal.logging.SystemLogger info
INFO: Closing driver instance 34804405
]]></system-err>
  </testcase>
  <testcase name="testIpBelongsToNetwork(String, String, boolean)[8]" classname="NetworkUtils IP CIDR Check Tests" time="0.222">
    <system-err><![CDATA[Nov 12, 2025 9:43:27 AM org.neo4j.driver.internal.logging.SystemLogger info
INFO: Driver instance 418082467 created for server uri 'bolt://127.0.0.1:53498/'
Nov 12, 2025 9:43:27 AM org.neo4j.driver.internal.logging.SystemLogger info
INFO: Closing driver instance 418082467
]]></system-err>
  </testcase>
  <testcase name="testIpBelongsToNetwork(String, String, boolean)[9]" classname="NetworkUtils IP CIDR Check Tests" time="0.228">
    <error message="Failed to invoke function `example.ipBelongsToNetwork`: Caused by: java.lang.RuntimeException: Invalid IP or network format: Range [0, -1) out of bounds for length 13" type="org.neo4j.driver.exceptions.ClientException"><![CDATA[org.neo4j.driver.exceptions.ClientException: Failed to invoke function `example.ipBelongsToNetwork`: Caused by: java.lang.RuntimeException: Invalid IP or network format: Range [0, -1) out of bounds for length 13
	at org.neo4j.driver.internal.util.Futures.blockingGet(Futures.java:63)
	at org.neo4j.driver.internal.InternalResult.blockingGet(InternalResult.java:116)
	at org.neo4j.driver.internal.InternalResult.single(InternalResult.java:65)
	at example.NetworkUtilsTest.testIpBelongsToNetwork(NetworkUtilsTest.java:67)
	Suppressed: org.neo4j.driver.internal.util.ErrorUtil$InternalExceptionCause
		at org.neo4j.driver.internal.adaptedbolt.ErrorMapper.mapToNeo4jException(ErrorMapper.java:224)
		at org.neo4j.driver.internal.adaptedbolt.ErrorMapper.mapBoltFailureException(ErrorMapper.java:141)
		at org.neo4j.driver.internal.adaptedbolt.ErrorMapper.map(ErrorMapper.java:81)
		at org.neo4j.driver.internal.adaptedbolt.AdaptingDriverResponseHandler.onError(AdaptingDriverResponseHandler.java:68)
		at org.neo4j.bolt.connection.pooled.impl.PooledBoltConnection$PooledResponseHandler.onError(PooledBoltConnection.java:204)
		at org.neo4j.bolt.connection.netty.impl.BoltConnectionImpl$ResponseHandleImpl.lambda$onError$1(BoltConnectionImpl.java:676)
		at org.neo4j.bolt.connection.netty.impl.BoltConnectionImpl$ResponseHandleImpl.runIgnoringError(BoltConnectionImpl.java:808)
		at org.neo4j.bolt.connection.netty.impl.BoltConnectionImpl$ResponseHandleImpl.onError(BoltConnectionImpl.java:676)
		at org.neo4j.bolt.connection.netty.impl.BoltConnectionImpl$5.onError(BoltConnectionImpl.java:364)
		at org.neo4j.bolt.connection.netty.impl.messaging.v4.BoltProtocolV4$2.onError(BoltProtocolV4.java:205)
		at org.neo4j.bolt.connection.netty.impl.handlers.PullResponseHandlerImpl.onFailure(PullResponseHandlerImpl.java:46)
		at org.neo4j.bolt.connection.netty.impl.async.inbound.InboundMessageDispatcher.handleFailureMessage(InboundMessageDispatcher.java:108)
		at org.neo4j.bolt.connection.netty.impl.messaging.v57.MessageReaderV57.unpackFailureMessage(MessageReaderV57.java:46)
		at org.neo4j.bolt.connection.netty.impl.messaging.common.CommonMessageReader.read(CommonMessageReader.java:53)
		at org.neo4j.bolt.connection.netty.impl.async.inbound.InboundMessageHandler.channelRead0(InboundMessageHandler.java:81)
		at org.neo4j.bolt.connection.netty.impl.async.inbound.InboundMessageHandler.channelRead0(InboundMessageHandler.java:34)
		at io.netty.channel.SimpleChannelInboundHandler.channelRead(SimpleChannelInboundHandler.java:99)
		at io.netty.channel.AbstractChannelHandlerContext.fireChannelRead(AbstractChannelHandlerContext.java:356)
		at io.netty.handler.codec.ByteToMessageDecoder.fireChannelRead(ByteToMessageDecoder.java:346)
		at io.netty.handler.codec.ByteToMessageDecoder.channelRead(ByteToMessageDecoder.java:318)
		at org.neo4j.bolt.connection.netty.impl.async.inbound.MessageDecoder.channelRead(MessageDecoder.java:40)
		at io.netty.channel.AbstractChannelHandlerContext.fireChannelRead(AbstractChannelHandlerContext.java:356)
		at io.netty.handler.codec.ByteToMessageDecoder.fireChannelRead(ByteToMessageDecoder.java:346)
		at io.netty.handler.codec.ByteToMessageDecoder.channelRead(ByteToMessageDecoder.java:318)
		at io.netty.channel.AbstractChannelHandlerContext.fireChannelRead(AbstractChannelHandlerContext.java:356)
		at io.netty.handler.timeout.IdleStateHandler.channelRead(IdleStateHandler.java:293)
		at io.netty.channel.AbstractChannelHandlerContext.fireChannelRead(AbstractChannelHandlerContext.java:354)
		at io.netty.channel.DefaultChannelPipeline$HeadContext.channelRead(DefaultChannelPipeline.java:1429)
		at io.netty.channel.DefaultChannelPipeline.fireChannelRead(DefaultChannelPipeline.java:918)
		at io.netty.channel.nio.AbstractNioByteChannel$NioByteUnsafe.read(AbstractNioByteChannel.java:167)
		at io.netty.channel.nio.AbstractNioChannel$AbstractNioUnsafe.handle(AbstractNioChannel.java:445)
		at io.netty.channel.nio.NioIoHandler$DefaultNioRegistration.handle(NioIoHandler.java:381)
		at io.netty.channel.nio.NioIoHandler.processSelectedKey(NioIoHandler.java:587)
		at io.netty.channel.nio.NioIoHandler.processSelectedKeysOptimized(NioIoHandler.java:562)
		at io.netty.channel.nio.NioIoHandler.processSelectedKeys(NioIoHandler.java:503)
		at io.netty.channel.nio.NioIoHandler.run(NioIoHandler.java:475)
		at io.netty.channel.SingleThreadIoEventLoop.runIo(SingleThreadIoEventLoop.java:225)
		at io.netty.channel.SingleThreadIoEventLoop.run(SingleThreadIoEventLoop.java:196)
		at io.netty.util.concurrent.SingleThreadEventExecutor$5.run(SingleThreadEventExecutor.java:1193)
		at io.netty.util.internal.ThreadExecutorMap$2.run(ThreadExecutorMap.java:74)
		at io.netty.util.concurrent.FastThreadLocalRunnable.run(FastThreadLocalRunnable.java:30)
		at java.base/java.lang.Thread.run(Thread.java:1583)
Caused by: org.neo4j.driver.exceptions.Neo4jException: 53U00: Execution of the function example.ipBelongsToNetwork() failed due to java.lang.RuntimeException: Invalid IP or network format: Range [0, -1) out of bounds for length 13.
	at org.neo4j.driver.internal.adaptedbolt.ErrorMapper.mapGqlCause(ErrorMapper.java:179)
	at java.base/java.util.Optional.map(Optional.java:260)
	at org.neo4j.driver.internal.adaptedbolt.ErrorMapper.mapBoltFailureException(ErrorMapper.java:122)
	at org.neo4j.driver.internal.adaptedbolt.ErrorMapper.map(ErrorMapper.java:81)
	at org.neo4j.driver.internal.adaptedbolt.AdaptingDriverResponseHandler.onError(AdaptingDriverResponseHandler.java:68)
	at org.neo4j.bolt.connection.pooled.impl.PooledBoltConnection$PooledResponseHandler.onError(PooledBoltConnection.java:204)
	at org.neo4j.bolt.connection.netty.impl.BoltConnectionImpl$ResponseHandleImpl.lambda$onError$1(BoltConnectionImpl.java:676)
	at org.neo4j.bolt.connection.netty.impl.BoltConnectionImpl$ResponseHandleImpl.runIgnoringError(BoltConnectionImpl.java:808)
	at org.neo4j.bolt.connection.netty.impl.BoltConnectionImpl$ResponseHandleImpl.onError(BoltConnectionImpl.java:676)
	at org.neo4j.bolt.connection.netty.impl.BoltConnectionImpl$5.onError(BoltConnectionImpl.java:364)
	at org.neo4j.bolt.connection.netty.impl.messaging.v4.BoltProtocolV4$2.onError(BoltProtocolV4.java:205)
	at org.neo4j.bolt.connection.netty.impl.handlers.PullResponseHandlerImpl.onFailure(PullResponseHandlerImpl.java:46)
	at org.neo4j.bolt.connection.netty.impl.async.inbound.InboundMessageDispatcher.handleFailureMessage(InboundMessageDispatcher.java:108)
	at org.neo4j.bolt.connection.netty.impl.messaging.v57.MessageReaderV57.unpackFailureMessage(MessageReaderV57.java:46)
	at org.neo4j.bolt.connection.netty.impl.messaging.common.CommonMessageReader.read(CommonMessageReader.java:53)
	at org.neo4j.bolt.connection.netty.impl.async.inbound.InboundMessageHandler.channelRead0(InboundMessageHandler.java:81)
	at org.neo4j.bolt.connection.netty.impl.async.inbound.InboundMessageHandler.channelRead0(InboundMessageHandler.java:34)
	at io.netty.channel.SimpleChannelInboundHandler.channelRead(SimpleChannelInboundHandler.java:99)
	at io.netty.channel.AbstractChannelHandlerContext.fireChannelRead(AbstractChannelHandlerContext.java:356)
	at io.netty.handler.codec.ByteToMessageDecoder.fireChannelRead(ByteToMessageDecoder.java:346)
	at io.netty.handler.codec.ByteToMessageDecoder.channelRead(ByteToMessageDecoder.java:318)
	at org.neo4j.bolt.connection.netty.impl.async.inbound.MessageDecoder.channelRead(MessageDecoder.java:40)
	at io.netty.channel.AbstractChannelHandlerContext.fireChannelRead(AbstractChannelHandlerContext.java:356)
	at io.netty.handler.codec.ByteToMessageDecoder.fireChannelRead(ByteToMessageDecoder.java:346)
	at io.netty.handler.codec.ByteToMessageDecoder.channelRead(ByteToMessageDecoder.java:318)
	at io.netty.channel.AbstractChannelHandlerContext.fireChannelRead(AbstractChannelHandlerContext.java:356)
	at io.netty.handler.timeout.IdleStateHandler.channelRead(IdleStateHandler.java:293)
	at io.netty.channel.AbstractChannelHandlerContext.fireChannelRead(AbstractChannelHandlerContext.java:354)
	at io.netty.channel.DefaultChannelPipeline$HeadContext.channelRead(DefaultChannelPipeline.java:1429)
	at io.netty.channel.DefaultChannelPipeline.fireChannelRead(DefaultChannelPipeline.java:918)
	at io.netty.channel.nio.AbstractNioByteChannel$NioByteUnsafe.read(AbstractNioByteChannel.java:167)
	at io.netty.channel.nio.AbstractNioChannel$AbstractNioUnsafe.handle(AbstractNioChannel.java:445)
	at io.netty.channel.nio.NioIoHandler$DefaultNioRegistration.handle(NioIoHandler.java:381)
	at io.netty.channel.nio.NioIoHandler.processSelectedKey(NioIoHandler.java:587)
	at io.netty.channel.nio.NioIoHandler.processSelectedKeysOptimized(NioIoHandler.java:562)
	at io.netty.channel.nio.NioIoHandler.processSelectedKeys(NioIoHandler.java:503)
	at io.netty.channel.nio.NioIoHandler.run(NioIoHandler.java:475)
	at io.netty.channel.SingleThreadIoEventLoop.runIo(SingleThreadIoEventLoop.java:225)
	at io.netty.channel.SingleThreadIoEventLoop.run(SingleThreadIoEventLoop.java:196)
	at io.netty.util.concurrent.SingleThreadEventExecutor$5.run(SingleThreadEventExecutor.java:1193)
	at io.netty.util.internal.ThreadExecutorMap$2.run(ThreadExecutorMap.java:74)
	at io.netty.util.concurrent.FastThreadLocalRunnable.run(FastThreadLocalRunnable.java:30)
	at java.base/java.lang.Thread.run(Thread.java:1583)
]]></error>
    <system-err><![CDATA[Nov 12, 2025 9:43:27 AM org.neo4j.driver.internal.logging.SystemLogger info
INFO: Driver instance 1585853402 created for server uri 'bolt://127.0.0.1:53498/'
Nov 12, 2025 9:43:27 AM org.neo4j.driver.internal.logging.SystemLogger info
INFO: Closing driver instance 1585853402
]]></system-err>
  </testcase>
  <testcase name="testIpBelongsToNetwork(String, String, boolean)[10]" classname="NetworkUtils IP CIDR Check Tests" time="0.23">
    <system-err><![CDATA[Nov 12, 2025 9:43:27 AM org.neo4j.driver.internal.logging.SystemLogger info
INFO: Driver instance 1385926209 created for server uri 'bolt://127.0.0.1:53498/'
Nov 12, 2025 9:43:27 AM org.neo4j.driver.internal.logging.SystemLogger info
INFO: Closing driver instance 1385926209
]]></system-err>
  </testcase>
  <testcase name="testIpBelongsToNetwork(String, String, boolean)[11]" classname="NetworkUtils IP CIDR Check Tests" time="0.222">
    <system-err><![CDATA[Nov 12, 2025 9:43:27 AM org.neo4j.driver.internal.logging.SystemLogger info
INFO: Driver instance 47086915 created for server uri 'bolt://127.0.0.1:53498/'
Nov 12, 2025 9:43:27 AM org.neo4j.driver.internal.logging.SystemLogger info
INFO: Closing driver instance 47086915
]]></system-err>
  </testcase>
  <testcase name="testIpBelongsToNetwork(String, String, boolean)[12]" classname="NetworkUtils IP CIDR Check Tests" time="0.227">
    <system-err><![CDATA[Nov 12, 2025 9:43:28 AM org.neo4j.driver.internal.logging.SystemLogger info
INFO: Driver instance 933711092 created for server uri 'bolt://127.0.0.1:53498/'
Nov 12, 2025 9:43:28 AM org.neo4j.driver.internal.logging.SystemLogger info
INFO: Closing driver instance 933711092
]]></system-err>
  </testcase>
  <testcase name="testIpBelongsToNetwork(String, String, boolean)[13]" classname="NetworkUtils IP CIDR Check Tests" time="0.228">
    <system-err><![CDATA[Nov 12, 2025 9:43:28 AM org.neo4j.driver.internal.logging.SystemLogger info
INFO: Driver instance 1333404258 created for server uri 'bolt://127.0.0.1:53498/'
Nov 12, 2025 9:43:28 AM org.neo4j.driver.internal.logging.SystemLogger info
INFO: Closing driver instance 1333404258
]]></system-err>
  </testcase>
  <testcase name="testIpBelongsToNetwork(String, String, boolean)[14]" classname="NetworkUtils IP CIDR Check Tests" time="0.233">
    <system-err><![CDATA[Nov 12, 2025 9:43:28 AM org.neo4j.driver.internal.logging.SystemLogger info
INFO: Driver instance 2146593577 created for server uri 'bolt://127.0.0.1:53498/'
Nov 12, 2025 9:43:28 AM org.neo4j.driver.internal.logging.SystemLogger info
INFO: Closing driver instance 2146593577
]]></system-err>
  </testcase>
  <testcase name="testIpBelongsToNetwork(String, String, boolean)[15]" classname="NetworkUtils IP CIDR Check Tests" time="0.239">
    <system-err><![CDATA[Nov 12, 2025 9:43:28 AM org.neo4j.driver.internal.logging.SystemLogger info
INFO: Driver instance 217257457 created for server uri 'bolt://127.0.0.1:53498/'
Nov 12, 2025 9:43:28 AM org.neo4j.driver.internal.logging.SystemLogger info
INFO: Closing driver instance 217257457
]]></system-err>
  </testcase>
  <testcase name="testNullIp" classname="NetworkUtils IP CIDR Check Tests" time="0.23">
    <failure message="&#10;Expecting code to raise a throwable." type="java.lang.AssertionError"><![CDATA[java.lang.AssertionError: 

Expecting code to raise a throwable.
	at example.NetworkUtilsTest.testNullIp(NetworkUtilsTest.java:148)
]]></failure>
    <system-err><![CDATA[Nov 12, 2025 9:43:28 AM org.neo4j.driver.internal.logging.SystemLogger info
INFO: Driver instance 1453158516 created for server uri 'bolt://127.0.0.1:53498/'
Nov 12, 2025 9:43:28 AM org.neo4j.driver.internal.logging.SystemLogger info
INFO: Closing driver instance 1453158516
]]></system-err>
  </testcase>
</testsuite>